2848
0.1 0.1 0.0000 0.2 0.1 0.4 0.4 
0.1 0.1 0.0000 0.2 0.1 0.4 0.4 
0.1 0.1 0.0000 0.2 0.1 0.4 0.4 
0.099 0.1 0.0000 0.2 0.1 0.4 0.4 
0.098 0.1 0.0000 0.2 0.1 0.4 0.4 
0.097 0.1 0.0000 0.2 0.1 0.4 0.4 
0.096 0.1 0.0000 0.2 0.1 0.4 0.4 
0.095 0.1 0.0000 0.2 0.1 0.4 0.4 
0.094 0.1 0.0000 0.2 0.1 0.4 0.4 
0.093 0.1 0.0000 0.2 0.1 0.4 0.4 
0.092 0.1 0.0000 0.2 0.1 0.4 0.4 
0.091 0.1 0.0000 0.2 0.1 0.4 0.4 
0.09 0.1 0.0000 0.2 0.1 0.4 0.4 
0.09 0.1 0.0000 0.2 0.1 0.4 0.4 
0.09 0.1 0.0017 0.2 0.1 0.4 0.4 
0.09 0.1 0.0035 0.2 0.1 0.4 0.4 
0.09 0.1 0.0052 0.2 0.1 0.4 0.4 
0.09 0.1 0.0070 0.2 0.1 0.4 0.4 
0.09 0.1 0.0087 0.2 0.1 0.4 0.4 
0.09 0.1 0.0105 0.2 0.1 0.4 0.4 
0.09 0.1 0.0122 0.2 0.1 0.4 0.4 
0.09 0.1 0.0140 0.2 0.1 0.4 0.4 
0.09 0.1 0.0157 0.2 0.1 0.4 0.4 
0.09 0.1 0.0175 0.2 0.1 0.4 0.4 
0.09 0.1 0.0192 0.2 0.1 0.4 0.4 
0.09 0.1 0.0209 0.2 0.1 0.4 0.4 
0.09 0.1 0.0227 0.2 0.1 0.4 0.4 
0.09 0.1 0.0244 0.2 0.1 0.4 0.4 
0.09 0.1 0.0262 0.2 0.1 0.4 0.4 
0.09 0.1 0.0279 0.2 0.1 0.4 0.4 
0.09 0.1 0.0297 0.2 0.1 0.4 0.4 
0.09 0.1 0.0314 0.2 0.1 0.4 0.4 
0.09 0.1 0.0332 0.2 0.1 0.4 0.4 
0.09 0.1 0.0349 0.2 0.1 0.4 0.4 
0.09 0.1 0.0367 0.2 0.1 0.4 0.4 
0.09 0.1 0.0384 0.2 0.1 0.4 0.4 
0.09 0.1 0.0401 0.2 0.1 0.4 0.4 
0.09 0.1 0.0419 0.2 0.1 0.4 0.4 
0.09 0.1 0.0436 0.2 0.1 0.4 0.4 
0.09 0.1 0.0454 0.2 0.1 0.4 0.4 
0.09 0.1 0.0471 0.2 0.1 0.4 0.4 
0.09 0.1 0.0489 0.2 0.1 0.4 0.4 
0.09 0.1 0.0506 0.2 0.1 0.4 0.4 
0.09 0.1 0.0524 0.2 0.1 0.4 0.4 
0.09 0.1 0.0541 0.2 0.1 0.4 0.4 
0.09 0.1 0.0559 0.2 0.1 0.4 0.4 
0.09 0.1 0.0576 0.2 0.1 0.4 0.4 
0.09 0.1 0.0593 0.2 0.1 0.4 0.4 
0.09 0.1 0.0611 0.2 0.1 0.4 0.4 
0.09 0.1 0.0628 0.2 0.1 0.4 0.4 
0.09 0.1 0.0646 0.2 0.1 0.4 0.4 
0.09 0.1 0.0663 0.2 0.1 0.4 0.4 
0.09 0.1 0.0681 0.2 0.1 0.4 0.4 
0.09 0.1 0.0698 0.2 0.1 0.4 0.4 
0.09 0.1 0.0716 0.2 0.1 0.4 0.4 
0.09 0.1 0.0733 0.2 0.1 0.4 0.4 
0.09 0.1 0.0750 0.2 0.1 0.4 0.4 
0.09 0.1 0.0768 0.2 0.1 0.4 0.4 
0.09 0.1 0.0785 0.2 0.1 0.4 0.4 
0.09 0.1 0.0803 0.2 0.1 0.4 0.4 
0.09 0.1 0.0820 0.2 0.1 0.4 0.4 
0.09 0.1 0.0838 0.2 0.1 0.4 0.4 
0.09 0.1 0.0855 0.2 0.1 0.4 0.4 
0.09 0.1 0.0873 0.2 0.1 0.4 0.4 
0.09 0.1 0.0890 0.2 0.1 0.4 0.4 
0.09 0.1 0.0908 0.2 0.1 0.4 0.4 
0.09 0.1 0.0925 0.2 0.1 0.4 0.4 
0.09 0.1 0.0942 0.2 0.1 0.4 0.4 
0.09 0.1 0.0960 0.2 0.1 0.4 0.4 
0.09 0.1 0.0977 0.2 0.1 0.4 0.4 
0.09 0.1 0.0995 0.2 0.1 0.4 0.4 
0.09 0.1 0.1012 0.2 0.1 0.4 0.4 
0.09 0.1 0.1030 0.2 0.1 0.4 0.4 
0.09 0.1 0.1047 0.2 0.1 0.4 0.4 
0.09 0.1 0.1065 0.2 0.1 0.4 0.4 
0.09 0.1 0.1082 0.2 0.1 0.4 0.4 
0.09 0.1 0.1100 0.2 0.1 0.4 0.4 
0.09 0.1 0.1117 0.2 0.1 0.4 0.4 
0.09 0.1 0.1134 0.2 0.1 0.4 0.4 
0.09 0.1 0.1152 0.2 0.1 0.4 0.4 
0.09 0.1 0.1169 0.2 0.1 0.4 0.4 
0.09 0.1 0.1187 0.2 0.1 0.4 0.4 
0.09 0.1 0.1204 0.2 0.1 0.4 0.4 
0.09 0.1 0.1222 0.2 0.1 0.4 0.4 
0.09 0.1 0.1239 0.2 0.1 0.4 0.4 
0.09 0.1 0.1257 0.2 0.1 0.4 0.4 
0.09 0.1 0.1274 0.2 0.1 0.4 0.4 
0.09 0.1 0.1292 0.2 0.1 0.4 0.4 
0.09 0.1 0.1309 0.2 0.1 0.4 0.4 
0.09 0.1 0.1326 0.2 0.1 0.4 0.4 
0.09 0.1 0.1344 0.2 0.1 0.4 0.4 
0.09 0.1 0.1361 0.2 0.1 0.4 0.4 
0.09 0.1 0.1379 0.2 0.1 0.4 0.4 
0.09 0.1 0.1396 0.2 0.1 0.4 0.4 
0.09 0.1 0.1414 0.2 0.1 0.4 0.4 
0.09 0.1 0.1431 0.2 0.1 0.4 0.4 
0.09 0.1 0.1449 0.2 0.1 0.4 0.4 
0.09 0.1 0.1466 0.2 0.1 0.4 0.4 
0.09 0.1 0.1484 0.2 0.1 0.4 0.4 
0.09 0.1 0.1501 0.2 0.1 0.4 0.4 
0.09 0.1 0.1518 0.2 0.1 0.4 0.4 
0.09 0.1 0.1536 0.2 0.1 0.4 0.4 
0.09 0.1 0.1553 0.2 0.1 0.4 0.4 
0.09 0.1 0.1571 0.2 0.1 0.4 0.4 
0.09 0.1 0.1588 0.2 0.1 0.4 0.4 
0.09 0.1 0.1606 0.2 0.1 0.4 0.4 
0.09 0.1 0.1623 0.2 0.1 0.4 0.4 
0.09 0.1 0.1641 0.2 0.1 0.4 0.4 
0.09 0.1 0.1658 0.2 0.1 0.4 0.4 
0.09 0.1 0.1676 0.2 0.1 0.4 0.4 
0.09 0.1 0.1693 0.2 0.1 0.4 0.4 
0.09 0.1 0.1710 0.2 0.1 0.4 0.4 
0.09 0.1 0.1728 0.2 0.1 0.4 0.4 
0.09 0.1 0.1745 0.2 0.1 0.4 0.4 
0.09 0.1 0.1763 0.2 0.1 0.4 0.4 
0.09 0.1 0.1780 0.2 0.1 0.4 0.4 
0.09 0.1 0.1798 0.2 0.1 0.4 0.4 
0.09 0.1 0.1815 0.2 0.1 0.4 0.4 
0.09 0.1 0.1833 0.2 0.1 0.4 0.4 
0.09 0.1 0.1850 0.2 0.1 0.4 0.4 
0.09 0.1 0.1868 0.2 0.1 0.4 0.4 
0.09 0.1 0.1885 0.2 0.1 0.4 0.4 
0.09 0.1 0.1902 0.2 0.1 0.4 0.4 
0.09 0.1 0.1920 0.2 0.1 0.4 0.4 
0.09 0.1 0.1937 0.2 0.1 0.4 0.4 
0.09 0.1 0.1955 0.2 0.1 0.4 0.4 
0.09 0.1 0.1972 0.2 0.1 0.4 0.4 
0.09 0.1 0.1990 0.2 0.1 0.4 0.4 
0.09 0.1 0.2007 0.2 0.1 0.4 0.4 
0.09 0.1 0.2025 0.2 0.1 0.4 0.4 
0.09 0.1 0.2042 0.2 0.1 0.4 0.4 
0.09 0.1 0.2059 0.2 0.1 0.4 0.4 
0.09 0.1 0.2077 0.2 0.1 0.4 0.4 
0.09 0.1 0.2094 0.2 0.1 0.4 0.4 
0.09 0.1 0.2112 0.2 0.1 0.4 0.4 
0.09 0.1 0.2129 0.2 0.1 0.4 0.4 
0.09 0.1 0.2147 0.2 0.1 0.4 0.4 
0.09 0.1 0.2164 0.2 0.1 0.4 0.4 
0.09 0.1 0.2182 0.2 0.1 0.4 0.4 
0.09 0.1 0.2199 0.2 0.1 0.4 0.4 
0.09 0.1 0.2217 0.2 0.1 0.4 0.4 
0.09 0.1 0.2234 0.2 0.1 0.4 0.4 
0.09 0.1 0.2251 0.2 0.1 0.4 0.4 
0.09 0.1 0.2269 0.2 0.1 0.4 0.4 
0.09 0.1 0.2286 0.2 0.1 0.4 0.4 
0.09 0.1 0.2304 0.2 0.1 0.4 0.4 
0.09 0.1 0.2321 0.2 0.1 0.4 0.4 
0.09 0.1 0.2339 0.2 0.1 0.4 0.4 
0.09 0.1 0.2356 0.2 0.1 0.4 0.4 
0.09 0.1 0.2374 0.2 0.1 0.4 0.4 
0.09 0.1 0.2391 0.2 0.1 0.4 0.4 
0.09 0.1 0.2409 0.2 0.1 0.4 0.4 
0.09 0.1 0.2426 0.2 0.1 0.4 0.4 
0.09 0.1 0.2443 0.2 0.1 0.4 0.4 
0.09 0.1 0.2461 0.2 0.1 0.4 0.4 
0.09 0.1 0.2478 0.2 0.1 0.4 0.4 
0.09 0.1 0.2496 0.2 0.1 0.4 0.4 
0.09 0.1 0.2513 0.2 0.1 0.4 0.4 
0.09 0.1 0.2531 0.2 0.1 0.4 0.4 
0.09 0.1 0.2548 0.2 0.1 0.4 0.4 
0.09 0.1 0.2566 0.2 0.1 0.4 0.4 
0.09 0.1 0.2583 0.2 0.1 0.4 0.4 
0.09 0.1 0.2601 0.2 0.1 0.4 0.4 
0.09 0.1 0.2618 0.2 0.1 0.4 0.4 
0.09 0.1 0.2635 0.2 0.1 0.4 0.4 
0.09 0.1 0.2653 0.2 0.1 0.4 0.4 
0.09 0.1 0.2670 0.2 0.1 0.4 0.4 
0.09 0.1 0.2688 0.2 0.1 0.4 0.4 
0.09 0.1 0.2705 0.2 0.1 0.4 0.4 
0.09 0.1 0.2723 0.2 0.1 0.4 0.4 
0.09 0.1 0.2740 0.2 0.1 0.4 0.4 
0.09 0.1 0.2758 0.2 0.1 0.4 0.4 
0.09 0.1 0.2775 0.2 0.1 0.4 0.4 
0.09 0.1 0.2793 0.2 0.1 0.4 0.4 
0.09 0.1 0.2810 0.2 0.1 0.4 0.4 
0.09 0.1 0.2827 0.2 0.1 0.4 0.4 
0.09 0.1 0.2845 0.2 0.1 0.4 0.4 
0.09 0.1 0.2862 0.2 0.1 0.4 0.4 
0.09 0.1 0.2880 0.2 0.1 0.4 0.4 
0.09 0.1 0.2897 0.2 0.1 0.4 0.4 
0.09 0.1 0.2915 0.2 0.1 0.4 0.4 
0.09 0.1 0.2932 0.2 0.1 0.4 0.4 
0.09 0.1 0.2950 0.2 0.1 0.4 0.4 
0.09 0.1 0.2967 0.2 0.1 0.4 0.4 
0.09 0.1 0.2985 0.2 0.1 0.4 0.4 
0.09 0.1 0.3002 0.2 0.1 0.4 0.4 
0.09 0.1 0.3019 0.2 0.1 0.4 0.4 
0.09 0.1 0.3037 0.2 0.1 0.4 0.4 
0.09 0.1 0.3054 0.2 0.1 0.4 0.4 
0.09 0.1 0.3072 0.2 0.1 0.4 0.4 
0.09 0.1 0.3089 0.2 0.1 0.4 0.4 
0.09 0.1 0.3107 0.2 0.1 0.4 0.4 
0.09 0.1 0.3124 0.2 0.1 0.4 0.4 
0.09 0.1 0.3142 0.2 0.1 0.4 0.4 
0.09 0.1 0.3159 0.2 0.1 0.4 0.4 
0.09 0.1 0.3176 0.2 0.1 0.4 0.4 
0.09 0.1 0.3194 0.2 0.1 0.4 0.4 
0.09 0.1 0.3211 0.2 0.1 0.4 0.4 
0.09 0.1 0.3229 0.2 0.1 0.4 0.4 
0.09 0.1 0.3246 0.2 0.1 0.4 0.4 
0.09 0.1 0.3264 0.2 0.1 0.4 0.4 
0.09 0.1 0.3281 0.2 0.1 0.4 0.4 
0.09 0.1 0.3299 0.2 0.1 0.4 0.4 
0.09 0.1 0.3316 0.2 0.1 0.4 0.4 
0.09 0.1 0.3334 0.2 0.1 0.4 0.4 
0.09 0.1 0.3351 0.2 0.1 0.4 0.4 
0.09 0.1 0.3368 0.2 0.1 0.4 0.4 
0.09 0.1 0.3386 0.2 0.1 0.4 0.4 
0.09 0.1 0.3403 0.2 0.1 0.4 0.4 
0.09 0.1 0.3421 0.2 0.1 0.4 0.4 
0.09 0.1 0.3438 0.2 0.1 0.4 0.4 
0.09 0.1 0.3456 0.2 0.1 0.4 0.4 
0.09 0.1 0.3473 0.2 0.1 0.4 0.4 
0.09 0.1 0.3491 0.2 0.1 0.4 0.4 
0.09 0.1 0.3508 0.2 0.1 0.4 0.4 
0.09 0.1 0.3526 0.2 0.1 0.4 0.4 
0.09 0.1 0.3543 0.2 0.1 0.4 0.4 
0.09 0.1 0.3560 0.2 0.1 0.4 0.4 
0.09 0.1 0.3578 0.2 0.1 0.4 0.4 
0.09 0.1 0.3595 0.2 0.1 0.4 0.4 
0.09 0.1 0.3613 0.2 0.1 0.4 0.4 
0.09 0.1 0.3630 0.2 0.1 0.4 0.4 
0.09 0.1 0.3648 0.2 0.1 0.4 0.4 
0.09 0.1 0.3665 0.2 0.1 0.4 0.4 
0.09 0.1 0.3683 0.2 0.1 0.4 0.4 
0.09 0.1 0.3700 0.2 0.1 0.4 0.4 
0.09 0.1 0.3718 0.2 0.1 0.4 0.4 
0.09 0.1 0.3735 0.2 0.1 0.4 0.4 
0.09 0.1 0.3752 0.2 0.1 0.4 0.4 
0.09 0.1 0.3770 0.2 0.1 0.4 0.4 
0.09 0.1 0.3787 0.2 0.1 0.4 0.4 
0.09 0.1 0.3805 0.2 0.1 0.4 0.4 
0.09 0.1 0.3822 0.2 0.1 0.4 0.4 
0.09 0.1 0.3840 0.2 0.1 0.4 0.4 
0.09 0.1 0.3857 0.2 0.1 0.4 0.4 
0.09 0.1 0.3875 0.2 0.1 0.4 0.4 
0.09 0.1 0.3892 0.2 0.1 0.4 0.4 
0.09 0.1 0.3910 0.2 0.1 0.4 0.4 
0.09 0.1 0.3927 0.2 0.1 0.4 0.4 
0.09 0.1 0.3944 0.2 0.1 0.4 0.4 
0.09 0.1 0.3962 0.2 0.1 0.4 0.4 
0.09 0.1 0.3979 0.2 0.1 0.4 0.4 
0.09 0.1 0.3997 0.2 0.1 0.4 0.4 
0.09 0.1 0.4014 0.2 0.1 0.4 0.4 
0.09 0.1 0.4032 0.2 0.1 0.4 0.4 
0.09 0.1 0.4049 0.2 0.1 0.4 0.4 
0.09 0.1 0.4067 0.2 0.1 0.4 0.4 
0.09 0.1 0.4084 0.2 0.1 0.4 0.4 
0.09 0.1 0.4102 0.2 0.1 0.4 0.4 
0.09 0.1 0.4119 0.2 0.1 0.4 0.4 
0.09 0.1 0.4136 0.2 0.1 0.4 0.4 
0.09 0.1 0.4154 0.2 0.1 0.4 0.4 
0.09 0.1 0.4171 0.2 0.1 0.4 0.4 
0.09 0.1 0.4189 0.2 0.1 0.4 0.4 
0.09 0.1 0.4206 0.2 0.1 0.4 0.4 
0.09 0.1 0.4224 0.2 0.1 0.4 0.4 
0.09 0.1 0.4241 0.2 0.1 0.4 0.4 
0.09 0.1 0.4259 0.2 0.1 0.4 0.4 
0.09 0.1 0.4276 0.2 0.1 0.4 0.4 
0.09 0.1 0.4294 0.2 0.1 0.4 0.4 
0.09 0.1 0.4311 0.2 0.1 0.4 0.4 
0.09 0.1 0.4328 0.2 0.1 0.4 0.4 
0.09 0.1 0.4346 0.2 0.1 0.4 0.4 
0.09 0.1 0.4363 0.2 0.1 0.4 0.4 
0.09 0.1 0.4381 0.2 0.1 0.4 0.4 
0.09 0.1 0.4398 0.2 0.1 0.4 0.4 
0.09 0.1 0.4416 0.2 0.1 0.4 0.4 
0.09 0.1 0.4433 0.2 0.1 0.4 0.4 
0.09 0.1 0.4451 0.2 0.1 0.4 0.4 
0.09 0.1 0.4468 0.2 0.1 0.4 0.4 
0.09 0.1 0.4485 0.2 0.1 0.4 0.4 
0.09 0.1 0.4503 0.2 0.1 0.4 0.4 
0.09 0.1 0.4520 0.2 0.1 0.4 0.4 
0.09 0.1 0.4538 0.2 0.1 0.4 0.4 
0.09 0.1 0.4555 0.2 0.1 0.4 0.4 
0.09 0.1 0.4573 0.2 0.1 0.4 0.4 
0.09 0.1 0.4590 0.2 0.1 0.4 0.4 
0.09 0.1 0.4608 0.2 0.1 0.4 0.4 
0.09 0.1 0.4625 0.2 0.1 0.4 0.4 
0.09 0.1 0.4643 0.2 0.1 0.4 0.4 
0.09 0.1 0.4660 0.2 0.1 0.4 0.4 
0.09 0.1 0.4677 0.2 0.1 0.4 0.4 
0.09 0.1 0.4695 0.2 0.1 0.4 0.4 
0.09 0.1 0.4712 0.2 0.1 0.4 0.4 
0.09 0.1 0.4730 0.2 0.1 0.4 0.4 
0.09 0.1 0.4747 0.2 0.1 0.4 0.4 
0.09 0.1 0.4765 0.2 0.1 0.4 0.4 
0.09 0.1 0.4782 0.2 0.1 0.4 0.4 
0.09 0.1 0.4800 0.2 0.1 0.4 0.4 
0.09 0.1 0.4817 0.2 0.1 0.4 0.4 
0.09 0.1 0.4835 0.2 0.1 0.4 0.4 
0.09 0.1 0.4852 0.2 0.1 0.4 0.4 
0.09 0.1 0.4869 0.2 0.1 0.4 0.4 
0.09 0.1 0.4887 0.2 0.1 0.4 0.4 
0.09 0.1 0.4904 0.2 0.1 0.4 0.4 
0.09 0.1 0.4922 0.2 0.1 0.4 0.4 
0.09 0.1 0.4939 0.2 0.1 0.4 0.4 
0.09 0.1 0.4957 0.2 0.1 0.4 0.4 
0.09 0.1 0.4974 0.2 0.1 0.4 0.4 
0.09 0.1 0.4992 0.2 0.1 0.4 0.4 
0.09 0.1 0.5009 0.2 0.1 0.4 0.4 
0.09 0.1 0.5027 0.2 0.1 0.4 0.4 
0.09 0.1 0.5044 0.2 0.1 0.4 0.4 
0.09 0.1 0.5061 0.2 0.1 0.4 0.4 
0.09 0.1 0.5079 0.2 0.1 0.4 0.4 
0.09 0.1 0.5096 0.2 0.1 0.4 0.4 
0.09 0.1 0.5114 0.2 0.1 0.4 0.4 
0.09 0.1 0.5131 0.2 0.1 0.4 0.4 
0.09 0.1 0.5149 0.2 0.1 0.4 0.4 
0.09 0.1 0.5166 0.2 0.1 0.4 0.4 
0.09 0.1 0.5184 0.2 0.1 0.4 0.4 
0.09 0.1 0.5201 0.2 0.1 0.4 0.4 
0.09 0.1 0.5219 0.2 0.1 0.4 0.4 
0.09 0.1 0.5236 0.2 0.1 0.4 0.4 
0.09 0.1 0.5253 0.2 0.1 0.4 0.4 
0.09 0.1 0.5271 0.2 0.1 0.4 0.4 
0.09 0.1 0.5288 0.2 0.1 0.4 0.4 
0.09 0.1 0.5306 0.2 0.1 0.4 0.4 
0.09 0.1 0.5323 0.2 0.1 0.4 0.4 
0.09 0.1 0.5341 0.2 0.1 0.4 0.4 
0.09 0.1 0.5358 0.2 0.1 0.4 0.4 
0.09 0.1 0.5376 0.2 0.1 0.4 0.4 
0.09 0.1 0.5393 0.2 0.1 0.4 0.4 
0.09 0.1 0.5411 0.2 0.1 0.4 0.4 
0.09 0.1 0.5428 0.2 0.1 0.4 0.4 
0.09 0.1 0.5445 0.2 0.1 0.4 0.4 
0.09 0.1 0.5463 0.2 0.1 0.4 0.4 
0.09 0.1 0.5480 0.2 0.1 0.4 0.4 
0.09 0.1 0.5498 0.2 0.1 0.4 0.4 
0.09 0.1 0.5515 0.2 0.1 0.4 0.4 
0.09 0.1 0.5533 0.2 0.1 0.4 0.4 
0.09 0.1 0.5550 0.2 0.1 0.4 0.4 
0.09 0.1 0.5568 0.2 0.1 0.4 0.4 
0.09 0.1 0.5585 0.2 0.1 0.4 0.4 
0.09 0.1 0.5603 0.2 0.1 0.4 0.4 
0.09 0.1 0.5620 0.2 0.1 0.4 0.4 
0.09 0.1 0.5637 0.2 0.1 0.4 0.4 
0.09 0.1 0.5655 0.2 0.1 0.4 0.4 
0.09 0.1 0.5672 0.2 0.1 0.4 0.4 
0.09 0.1 0.5690 0.2 0.1 0.4 0.4 
0.09 0.1 0.5707 0.2 0.1 0.4 0.4 
0.09 0.1 0.5725 0.2 0.1 0.4 0.4 
0.09 0.1 0.5742 0.2 0.1 0.4 0.4 
0.09 0.1 0.5760 0.2 0.1 0.4 0.4 
0.09 0.1 0.5777 0.2 0.1 0.4 0.4 
0.09 0.1 0.5794 0.2 0.1 0.4 0.4 
0.09 0.1 0.5812 0.2 0.1 0.4 0.4 
0.09 0.1 0.5829 0.2 0.1 0.4 0.4 
0.09 0.1 0.5847 0.2 0.1 0.4 0.4 
0.09 0.1 0.5864 0.2 0.1 0.4 0.4 
0.09 0.1 0.5882 0.2 0.1 0.4 0.4 
0.09 0.1 0.5899 0.2 0.1 0.4 0.4 
0.09 0.1 0.5917 0.2 0.1 0.4 0.4 
0.09 0.1 0.5934 0.2 0.1 0.4 0.4 
0.09 0.1 0.5952 0.2 0.1 0.4 0.4 
0.09 0.1 0.5969 0.2 0.1 0.4 0.4 
0.09 0.1 0.5986 0.2 0.1 0.4 0.4 
0.09 0.1 0.6004 0.2 0.1 0.4 0.4 
0.09 0.1 0.6021 0.2 0.1 0.4 0.4 
0.09 0.1 0.6039 0.2 0.1 0.4 0.4 
0.09 0.1 0.6056 0.2 0.1 0.4 0.4 
0.09 0.1 0.6074 0.2 0.1 0.4 0.4 
0.09 0.1 0.6091 0.2 0.1 0.4 0.4 
0.09 0.1 0.6109 0.2 0.1 0.4 0.4 
0.09 0.1 0.6126 0.2 0.1 0.4 0.4 
0.09 0.1 0.6144 0.2 0.1 0.4 0.4 
0.09 0.1 0.6161 0.2 0.1 0.4 0.4 
0.09 0.1 0.6178 0.2 0.1 0.4 0.4 
0.09 0.1 0.6196 0.2 0.1 0.4 0.4 
0.09 0.1 0.6213 0.2 0.1 0.4 0.4 
0.09 0.1 0.6231 0.2 0.1 0.4 0.4 
0.09 0.1 0.6248 0.2 0.1 0.4 0.4 
0.09 0.1 0.6266 0.2 0.1 0.4 0.4 
0.09 0.1 0.6283 0.2 0.1 0.4 0.4 
0.09 0.1 0.6301 0.2 0.1 0.4 0.4 
0.09 0.1 0.6318 0.2 0.1 0.4 0.4 
0.09 0.1 0.6336 0.2 0.1 0.4 0.4 
0.09 0.1 0.6353 0.2 0.1 0.4 0.4 
0.09 0.1 0.6370 0.2 0.1 0.4 0.4 
0.09 0.1 0.6388 0.2 0.1 0.4 0.4 
0.09 0.1 0.6405 0.2 0.1 0.4 0.4 
0.09 0.1 0.6423 0.2 0.1 0.4 0.4 
0.09 0.1 0.6440 0.2 0.1 0.4 0.4 
0.09 0.1 0.6458 0.2 0.1 0.4 0.4 
0.09 0.1 0.6475 0.2 0.1 0.4 0.4 
0.09 0.1 0.6493 0.2 0.1 0.4 0.4 
0.09 0.1 0.6510 0.2 0.1 0.4 0.4 
0.09 0.1 0.6528 0.2 0.1 0.4 0.4 
0.09 0.1 0.6545 0.2 0.1 0.4 0.4 
0.09 0.1 0.6562 0.2 0.1 0.4 0.4 
0.09 0.1 0.6580 0.2 0.1 0.4 0.4 
0.09 0.1 0.6597 0.2 0.1 0.4 0.4 
0.09 0.1 0.6615 0.2 0.1 0.4 0.4 
0.09 0.1 0.6632 0.2 0.1 0.4 0.4 
0.09 0.1 0.6650 0.2 0.1 0.4 0.4 
0.09 0.1 0.6667 0.2 0.1 0.4 0.4 
0.09 0.1 0.6685 0.2 0.1 0.4 0.4 
0.09 0.1 0.6702 0.2 0.1 0.4 0.4 
0.09 0.1 0.6720 0.2 0.1 0.4 0.4 
0.09 0.1 0.6737 0.2 0.1 0.4 0.4 
0.09 0.1 0.6754 0.2 0.1 0.4 0.4 
0.09 0.1 0.6772 0.2 0.1 0.4 0.4 
0.09 0.1 0.6789 0.2 0.1 0.4 0.4 
0.09 0.1 0.6807 0.2 0.1 0.4 0.4 
0.09 0.1 0.6824 0.2 0.1 0.4 0.4 
0.09 0.1 0.6842 0.2 0.1 0.4 0.4 
0.09 0.1 0.6859 0.2 0.1 0.4 0.4 
0.09 0.1 0.6877 0.2 0.1 0.4 0.4 
0.09 0.1 0.6894 0.2 0.1 0.4 0.4 
0.09 0.1 0.6912 0.2 0.1 0.4 0.4 
0.09 0.1 0.6929 0.2 0.1 0.4 0.4 
0.09 0.1 0.6946 0.2 0.1 0.4 0.4 
0.09 0.1 0.6964 0.2 0.1 0.4 0.4 
0.09 0.1 0.6981 0.2 0.1 0.4 0.4 
0.09 0.1 0.6999 0.2 0.1 0.4 0.4 
0.09 0.1 0.7016 0.2 0.1 0.4 0.4 
0.09 0.1 0.7034 0.2 0.1 0.4 0.4 
0.09 0.1 0.7051 0.2 0.1 0.4 0.4 
0.09 0.1 0.7069 0.2 0.1 0.4 0.4 
0.09 0.1 0.7086 0.2 0.1 0.4 0.4 
0.09 0.1 0.7103 0.2 0.1 0.4 0.4 
0.09 0.1 0.7121 0.2 0.1 0.4 0.4 
0.09 0.1 0.7138 0.2 0.1 0.4 0.4 
0.09 0.1 0.7156 0.2 0.1 0.4 0.4 
0.09 0.1 0.7173 0.2 0.1 0.4 0.4 
0.09 0.1 0.7191 0.2 0.1 0.4 0.4 
0.09 0.1 0.7208 0.2 0.1 0.4 0.4 
0.09 0.1 0.7226 0.2 0.1 0.4 0.4 
0.09 0.1 0.7243 0.2 0.1 0.4 0.4 
0.09 0.1 0.7261 0.2 0.1 0.4 0.4 
0.09 0.1 0.7278 0.2 0.1 0.4 0.4 
0.09 0.1 0.7295 0.2 0.1 0.4 0.4 
0.09 0.1 0.7313 0.2 0.1 0.4 0.4 
0.09 0.1 0.7330 0.2 0.1 0.4 0.4 
0.09 0.1 0.7348 0.2 0.1 0.4 0.4 
0.09 0.1 0.7365 0.2 0.1 0.4 0.4 
0.09 0.1 0.7383 0.2 0.1 0.4 0.4 
0.09 0.1 0.7400 0.2 0.1 0.4 0.4 
0.09 0.1 0.7418 0.2 0.1 0.4 0.4 
0.09 0.1 0.7435 0.2 0.1 0.4 0.4 
0.09 0.1 0.7453 0.2 0.1 0.4 0.4 
0.09 0.1 0.7470 0.2 0.1 0.4 0.4 
0.09 0.1 0.7487 0.2 0.1 0.4 0.4 
0.09 0.1 0.7505 0.2 0.1 0.4 0.4 
0.09 0.1 0.7522 0.2 0.1 0.4 0.4 
0.09 0.1 0.7540 0.2 0.1 0.4 0.4 
0.09 0.1 0.7557 0.2 0.1 0.4 0.4 
0.09 0.1 0.7575 0.2 0.1 0.4 0.4 
0.09 0.1 0.7592 0.2 0.1 0.4 0.4 
0.09 0.1 0.7610 0.2 0.1 0.4 0.4 
0.09 0.1 0.7627 0.2 0.1 0.4 0.4 
0.09 0.1 0.7645 0.2 0.1 0.4 0.4 
0.09 0.1 0.7662 0.2 0.1 0.4 0.4 
0.09 0.1 0.7679 0.2 0.1 0.4 0.4 
0.09 0.1 0.7697 0.2 0.1 0.4 0.4 
0.09 0.1 0.7714 0.2 0.1 0.4 0.4 
0.09 0.1 0.7732 0.2 0.1 0.4 0.4 
0.09 0.1 0.7749 0.2 0.1 0.4 0.4 
0.09 0.1 0.7767 0.2 0.1 0.4 0.4 
0.09 0.1 0.7784 0.2 0.1 0.4 0.4 
0.09 0.1 0.7802 0.2 0.1 0.4 0.4 
0.09 0.1 0.7819 0.2 0.1 0.4 0.4 
0.09 0.1 0.7837 0.2 0.1 0.4 0.4 
0.09 0.1 0.7854 0.2 0.1 0.4 0.4 
0.09 0.1 0.7854 0.2 0.1 0.4 0.4 
0.09 0.1 0.7871 0.2 0.1 0.4 0.4 
0.09 0.1 0.7889 0.2 0.1 0.4 0.4 
0.09 0.1 0.7906 0.2 0.1 0.4 0.4 
0.09 0.1 0.7924 0.2 0.1 0.4 0.4 
0.09 0.1 0.7941 0.2 0.1 0.4 0.4 
0.09 0.1 0.7959 0.2 0.1 0.4 0.4 
0.09 0.1 0.7976 0.2 0.1 0.4 0.4 
0.09 0.1 0.7994 0.2 0.1 0.4 0.4 
0.09 0.1 0.8011 0.2 0.1 0.4 0.4 
0.09 0.1 0.8029 0.2 0.1 0.4 0.4 
0.09 0.1 0.8046 0.2 0.1 0.4 0.4 
0.09 0.1 0.8063 0.2 0.1 0.4 0.4 
0.09 0.1 0.8081 0.2 0.1 0.4 0.4 
0.09 0.1 0.8098 0.2 0.1 0.4 0.4 
0.09 0.1 0.8116 0.2 0.1 0.4 0.4 
0.09 0.1 0.8133 0.2 0.1 0.4 0.4 
0.09 0.1 0.8151 0.2 0.1 0.4 0.4 
0.09 0.1 0.8168 0.2 0.1 0.4 0.4 
0.09 0.1 0.8186 0.2 0.1 0.4 0.4 
0.09 0.1 0.8203 0.2 0.1 0.4 0.4 
0.09 0.1 0.8221 0.2 0.1 0.4 0.4 
0.09 0.1 0.8238 0.2 0.1 0.4 0.4 
0.09 0.1 0.8255 0.2 0.1 0.4 0.4 
0.09 0.1 0.8273 0.2 0.1 0.4 0.4 
0.09 0.1 0.8290 0.2 0.1 0.4 0.4 
0.09 0.1 0.8308 0.2 0.1 0.4 0.4 
0.09 0.1 0.8325 0.2 0.1 0.4 0.4 
0.09 0.1 0.8343 0.2 0.1 0.4 0.4 
0.09 0.1 0.8360 0.2 0.1 0.4 0.4 
0.09 0.1 0.8378 0.2 0.1 0.4 0.4 
0.09 0.1 0.8395 0.2 0.1 0.4 0.4 
0.09 0.1 0.8412 0.2 0.1 0.4 0.4 
0.09 0.1 0.8430 0.2 0.1 0.4 0.4 
0.09 0.1 0.8447 0.2 0.1 0.4 0.4 
0.09 0.1 0.8465 0.2 0.1 0.4 0.4 
0.09 0.1 0.8482 0.2 0.1 0.4 0.4 
0.09 0.1 0.8500 0.2 0.1 0.4 0.4 
0.09 0.1 0.8517 0.2 0.1 0.4 0.4 
0.09 0.1 0.8535 0.2 0.1 0.4 0.4 
0.09 0.1 0.8552 0.2 0.1 0.4 0.4 
0.09 0.1 0.8570 0.2 0.1 0.4 0.4 
0.09 0.1 0.8587 0.2 0.1 0.4 0.4 
0.09 0.1 0.8604 0.2 0.1 0.4 0.4 
0.09 0.1 0.8622 0.2 0.1 0.4 0.4 
0.09 0.1 0.8639 0.2 0.1 0.4 0.4 
0.09 0.1 0.8657 0.2 0.1 0.4 0.4 
0.09 0.1 0.8674 0.2 0.1 0.4 0.4 
0.09 0.1 0.8692 0.2 0.1 0.4 0.4 
0.09 0.1 0.8709 0.2 0.1 0.4 0.4 
0.09 0.1 0.8727 0.2 0.1 0.4 0.4 
0.09 0.1 0.8744 0.2 0.1 0.4 0.4 
0.09 0.1 0.8762 0.2 0.1 0.4 0.4 
0.09 0.1 0.8779 0.2 0.1 0.4 0.4 
0.09 0.1 0.8796 0.2 0.1 0.4 0.4 
0.09 0.1 0.8814 0.2 0.1 0.4 0.4 
0.09 0.1 0.8831 0.2 0.1 0.4 0.4 
0.09 0.1 0.8849 0.2 0.1 0.4 0.4 
0.09 0.1 0.8866 0.2 0.1 0.4 0.4 
0.09 0.1 0.8884 0.2 0.1 0.4 0.4 
0.09 0.1 0.8901 0.2 0.1 0.4 0.4 
0.09 0.1 0.8919 0.2 0.1 0.4 0.4 
0.09 0.1 0.8936 0.2 0.1 0.4 0.4 
0.09 0.1 0.8954 0.2 0.1 0.4 0.4 
0.09 0.1 0.8971 0.2 0.1 0.4 0.4 
0.09 0.1 0.8988 0.2 0.1 0.4 0.4 
0.09 0.1 0.9006 0.2 0.1 0.4 0.4 
0.09 0.1 0.9023 0.2 0.1 0.4 0.4 
0.09 0.1 0.9041 0.2 0.1 0.4 0.4 
0.09 0.1 0.9058 0.2 0.1 0.4 0.4 
0.09 0.1 0.9076 0.2 0.1 0.4 0.4 
0.09 0.1 0.9093 0.2 0.1 0.4 0.4 
0.09 0.1 0.9111 0.2 0.1 0.4 0.4 
0.09 0.1 0.9128 0.2 0.1 0.4 0.4 
0.09 0.1 0.9146 0.2 0.1 0.4 0.4 
0.09 0.1 0.9163 0.2 0.1 0.4 0.4 
0.09 0.1 0.9180 0.2 0.1 0.4 0.4 
0.09 0.1 0.9198 0.2 0.1 0.4 0.4 
0.09 0.1 0.9215 0.2 0.1 0.4 0.4 
0.09 0.1 0.9233 0.2 0.1 0.4 0.4 
0.09 0.1 0.9250 0.2 0.1 0.4 0.4 
0.09 0.1 0.9268 0.2 0.1 0.4 0.4 
0.09 0.1 0.9285 0.2 0.1 0.4 0.4 
0.09 0.1 0.9303 0.2 0.1 0.4 0.4 
0.09 0.1 0.9320 0.2 0.1 0.4 0.4 
0.09 0.1 0.9338 0.2 0.1 0.4 0.4 
0.09 0.1 0.9355 0.2 0.1 0.4 0.4 
0.09 0.1 0.9372 0.2 0.1 0.4 0.4 
0.09 0.1 0.9390 0.2 0.1 0.4 0.4 
0.09 0.1 0.9407 0.2 0.1 0.4 0.4 
0.09 0.1 0.9425 0.2 0.1 0.4 0.4 
0.09 0.1 0.9442 0.2 0.1 0.4 0.4 
0.09 0.1 0.9460 0.2 0.1 0.4 0.4 
0.09 0.1 0.9477 0.2 0.1 0.4 0.4 
0.09 0.1 0.9495 0.2 0.1 0.4 0.4 
0.09 0.1 0.9512 0.2 0.1 0.4 0.4 
0.09 0.1 0.9529 0.2 0.1 0.4 0.4 
0.09 0.1 0.9547 0.2 0.1 0.4 0.4 
0.09 0.1 0.9564 0.2 0.1 0.4 0.4 
0.09 0.1 0.9582 0.2 0.1 0.4 0.4 
0.09 0.1 0.9599 0.2 0.1 0.4 0.4 
0.09 0.1 0.9617 0.2 0.1 0.4 0.4 
0.09 0.1 0.9634 0.2 0.1 0.4 0.4 
0.09 0.1 0.9652 0.2 0.1 0.4 0.4 
0.09 0.1 0.9669 0.2 0.1 0.4 0.4 
0.09 0.1 0.9687 0.2 0.1 0.4 0.4 
0.09 0.1 0.9704 0.2 0.1 0.4 0.4 
0.09 0.1 0.9721 0.2 0.1 0.4 0.4 
0.09 0.1 0.9739 0.2 0.1 0.4 0.4 
0.09 0.1 0.9756 0.2 0.1 0.4 0.4 
0.09 0.1 0.9774 0.2 0.1 0.4 0.4 
0.09 0.1 0.9791 0.2 0.1 0.4 0.4 
0.09 0.1 0.9809 0.2 0.1 0.4 0.4 
0.09 0.1 0.9826 0.2 0.1 0.4 0.4 
0.09 0.1 0.9844 0.2 0.1 0.4 0.4 
0.09 0.1 0.9861 0.2 0.1 0.4 0.4 
0.09 0.1 0.9879 0.2 0.1 0.4 0.4 
0.09 0.1 0.9896 0.2 0.1 0.4 0.4 
0.09 0.1 0.9913 0.2 0.1 0.4 0.4 
0.09 0.1 0.9931 0.2 0.1 0.4 0.4 
0.09 0.1 0.9948 0.2 0.1 0.4 0.4 
0.09 0.1 0.9966 0.2 0.1 0.4 0.4 
0.09 0.1 0.9983 0.2 0.1 0.4 0.4 
0.09 0.1 1.0001 0.2 0.1 0.4 0.4 
0.09 0.1 1.0018 0.2 0.1 0.4 0.4 
0.09 0.1 1.0036 0.2 0.1 0.4 0.4 
0.09 0.1 1.0053 0.2 0.1 0.4 0.4 
0.09 0.1 1.0071 0.2 0.1 0.4 0.4 
0.09 0.1 1.0088 0.2 0.1 0.4 0.4 
0.09 0.1 1.0105 0.2 0.1 0.4 0.4 
0.09 0.1 1.0123 0.2 0.1 0.4 0.4 
0.09 0.1 1.0140 0.2 0.1 0.4 0.4 
0.09 0.1 1.0158 0.2 0.1 0.4 0.4 
0.09 0.1 1.0175 0.2 0.1 0.4 0.4 
0.09 0.1 1.0193 0.2 0.1 0.4 0.4 
0.09 0.1 1.0210 0.2 0.1 0.4 0.4 
0.09 0.1 1.0228 0.2 0.1 0.4 0.4 
0.09 0.1 1.0245 0.2 0.1 0.4 0.4 
0.09 0.1 1.0263 0.2 0.1 0.4 0.4 
0.09 0.1 1.0280 0.2 0.1 0.4 0.4 
0.09 0.1 1.0297 0.2 0.1 0.4 0.4 
0.09 0.1 1.0315 0.2 0.1 0.4 0.4 
0.09 0.1 1.0332 0.2 0.1 0.4 0.4 
0.09 0.1 1.0350 0.2 0.1 0.4 0.4 
0.09 0.1 1.0367 0.2 0.1 0.4 0.4 
0.09 0.1 1.0385 0.2 0.1 0.4 0.4 
0.09 0.1 1.0402 0.2 0.1 0.4 0.4 
0.09 0.1 1.0420 0.2 0.1 0.4 0.4 
0.09 0.1 1.0437 0.2 0.1 0.4 0.4 
0.09 0.1 1.0455 0.2 0.1 0.4 0.4 
0.09 0.1 1.0472 0.2 0.1 0.4 0.4 
0.09 0.1 1.0489 0.2 0.1 0.4 0.4 
0.09 0.1 1.0507 0.2 0.1 0.4 0.4 
0.09 0.1 1.0524 0.2 0.1 0.4 0.4 
0.09 0.1 1.0542 0.2 0.1 0.4 0.4 
0.09 0.1 1.0559 0.2 0.1 0.4 0.4 
0.09 0.1 1.0577 0.2 0.1 0.4 0.4 
0.09 0.1 1.0594 0.2 0.1 0.4 0.4 
0.09 0.1 1.0612 0.2 0.1 0.4 0.4 
0.09 0.1 1.0629 0.2 0.1 0.4 0.4 
0.09 0.1 1.0647 0.2 0.1 0.4 0.4 
0.09 0.1 1.0664 0.2 0.1 0.4 0.4 
0.09 0.1 1.0681 0.2 0.1 0.4 0.4 
0.09 0.1 1.0699 0.2 0.1 0.4 0.4 
0.09 0.1 1.0716 0.2 0.1 0.4 0.4 
0.09 0.1 1.0734 0.2 0.1 0.4 0.4 
0.09 0.1 1.0751 0.2 0.1 0.4 0.4 
0.09 0.1 1.0769 0.2 0.1 0.4 0.4 
0.09 0.1 1.0786 0.2 0.1 0.4 0.4 
0.09 0.1 1.0804 0.2 0.1 0.4 0.4 
0.09 0.1 1.0821 0.2 0.1 0.4 0.4 
0.09 0.1 1.0838 0.2 0.1 0.4 0.4 
0.09 0.1 1.0856 0.2 0.1 0.4 0.4 
0.09 0.1 1.0873 0.2 0.1 0.4 0.4 
0.09 0.1 1.0891 0.2 0.1 0.4 0.4 
0.09 0.1 1.0908 0.2 0.1 0.4 0.4 
0.09 0.1 1.0926 0.2 0.1 0.4 0.4 
0.09 0.1 1.0943 0.2 0.1 0.4 0.4 
0.09 0.1 1.0961 0.2 0.1 0.4 0.4 
0.09 0.1 1.0978 0.2 0.1 0.4 0.4 
0.09 0.1 1.0996 0.2 0.1 0.4 0.4 
0.09 0.1 1.1013 0.2 0.1 0.4 0.4 
0.09 0.1 1.1030 0.2 0.1 0.4 0.4 
0.09 0.1 1.1048 0.2 0.1 0.4 0.4 
0.09 0.1 1.1065 0.2 0.1 0.4 0.4 
0.09 0.1 1.1083 0.2 0.1 0.4 0.4 
0.09 0.1 1.1100 0.2 0.1 0.4 0.4 
0.09 0.1 1.1118 0.2 0.1 0.4 0.4 
0.09 0.1 1.1135 0.2 0.1 0.4 0.4 
0.09 0.1 1.1153 0.2 0.1 0.4 0.4 
0.09 0.1 1.1170 0.2 0.1 0.4 0.4 
0.09 0.1 1.1188 0.2 0.1 0.4 0.4 
0.09 0.1 1.1205 0.2 0.1 0.4 0.4 
0.09 0.1 1.1222 0.2 0.1 0.4 0.4 
0.09 0.1 1.1240 0.2 0.1 0.4 0.4 
0.09 0.1 1.1257 0.2 0.1 0.4 0.4 
0.09 0.1 1.1275 0.2 0.1 0.4 0.4 
0.09 0.1 1.1292 0.2 0.1 0.4 0.4 
0.09 0.1 1.1310 0.2 0.1 0.4 0.4 
0.09 0.1 1.1327 0.2 0.1 0.4 0.4 
0.09 0.1 1.1345 0.2 0.1 0.4 0.4 
0.09 0.1 1.1362 0.2 0.1 0.4 0.4 
0.09 0.1 1.1380 0.2 0.1 0.4 0.4 
0.09 0.1 1.1397 0.2 0.1 0.4 0.4 
0.09 0.1 1.1414 0.2 0.1 0.4 0.4 
0.09 0.1 1.1432 0.2 0.1 0.4 0.4 
0.09 0.1 1.1449 0.2 0.1 0.4 0.4 
0.09 0.1 1.1467 0.2 0.1 0.4 0.4 
0.09 0.1 1.1484 0.2 0.1 0.4 0.4 
0.09 0.1 1.1502 0.2 0.1 0.4 0.4 
0.09 0.1 1.1519 0.2 0.1 0.4 0.4 
0.09 0.1 1.1537 0.2 0.1 0.4 0.4 
0.09 0.1 1.1554 0.2 0.1 0.4 0.4 
0.09 0.1 1.1572 0.2 0.1 0.4 0.4 
0.09 0.1 1.1589 0.2 0.1 0.4 0.4 
0.09 0.1 1.1606 0.2 0.1 0.4 0.4 
0.09 0.1 1.1624 0.2 0.1 0.4 0.4 
0.09 0.1 1.1641 0.2 0.1 0.4 0.4 
0.09 0.1 1.1659 0.2 0.1 0.4 0.4 
0.09 0.1 1.1676 0.2 0.1 0.4 0.4 
0.09 0.1 1.1694 0.2 0.1 0.4 0.4 
0.09 0.1 1.1711 0.2 0.1 0.4 0.4 
0.09 0.1 1.1729 0.2 0.1 0.4 0.4 
0.09 0.1 1.1746 0.2 0.1 0.4 0.4 
0.09 0.1 1.1764 0.2 0.1 0.4 0.4 
0.09 0.1 1.1781 0.2 0.1 0.4 0.4 
0.09 0.1 1.1798 0.2 0.1 0.4 0.4 
0.09 0.1 1.1816 0.2 0.1 0.4 0.4 
0.09 0.1 1.1833 0.2 0.1 0.4 0.4 
0.09 0.1 1.1851 0.2 0.1 0.4 0.4 
0.09 0.1 1.1868 0.2 0.1 0.4 0.4 
0.09 0.1 1.1886 0.2 0.1 0.4 0.4 
0.09 0.1 1.1903 0.2 0.1 0.4 0.4 
0.09 0.1 1.1921 0.2 0.1 0.4 0.4 
0.09 0.1 1.1938 0.2 0.1 0.4 0.4 
0.09 0.1 1.1956 0.2 0.1 0.4 0.4 
0.09 0.1 1.1973 0.2 0.1 0.4 0.4 
0.09 0.1 1.1990 0.2 0.1 0.4 0.4 
0.09 0.1 1.2008 0.2 0.1 0.4 0.4 
0.09 0.1 1.2025 0.2 0.1 0.4 0.4 
0.09 0.1 1.2043 0.2 0.1 0.4 0.4 
0.09 0.1 1.2060 0.2 0.1 0.4 0.4 
0.09 0.1 1.2078 0.2 0.1 0.4 0.4 
0.09 0.1 1.2095 0.2 0.1 0.4 0.4 
0.09 0.1 1.2113 0.2 0.1 0.4 0.4 
0.09 0.1 1.2130 0.2 0.1 0.4 0.4 
0.09 0.1 1.2147 0.2 0.1 0.4 0.4 
0.09 0.1 1.2165 0.2 0.1 0.4 0.4 
0.09 0.1 1.2182 0.2 0.1 0.4 0.4 
0.09 0.1 1.2200 0.2 0.1 0.4 0.4 
0.09 0.1 1.2217 0.2 0.1 0.4 0.4 
0.09 0.1 1.2235 0.2 0.1 0.4 0.4 
0.09 0.1 1.2252 0.2 0.1 0.4 0.4 
0.09 0.1 1.2270 0.2 0.1 0.4 0.4 
0.09 0.1 1.2287 0.2 0.1 0.4 0.4 
0.09 0.1 1.2305 0.2 0.1 0.4 0.4 
0.09 0.1 1.2322 0.2 0.1 0.4 0.4 
0.09 0.1 1.2339 0.2 0.1 0.4 0.4 
0.09 0.1 1.2357 0.2 0.1 0.4 0.4 
0.09 0.1 1.2374 0.2 0.1 0.4 0.4 
0.09 0.1 1.2392 0.2 0.1 0.4 0.4 
0.09 0.1 1.2409 0.2 0.1 0.4 0.4 
0.09 0.1 1.2427 0.2 0.1 0.4 0.4 
0.09 0.1 1.2444 0.2 0.1 0.4 0.4 
0.09 0.1 1.2462 0.2 0.1 0.4 0.4 
0.09 0.1 1.2479 0.2 0.1 0.4 0.4 
0.09 0.1 1.2497 0.2 0.1 0.4 0.4 
0.09 0.1 1.2514 0.2 0.1 0.4 0.4 
0.09 0.1 1.2531 0.2 0.1 0.4 0.4 
0.09 0.1 1.2549 0.2 0.1 0.4 0.4 
0.09 0.1 1.2566 0.2 0.1 0.4 0.4 
0.09 0.1 1.2584 0.2 0.1 0.4 0.4 
0.09 0.1 1.2601 0.2 0.1 0.4 0.4 
0.09 0.1 1.2619 0.2 0.1 0.4 0.4 
0.09 0.1 1.2636 0.2 0.1 0.4 0.4 
0.09 0.1 1.2654 0.2 0.1 0.4 0.4 
0.09 0.1 1.2671 0.2 0.1 0.4 0.4 
0.09 0.1 1.2689 0.2 0.1 0.4 0.4 
0.09 0.1 1.2706 0.2 0.1 0.4 0.4 
0.09 0.1 1.2723 0.2 0.1 0.4 0.4 
0.09 0.1 1.2741 0.2 0.1 0.4 0.4 
0.09 0.1 1.2758 0.2 0.1 0.4 0.4 
0.09 0.1 1.2776 0.2 0.1 0.4 0.4 
0.09 0.1 1.2793 0.2 0.1 0.4 0.4 
0.09 0.1 1.2811 0.2 0.1 0.4 0.4 
0.09 0.1 1.2828 0.2 0.1 0.4 0.4 
0.09 0.1 1.2846 0.2 0.1 0.4 0.4 
0.09 0.1 1.2863 0.2 0.1 0.4 0.4 
0.09 0.1 1.2881 0.2 0.1 0.4 0.4 
0.09 0.1 1.2898 0.2 0.1 0.4 0.4 
0.09 0.1 1.2915 0.2 0.1 0.4 0.4 
0.09 0.1 1.2933 0.2 0.1 0.4 0.4 
0.09 0.1 1.2950 0.2 0.1 0.4 0.4 
0.09 0.1 1.2968 0.2 0.1 0.4 0.4 
0.09 0.1 1.2985 0.2 0.1 0.4 0.4 
0.09 0.1 1.3003 0.2 0.1 0.4 0.4 
0.09 0.1 1.3020 0.2 0.1 0.4 0.4 
0.09 0.1 1.3038 0.2 0.1 0.4 0.4 
0.09 0.1 1.3055 0.2 0.1 0.4 0.4 
0.09 0.1 1.3073 0.2 0.1 0.4 0.4 
0.09 0.1 1.3090 0.2 0.1 0.4 0.4 
0.09 0.1 1.3107 0.2 0.1 0.4 0.4 
0.09 0.1 1.3125 0.2 0.1 0.4 0.4 
0.09 0.1 1.3142 0.2 0.1 0.4 0.4 
0.09 0.1 1.3160 0.2 0.1 0.4 0.4 
0.09 0.1 1.3177 0.2 0.1 0.4 0.4 
0.09 0.1 1.3195 0.2 0.1 0.4 0.4 
0.09 0.1 1.3212 0.2 0.1 0.4 0.4 
0.09 0.1 1.3230 0.2 0.1 0.4 0.4 
0.09 0.1 1.3247 0.2 0.1 0.4 0.4 
0.09 0.1 1.3265 0.2 0.1 0.4 0.4 
0.09 0.1 1.3282 0.2 0.1 0.4 0.4 
0.09 0.1 1.3299 0.2 0.1 0.4 0.4 
0.09 0.1 1.3317 0.2 0.1 0.4 0.4 
0.09 0.1 1.3334 0.2 0.1 0.4 0.4 
0.09 0.1 1.3352 0.2 0.1 0.4 0.4 
0.09 0.1 1.3369 0.2 0.1 0.4 0.4 
0.09 0.1 1.3387 0.2 0.1 0.4 0.4 
0.09 0.1 1.3404 0.2 0.1 0.4 0.4 
0.09 0.1 1.3422 0.2 0.1 0.4 0.4 
0.09 0.1 1.3439 0.2 0.1 0.4 0.4 
0.09 0.1 1.3456 0.2 0.1 0.4 0.4 
0.09 0.1 1.3474 0.2 0.1 0.4 0.4 
0.09 0.1 1.3491 0.2 0.1 0.4 0.4 
0.09 0.1 1.3509 0.2 0.1 0.4 0.4 
0.09 0.1 1.3526 0.2 0.1 0.4 0.4 
0.09 0.1 1.3544 0.2 0.1 0.4 0.4 
0.09 0.1 1.3561 0.2 0.1 0.4 0.4 
0.09 0.1 1.3579 0.2 0.1 0.4 0.4 
0.09 0.1 1.3596 0.2 0.1 0.4 0.4 
0.09 0.1 1.3614 0.2 0.1 0.4 0.4 
0.09 0.1 1.3631 0.2 0.1 0.4 0.4 
0.09 0.1 1.3648 0.2 0.1 0.4 0.4 
0.09 0.1 1.3666 0.2 0.1 0.4 0.4 
0.09 0.1 1.3683 0.2 0.1 0.4 0.4 
0.09 0.1 1.3701 0.2 0.1 0.4 0.4 
0.09 0.1 1.3718 0.2 0.1 0.4 0.4 
0.09 0.1 1.3736 0.2 0.1 0.4 0.4 
0.09 0.1 1.3753 0.2 0.1 0.4 0.4 
0.09 0.1 1.3771 0.2 0.1 0.4 0.4 
0.09 0.1 1.3788 0.2 0.1 0.4 0.4 
0.09 0.1 1.3806 0.2 0.1 0.4 0.4 
0.09 0.1 1.3823 0.2 0.1 0.4 0.4 
0.09 0.1 1.3840 0.2 0.1 0.4 0.4 
0.09 0.1 1.3858 0.2 0.1 0.4 0.4 
0.09 0.1 1.3875 0.2 0.1 0.4 0.4 
0.09 0.1 1.3893 0.2 0.1 0.4 0.4 
0.09 0.1 1.3910 0.2 0.1 0.4 0.4 
0.09 0.1 1.3928 0.2 0.1 0.4 0.4 
0.09 0.1 1.3945 0.2 0.1 0.4 0.4 
0.09 0.1 1.3963 0.2 0.1 0.4 0.4 
0.09 0.1 1.3980 0.2 0.1 0.4 0.4 
0.09 0.1 1.3998 0.2 0.1 0.4 0.4 
0.09 0.1 1.4015 0.2 0.1 0.4 0.4 
0.09 0.1 1.4032 0.2 0.1 0.4 0.4 
0.09 0.1 1.4050 0.2 0.1 0.4 0.4 
0.09 0.1 1.4067 0.2 0.1 0.4 0.4 
0.09 0.1 1.4085 0.2 0.1 0.4 0.4 
0.09 0.1 1.4102 0.2 0.1 0.4 0.4 
0.09 0.1 1.4120 0.2 0.1 0.4 0.4 
0.09 0.1 1.4137 0.2 0.1 0.4 0.4 
0.09 0.1 1.4155 0.2 0.1 0.4 0.4 
0.09 0.1 1.4172 0.2 0.1 0.4 0.4 
0.09 0.1 1.4190 0.2 0.1 0.4 0.4 
0.09 0.1 1.4207 0.2 0.1 0.4 0.4 
0.09 0.1 1.4224 0.2 0.1 0.4 0.4 
0.09 0.1 1.4242 0.2 0.1 0.4 0.4 
0.09 0.1 1.4259 0.2 0.1 0.4 0.4 
0.09 0.1 1.4277 0.2 0.1 0.4 0.4 
0.09 0.1 1.4294 0.2 0.1 0.4 0.4 
0.09 0.1 1.4312 0.2 0.1 0.4 0.4 
0.09 0.1 1.4329 0.2 0.1 0.4 0.4 
0.09 0.1 1.4347 0.2 0.1 0.4 0.4 
0.09 0.1 1.4364 0.2 0.1 0.4 0.4 
0.09 0.1 1.4382 0.2 0.1 0.4 0.4 
0.09 0.1 1.4399 0.2 0.1 0.4 0.4 
0.09 0.1 1.4416 0.2 0.1 0.4 0.4 
0.09 0.1 1.4434 0.2 0.1 0.4 0.4 
0.09 0.1 1.4451 0.2 0.1 0.4 0.4 
0.09 0.1 1.4469 0.2 0.1 0.4 0.4 
0.09 0.1 1.4486 0.2 0.1 0.4 0.4 
0.09 0.1 1.4504 0.2 0.1 0.4 0.4 
0.09 0.1 1.4521 0.2 0.1 0.4 0.4 
0.09 0.1 1.4539 0.2 0.1 0.4 0.4 
0.09 0.1 1.4556 0.2 0.1 0.4 0.4 
0.09 0.1 1.4573 0.2 0.1 0.4 0.4 
0.09 0.1 1.4591 0.2 0.1 0.4 0.4 
0.09 0.1 1.4608 0.2 0.1 0.4 0.4 
0.09 0.1 1.4626 0.2 0.1 0.4 0.4 
0.09 0.1 1.4643 0.2 0.1 0.4 0.4 
0.09 0.1 1.4661 0.2 0.1 0.4 0.4 
0.09 0.1 1.4678 0.2 0.1 0.4 0.4 
0.09 0.1 1.4696 0.2 0.1 0.4 0.4 
0.09 0.1 1.4713 0.2 0.1 0.4 0.4 
0.09 0.1 1.4731 0.2 0.1 0.4 0.4 
0.09 0.1 1.4748 0.2 0.1 0.4 0.4 
0.09 0.1 1.4765 0.2 0.1 0.4 0.4 
0.09 0.1 1.4783 0.2 0.1 0.4 0.4 
0.09 0.1 1.4800 0.2 0.1 0.4 0.4 
0.09 0.1 1.4818 0.2 0.1 0.4 0.4 
0.09 0.1 1.4835 0.2 0.1 0.4 0.4 
0.09 0.1 1.4853 0.2 0.1 0.4 0.4 
0.09 0.1 1.4870 0.2 0.1 0.4 0.4 
0.09 0.1 1.4888 0.2 0.1 0.4 0.4 
0.09 0.1 1.4905 0.2 0.1 0.4 0.4 
0.09 0.1 1.4923 0.2 0.1 0.4 0.4 
0.09 0.1 1.4940 0.2 0.1 0.4 0.4 
0.09 0.1 1.4957 0.2 0.1 0.4 0.4 
0.09 0.1 1.4975 0.2 0.1 0.4 0.4 
0.09 0.1 1.4992 0.2 0.1 0.4 0.4 
0.09 0.1 1.5010 0.2 0.1 0.4 0.4 
0.09 0.1 1.5027 0.2 0.1 0.4 0.4 
0.09 0.1 1.5045 0.2 0.1 0.4 0.4 
0.09 0.1 1.5062 0.2 0.1 0.4 0.4 
0.09 0.1 1.5080 0.2 0.1 0.4 0.4 
0.09 0.1 1.5097 0.2 0.1 0.4 0.4 
0.09 0.1 1.5115 0.2 0.1 0.4 0.4 
0.09 0.1 1.5132 0.2 0.1 0.4 0.4 
0.09 0.1 1.5149 0.2 0.1 0.4 0.4 
0.09 0.1 1.5167 0.2 0.1 0.4 0.4 
0.09 0.1 1.5184 0.2 0.1 0.4 0.4 
0.09 0.1 1.5202 0.2 0.1 0.4 0.4 
0.09 0.1 1.5219 0.2 0.1 0.4 0.4 
0.09 0.1 1.5237 0.2 0.1 0.4 0.4 
0.09 0.1 1.5254 0.2 0.1 0.4 0.4 
0.09 0.1 1.5272 0.2 0.1 0.4 0.4 
0.09 0.1 1.5289 0.2 0.1 0.4 0.4 
0.09 0.1 1.5307 0.2 0.1 0.4 0.4 
0.09 0.1 1.5324 0.2 0.1 0.4 0.4 
0.09 0.1 1.5341 0.2 0.1 0.4 0.4 
0.09 0.1 1.5359 0.2 0.1 0.4 0.4 
0.09 0.1 1.5376 0.2 0.1 0.4 0.4 
0.09 0.1 1.5394 0.2 0.1 0.4 0.4 
0.09 0.1 1.5411 0.2 0.1 0.4 0.4 
0.09 0.1 1.5429 0.2 0.1 0.4 0.4 
0.09 0.1 1.5446 0.2 0.1 0.4 0.4 
0.09 0.1 1.5464 0.2 0.1 0.4 0.4 
0.09 0.1 1.5481 0.2 0.1 0.4 0.4 
0.09 0.1 1.5499 0.2 0.1 0.4 0.4 
0.09 0.1 1.5516 0.2 0.1 0.4 0.4 
0.09 0.1 1.5533 0.2 0.1 0.4 0.4 
0.09 0.1 1.5551 0.2 0.1 0.4 0.4 
0.09 0.1 1.5568 0.2 0.1 0.4 0.4 
0.09 0.1 1.5586 0.2 0.1 0.4 0.4 
0.09 0.1 1.5603 0.2 0.1 0.4 0.4 
0.09 0.1 1.5621 0.2 0.1 0.4 0.4 
0.09 0.1 1.5638 0.2 0.1 0.4 0.4 
0.09 0.1 1.5656 0.2 0.1 0.4 0.4 
0.09 0.1 1.5673 0.2 0.1 0.4 0.4 
0.09 0.1 1.5691 0.2 0.1 0.4 0.4 
0.09 0.1 1.5708 0.2 0.1 0.4 0.4 
0.09 0.1 1.5708 0.2 0.1 0.4 0.4 
0.09 0.101 1.5708 0.2 0.1 0.4 0.4 
0.09 0.102 1.5708 0.2 0.1 0.4 0.4 
0.09 0.103 1.5708 0.2 0.1 0.4 0.4 
0.09 0.104 1.5708 0.2 0.1 0.4 0.4 
0.09 0.105 1.5708 0.2 0.1 0.4 0.4 
0.09 0.106 1.5708 0.2 0.1 0.4 0.4 
0.09 0.107 1.5708 0.2 0.1 0.4 0.4 
0.09 0.108 1.5708 0.2 0.1 0.4 0.4 
0.09 0.109 1.5708 0.2 0.1 0.4 0.4 
0.09 0.11 1.5708 0.2 0.1 0.4 0.4 
0.09 0.11 1.5708 0.2 0.1 0.4 0.4 
0.09 0.111 1.5708 0.2 0.1 0.4 0.4 
0.09 0.112 1.5708 0.2 0.1 0.4 0.4 
0.09 0.113 1.5708 0.2 0.1 0.4 0.4 
0.09 0.114 1.5708 0.2 0.1 0.4 0.4 
0.09 0.115 1.5708 0.2 0.1 0.4 0.4 
0.09 0.116 1.5708 0.2 0.1 0.4 0.4 
0.09 0.117 1.5708 0.2 0.1 0.4 0.4 
0.09 0.118 1.5708 0.2 0.1 0.4 0.4 
0.09 0.119 1.5708 0.2 0.1 0.4 0.4 
0.09 0.12 1.5708 0.2 0.1 0.4 0.4 
0.09 0.12 1.5708 0.2 0.1 0.4 0.4 
0.09 0.121 1.5708 0.2 0.1 0.4 0.4 
0.09 0.122 1.5708 0.2 0.1 0.4 0.4 
0.09 0.123 1.5708 0.2 0.1 0.4 0.4 
0.09 0.124 1.5708 0.2 0.1 0.4 0.4 
0.09 0.125 1.5708 0.2 0.1 0.4 0.4 
0.09 0.126 1.5708 0.2 0.1 0.4 0.4 
0.09 0.127 1.5708 0.2 0.1 0.4 0.4 
0.09 0.128 1.5708 0.2 0.1 0.4 0.4 
0.09 0.129 1.5708 0.2 0.1 0.4 0.4 
0.09 0.13 1.5708 0.2 0.1 0.4 0.4 
0.09 0.13 1.5708 0.2 0.1 0.4 0.4 
0.09 0.131 1.5708 0.2 0.1 0.4 0.4 
0.09 0.132 1.5708 0.2 0.1 0.4 0.4 
0.09 0.133 1.5708 0.2 0.1 0.4 0.4 
0.09 0.134 1.5708 0.2 0.1 0.4 0.4 
0.09 0.135 1.5708 0.2 0.1 0.4 0.4 
0.09 0.136 1.5708 0.2 0.1 0.4 0.4 
0.09 0.137 1.5708 0.2 0.1 0.4 0.4 
0.09 0.138 1.5708 0.2 0.1 0.4 0.4 
0.09 0.139 1.5708 0.2 0.1 0.4 0.4 
0.09 0.14 1.5708 0.2 0.1 0.4 0.4 
0.09 0.14 1.5708 0.2 0.1 0.4 0.4 
0.09 0.141 1.5708 0.2 0.1 0.4 0.4 
0.09 0.142 1.5708 0.2 0.1 0.4 0.4 
0.09 0.143 1.5708 0.2 0.1 0.4 0.4 
0.09 0.144 1.5708 0.2 0.1 0.4 0.4 
0.09 0.145 1.5708 0.2 0.1 0.4 0.4 
0.09 0.146 1.5708 0.2 0.1 0.4 0.4 
0.09 0.147 1.5708 0.2 0.1 0.4 0.4 
0.09 0.148 1.5708 0.2 0.1 0.4 0.4 
0.09 0.149 1.5708 0.2 0.1 0.4 0.4 
0.09 0.15 1.5708 0.2 0.1 0.4 0.4 
0.09 0.15 1.5708 0.2 0.1 0.4 0.4 
0.09 0.151 1.5708 0.2 0.1 0.4 0.4 
0.09 0.152 1.5708 0.2 0.1 0.4 0.4 
0.09 0.153 1.5708 0.2 0.1 0.4 0.4 
0.09 0.154 1.5708 0.2 0.1 0.4 0.4 
0.09 0.155 1.5708 0.2 0.1 0.4 0.4 
0.09 0.156 1.5708 0.2 0.1 0.4 0.4 
0.09 0.157 1.5708 0.2 0.1 0.4 0.4 
0.09 0.158 1.5708 0.2 0.1 0.4 0.4 
0.09 0.159 1.5708 0.2 0.1 0.4 0.4 
0.09 0.16 1.5708 0.2 0.1 0.4 0.4 
0.09 0.16 1.5708 0.2 0.1 0.4 0.4 
0.09 0.161 1.5708 0.2 0.1 0.4 0.4 
0.09 0.162 1.5708 0.2 0.1 0.4 0.4 
0.09 0.163 1.5708 0.2 0.1 0.4 0.4 
0.09 0.164 1.5708 0.2 0.1 0.4 0.4 
0.09 0.165 1.5708 0.2 0.1 0.4 0.4 
0.09 0.166 1.5708 0.2 0.1 0.4 0.4 
0.09 0.167 1.5708 0.2 0.1 0.4 0.4 
0.09 0.168 1.5708 0.2 0.1 0.4 0.4 
0.09 0.169 1.5708 0.2 0.1 0.4 0.4 
0.09 0.17 1.5708 0.2 0.1 0.4 0.4 
0.09 0.17 1.5708 0.2 0.1 0.4 0.4 
0.09 0.171 1.5708 0.2 0.1 0.4 0.4 
0.09 0.172 1.5708 0.2 0.1 0.4 0.4 
0.09 0.173 1.5708 0.2 0.1 0.4 0.4 
0.09 0.174 1.5708 0.2 0.1 0.4 0.4 
0.09 0.175 1.5708 0.2 0.1 0.4 0.4 
0.09 0.176 1.5708 0.2 0.1 0.4 0.4 
0.09 0.177 1.5708 0.2 0.1 0.4 0.4 
0.09 0.178 1.5708 0.2 0.1 0.4 0.4 
0.09 0.179 1.5708 0.2 0.1 0.4 0.4 
0.09 0.18 1.5708 0.2 0.1 0.4 0.4 
0.09 0.18 1.5708 0.2 0.1 0.4 0.4 
0.091 0.18 1.5708 0.2 0.1 0.4 0.4 
0.092 0.18 1.5708 0.2 0.1 0.4 0.4 
0.093 0.18 1.5708 0.2 0.1 0.4 0.4 
0.094 0.18 1.5708 0.2 0.1 0.4 0.4 
0.095 0.18 1.5708 0.2 0.1 0.4 0.4 
0.096 0.18 1.5708 0.2 0.1 0.4 0.4 
0.097 0.18 1.5708 0.2 0.1 0.4 0.4 
0.098 0.18 1.5708 0.2 0.1 0.4 0.4 
0.099 0.18 1.5708 0.2 0.1 0.4 0.4 
0.1 0.18 1.5708 0.2 0.1 0.4 0.4 
0.1 0.18 1.5708 0.2 0.1 0.4 0.4 
0.101 0.18 1.5708 0.2 0.1 0.4 0.4 
0.102 0.18 1.5708 0.2 0.1 0.4 0.4 
0.103 0.18 1.5708 0.2 0.1 0.4 0.4 
0.104 0.18 1.5708 0.2 0.1 0.4 0.4 
0.105 0.18 1.5708 0.2 0.1 0.4 0.4 
0.106 0.18 1.5708 0.2 0.1 0.4 0.4 
0.107 0.18 1.5708 0.2 0.1 0.4 0.4 
0.108 0.18 1.5708 0.2 0.1 0.4 0.4 
0.109 0.18 1.5708 0.2 0.1 0.4 0.4 
0.11 0.18 1.5708 0.2 0.1 0.4 0.4 
0.11 0.18 1.5708 0.2 0.1 0.4 0.4 
0.111 0.18 1.5708 0.2 0.1 0.4 0.4 
0.112 0.18 1.5708 0.2 0.1 0.4 0.4 
0.113 0.18 1.5708 0.2 0.1 0.4 0.4 
0.114 0.18 1.5708 0.2 0.1 0.4 0.4 
0.115 0.18 1.5708 0.2 0.1 0.4 0.4 
0.116 0.18 1.5708 0.2 0.1 0.4 0.4 
0.117 0.18 1.5708 0.2 0.1 0.4 0.4 
0.118 0.18 1.5708 0.2 0.1 0.4 0.4 
0.119 0.18 1.5708 0.2 0.1 0.4 0.4 
0.12 0.18 1.5708 0.2 0.1 0.4 0.4 
0.12 0.18 1.5708 0.2 0.1 0.4 0.4 
0.12 0.181 1.5708 0.2 0.1 0.4 0.4 
0.12 0.182 1.5708 0.2 0.1 0.4 0.4 
0.12 0.183 1.5708 0.2 0.1 0.4 0.4 
0.12 0.184 1.5708 0.2 0.1 0.4 0.4 
0.12 0.185 1.5708 0.2 0.1 0.4 0.4 
0.12 0.186 1.5708 0.2 0.1 0.4 0.4 
0.12 0.187 1.5708 0.2 0.1 0.4 0.4 
0.12 0.188 1.5708 0.2 0.1 0.4 0.4 
0.12 0.189 1.5708 0.2 0.1 0.4 0.4 
0.12 0.19 1.5708 0.2 0.1 0.4 0.4 
0.12 0.19 1.5708 0.2 0.1 0.4 0.4 
0.121 0.19 1.5708 0.2 0.1 0.4 0.4 
0.122 0.19 1.5708 0.2 0.1 0.4 0.4 
0.123 0.19 1.5708 0.2 0.1 0.4 0.4 
0.124 0.19 1.5708 0.2 0.1 0.4 0.4 
0.125 0.19 1.5708 0.2 0.1 0.4 0.4 
0.126 0.19 1.5708 0.2 0.1 0.4 0.4 
0.127 0.19 1.5708 0.2 0.1 0.4 0.4 
0.128 0.19 1.5708 0.2 0.1 0.4 0.4 
0.129 0.19 1.5708 0.2 0.1 0.4 0.4 
0.13 0.19 1.5708 0.2 0.1 0.4 0.4 
0.13 0.19 1.5708 0.2 0.1 0.4 0.4 
0.131 0.19 1.5708 0.2 0.1 0.4 0.4 
0.132 0.19 1.5708 0.2 0.1 0.4 0.4 
0.133 0.19 1.5708 0.2 0.1 0.4 0.4 
0.134 0.19 1.5708 0.2 0.1 0.4 0.4 
0.135 0.19 1.5708 0.2 0.1 0.4 0.4 
0.136 0.19 1.5708 0.2 0.1 0.4 0.4 
0.137 0.19 1.5708 0.2 0.1 0.4 0.4 
0.138 0.19 1.5708 0.2 0.1 0.4 0.4 
0.139 0.19 1.5708 0.2 0.1 0.4 0.4 
0.14 0.19 1.5708 0.2 0.1 0.4 0.4 
0.14 0.19 1.5708 0.2 0.1 0.4 0.4 
0.14 0.191 1.5708 0.2 0.1 0.4 0.4 
0.14 0.192 1.5708 0.2 0.1 0.4 0.4 
0.14 0.193 1.5708 0.2 0.1 0.4 0.4 
0.14 0.194 1.5708 0.2 0.1 0.4 0.4 
0.14 0.195 1.5708 0.2 0.1 0.4 0.4 
0.14 0.196 1.5708 0.2 0.1 0.4 0.4 
0.14 0.197 1.5708 0.2 0.1 0.4 0.4 
0.14 0.198 1.5708 0.2 0.1 0.4 0.4 
0.14 0.199 1.5708 0.2 0.1 0.4 0.4 
0.14 0.2 1.5708 0.2 0.1 0.4 0.4 
0.14 0.2 1.5708 0.2 0.1 0.4 0.4 
0.14 0.201 1.5708 0.2 0.1 0.4 0.4 
0.14 0.202 1.5708 0.2 0.1 0.4 0.4 
0.14 0.203 1.5708 0.2 0.1 0.4 0.4 
0.14 0.204 1.5708 0.2 0.1 0.4 0.4 
0.14 0.205 1.5708 0.2 0.1 0.4 0.4 
0.14 0.206 1.5708 0.2 0.1 0.4 0.4 
0.14 0.207 1.5708 0.2 0.1 0.4 0.4 
0.14 0.208 1.5708 0.2 0.1 0.4 0.4 
0.14 0.209 1.5708 0.2 0.1 0.4 0.4 
0.14 0.21 1.5708 0.2 0.1 0.4 0.4 
0.14 0.21 1.5708 0.2 0.1 0.4 0.4 
0.141 0.21 1.5708 0.2 0.1 0.4 0.4 
0.142 0.21 1.5708 0.2 0.1 0.4 0.4 
0.143 0.21 1.5708 0.2 0.1 0.4 0.4 
0.144 0.21 1.5708 0.2 0.1 0.4 0.4 
0.145 0.21 1.5708 0.2 0.1 0.4 0.4 
0.146 0.21 1.5708 0.2 0.1 0.4 0.4 
0.147 0.21 1.5708 0.2 0.1 0.4 0.4 
0.148 0.21 1.5708 0.2 0.1 0.4 0.4 
0.149 0.21 1.5708 0.2 0.1 0.4 0.4 
0.15 0.21 1.5708 0.2 0.1 0.4 0.4 
0.15 0.21 1.5708 0.2 0.1 0.4 0.4 
0.151 0.21 1.5708 0.2 0.1 0.4 0.4 
0.152 0.21 1.5708 0.2 0.1 0.4 0.4 
0.153 0.21 1.5708 0.2 0.1 0.4 0.4 
0.154 0.21 1.5708 0.2 0.1 0.4 0.4 
0.155 0.21 1.5708 0.2 0.1 0.4 0.4 
0.156 0.21 1.5708 0.2 0.1 0.4 0.4 
0.157 0.21 1.5708 0.2 0.1 0.4 0.4 
0.158 0.21 1.5708 0.2 0.1 0.4 0.4 
0.159 0.21 1.5708 0.2 0.1 0.4 0.4 
0.16 0.21 1.5708 0.2 0.1 0.4 0.4 
0.16 0.21 1.5708 0.2 0.1 0.4 0.4 
0.161 0.21 1.5708 0.2 0.1 0.4 0.4 
0.162 0.21 1.5708 0.2 0.1 0.4 0.4 
0.163 0.21 1.5708 0.2 0.1 0.4 0.4 
0.164 0.21 1.5708 0.2 0.1 0.4 0.4 
0.165 0.21 1.5708 0.2 0.1 0.4 0.4 
0.166 0.21 1.5708 0.2 0.1 0.4 0.4 
0.167 0.21 1.5708 0.2 0.1 0.4 0.4 
0.168 0.21 1.5708 0.2 0.1 0.4 0.4 
0.169 0.21 1.5708 0.2 0.1 0.4 0.4 
0.17 0.21 1.5708 0.2 0.1 0.4 0.4 
0.17 0.21 1.5708 0.2 0.1 0.4 0.4 
0.171 0.21 1.5708 0.2 0.1 0.4 0.4 
0.172 0.21 1.5708 0.2 0.1 0.4 0.4 
0.173 0.21 1.5708 0.2 0.1 0.4 0.4 
0.174 0.21 1.5708 0.2 0.1 0.4 0.4 
0.175 0.21 1.5708 0.2 0.1 0.4 0.4 
0.176 0.21 1.5708 0.2 0.1 0.4 0.4 
0.177 0.21 1.5708 0.2 0.1 0.4 0.4 
0.178 0.21 1.5708 0.2 0.1 0.4 0.4 
0.179 0.21 1.5708 0.2 0.1 0.4 0.4 
0.18 0.21 1.5708 0.2 0.1 0.4 0.4 
0.18 0.21 1.5708 0.2 0.1 0.4 0.4 
0.181 0.21 1.5708 0.2 0.1 0.4 0.4 
0.182 0.21 1.5708 0.2 0.1 0.4 0.4 
0.183 0.21 1.5708 0.2 0.1 0.4 0.4 
0.184 0.21 1.5708 0.2 0.1 0.4 0.4 
0.185 0.21 1.5708 0.2 0.1 0.4 0.4 
0.186 0.21 1.5708 0.2 0.1 0.4 0.4 
0.187 0.21 1.5708 0.2 0.1 0.4 0.4 
0.188 0.21 1.5708 0.2 0.1 0.4 0.4 
0.189 0.21 1.5708 0.2 0.1 0.4 0.4 
0.19 0.21 1.5708 0.2 0.1 0.4 0.4 
0.19 0.21 1.5708 0.2 0.1 0.4 0.4 
0.191 0.21 1.5708 0.2 0.1 0.4 0.4 
0.192 0.21 1.5708 0.2 0.1 0.4 0.4 
0.193 0.21 1.5708 0.2 0.1 0.4 0.4 
0.194 0.21 1.5708 0.2 0.1 0.4 0.4 
0.195 0.21 1.5708 0.2 0.1 0.4 0.4 
0.196 0.21 1.5708 0.2 0.1 0.4 0.4 
0.197 0.21 1.5708 0.2 0.1 0.4 0.4 
0.198 0.21 1.5708 0.2 0.1 0.4 0.4 
0.199 0.21 1.5708 0.2 0.1 0.4 0.4 
0.2 0.21 1.5708 0.2 0.1 0.4 0.4 
0.2 0.21 1.5708 0.2 0.1 0.4 0.4 
0.201 0.21 1.5708 0.2 0.1 0.4 0.4 
0.202 0.21 1.5708 0.2 0.1 0.4 0.4 
0.203 0.21 1.5708 0.2 0.1 0.4 0.4 
0.204 0.21 1.5708 0.2 0.1 0.4 0.4 
0.205 0.21 1.5708 0.2 0.1 0.4 0.4 
0.206 0.21 1.5708 0.2 0.1 0.4 0.4 
0.207 0.21 1.5708 0.2 0.1 0.4 0.4 
0.208 0.21 1.5708 0.2 0.1 0.4 0.4 
0.209 0.21 1.5708 0.2 0.1 0.4 0.4 
0.21 0.21 1.5708 0.2 0.1 0.4 0.4 
0.21 0.21 1.5708 0.2 0.1 0.4 0.4 
0.211 0.21 1.5708 0.2 0.1 0.4 0.4 
0.212 0.21 1.5708 0.2 0.1 0.4 0.4 
0.213 0.21 1.5708 0.2 0.1 0.4 0.4 
0.214 0.21 1.5708 0.2 0.1 0.4 0.4 
0.215 0.21 1.5708 0.2 0.1 0.4 0.4 
0.216 0.21 1.5708 0.2 0.1 0.4 0.4 
0.217 0.21 1.5708 0.2 0.1 0.4 0.4 
0.218 0.21 1.5708 0.2 0.1 0.4 0.4 
0.219 0.21 1.5708 0.2 0.1 0.4 0.4 
0.22 0.21 1.5708 0.2 0.1 0.4 0.4 
0.22 0.21 1.5708 0.2 0.1 0.4 0.4 
0.221 0.21 1.5708 0.2 0.1 0.4 0.4 
0.222 0.21 1.5708 0.2 0.1 0.4 0.4 
0.223 0.21 1.5708 0.2 0.1 0.4 0.4 
0.224 0.21 1.5708 0.2 0.1 0.4 0.4 
0.225 0.21 1.5708 0.2 0.1 0.4 0.4 
0.226 0.21 1.5708 0.2 0.1 0.4 0.4 
0.227 0.21 1.5708 0.2 0.1 0.4 0.4 
0.228 0.21 1.5708 0.2 0.1 0.4 0.4 
0.229 0.21 1.5708 0.2 0.1 0.4 0.4 
0.23 0.21 1.5708 0.2 0.1 0.4 0.4 
0.23 0.21 1.5708 0.2 0.1 0.4 0.4 
0.231 0.21 1.5708 0.2 0.1 0.4 0.4 
0.232 0.21 1.5708 0.2 0.1 0.4 0.4 
0.233 0.21 1.5708 0.2 0.1 0.4 0.4 
0.234 0.21 1.5708 0.2 0.1 0.4 0.4 
0.235 0.21 1.5708 0.2 0.1 0.4 0.4 
0.236 0.21 1.5708 0.2 0.1 0.4 0.4 
0.237 0.21 1.5708 0.2 0.1 0.4 0.4 
0.238 0.21 1.5708 0.2 0.1 0.4 0.4 
0.239 0.21 1.5708 0.2 0.1 0.4 0.4 
0.24 0.21 1.5708 0.2 0.1 0.4 0.4 
0.24 0.21 1.5708 0.2 0.1 0.4 0.4 
0.241 0.21 1.5708 0.2 0.1 0.4 0.4 
0.242 0.21 1.5708 0.2 0.1 0.4 0.4 
0.243 0.21 1.5708 0.2 0.1 0.4 0.4 
0.244 0.21 1.5708 0.2 0.1 0.4 0.4 
0.245 0.21 1.5708 0.2 0.1 0.4 0.4 
0.246 0.21 1.5708 0.2 0.1 0.4 0.4 
0.247 0.21 1.5708 0.2 0.1 0.4 0.4 
0.248 0.21 1.5708 0.2 0.1 0.4 0.4 
0.249 0.21 1.5708 0.2 0.1 0.4 0.4 
0.25 0.21 1.5708 0.2 0.1 0.4 0.4 
0.25 0.21 1.5708 0.2 0.1 0.4 0.4 
0.251 0.21 1.5708 0.2 0.1 0.4 0.4 
0.252 0.21 1.5708 0.2 0.1 0.4 0.4 
0.253 0.21 1.5708 0.2 0.1 0.4 0.4 
0.254 0.21 1.5708 0.2 0.1 0.4 0.4 
0.255 0.21 1.5708 0.2 0.1 0.4 0.4 
0.256 0.21 1.5708 0.2 0.1 0.4 0.4 
0.257 0.21 1.5708 0.2 0.1 0.4 0.4 
0.258 0.21 1.5708 0.2 0.1 0.4 0.4 
0.259 0.21 1.5708 0.2 0.1 0.4 0.4 
0.26 0.21 1.5708 0.2 0.1 0.4 0.4 
0.26 0.21 1.5708 0.2 0.1 0.4 0.4 
0.26 0.209 1.5708 0.2 0.1 0.4 0.4 
0.26 0.208 1.5708 0.2 0.1 0.4 0.4 
0.26 0.207 1.5708 0.2 0.1 0.4 0.4 
0.26 0.206 1.5708 0.2 0.1 0.4 0.4 
0.26 0.205 1.5708 0.2 0.1 0.4 0.4 
0.26 0.204 1.5708 0.2 0.1 0.4 0.4 
0.26 0.203 1.5708 0.2 0.1 0.4 0.4 
0.26 0.202 1.5708 0.2 0.1 0.4 0.4 
0.26 0.201 1.5708 0.2 0.1 0.4 0.4 
0.26 0.2 1.5708 0.2 0.1 0.4 0.4 
0.26 0.2 1.5708 0.2 0.1 0.4 0.4 
0.26 0.199 1.5708 0.2 0.1 0.4 0.4 
0.26 0.198 1.5708 0.2 0.1 0.4 0.4 
0.26 0.197 1.5708 0.2 0.1 0.4 0.4 
0.26 0.196 1.5708 0.2 0.1 0.4 0.4 
0.26 0.195 1.5708 0.2 0.1 0.4 0.4 
0.26 0.194 1.5708 0.2 0.1 0.4 0.4 
0.26 0.193 1.5708 0.2 0.1 0.4 0.4 
0.26 0.192 1.5708 0.2 0.1 0.4 0.4 
0.26 0.191 1.5708 0.2 0.1 0.4 0.4 
0.26 0.19 1.5708 0.2 0.1 0.4 0.4 
0.26 0.19 1.5708 0.2 0.1 0.4 0.4 
0.26 0.189 1.5708 0.2 0.1 0.4 0.4 
0.26 0.188 1.5708 0.2 0.1 0.4 0.4 
0.26 0.187 1.5708 0.2 0.1 0.4 0.4 
0.26 0.186 1.5708 0.2 0.1 0.4 0.4 
0.26 0.185 1.5708 0.2 0.1 0.4 0.4 
0.26 0.184 1.5708 0.2 0.1 0.4 0.4 
0.26 0.183 1.5708 0.2 0.1 0.4 0.4 
0.26 0.182 1.5708 0.2 0.1 0.4 0.4 
0.26 0.181 1.5708 0.2 0.1 0.4 0.4 
0.26 0.18 1.5708 0.2 0.1 0.4 0.4 
0.26 0.18 1.5708 0.2 0.1 0.4 0.4 
0.26 0.179 1.5708 0.2 0.1 0.4 0.4 
0.26 0.178 1.5708 0.2 0.1 0.4 0.4 
0.26 0.177 1.5708 0.2 0.1 0.4 0.4 
0.26 0.176 1.5708 0.2 0.1 0.4 0.4 
0.26 0.175 1.5708 0.2 0.1 0.4 0.4 
0.26 0.174 1.5708 0.2 0.1 0.4 0.4 
0.26 0.173 1.5708 0.2 0.1 0.4 0.4 
0.26 0.172 1.5708 0.2 0.1 0.4 0.4 
0.26 0.171 1.5708 0.2 0.1 0.4 0.4 
0.26 0.17 1.5708 0.2 0.1 0.4 0.4 
0.26 0.17 1.5708 0.2 0.1 0.4 0.4 
0.26 0.169 1.5708 0.2 0.1 0.4 0.4 
0.26 0.168 1.5708 0.2 0.1 0.4 0.4 
0.26 0.167 1.5708 0.2 0.1 0.4 0.4 
0.26 0.166 1.5708 0.2 0.1 0.4 0.4 
0.26 0.165 1.5708 0.2 0.1 0.4 0.4 
0.26 0.164 1.5708 0.2 0.1 0.4 0.4 
0.26 0.163 1.5708 0.2 0.1 0.4 0.4 
0.26 0.162 1.5708 0.2 0.1 0.4 0.4 
0.26 0.161 1.5708 0.2 0.1 0.4 0.4 
0.26 0.16 1.5708 0.2 0.1 0.4 0.4 
0.26 0.16 1.5708 0.2 0.1 0.4 0.4 
0.26 0.159 1.5708 0.2 0.1 0.4 0.4 
0.26 0.158 1.5708 0.2 0.1 0.4 0.4 
0.26 0.157 1.5708 0.2 0.1 0.4 0.4 
0.26 0.156 1.5708 0.2 0.1 0.4 0.4 
0.26 0.155 1.5708 0.2 0.1 0.4 0.4 
0.26 0.154 1.5708 0.2 0.1 0.4 0.4 
0.26 0.153 1.5708 0.2 0.1 0.4 0.4 
0.26 0.152 1.5708 0.2 0.1 0.4 0.4 
0.26 0.151 1.5708 0.2 0.1 0.4 0.4 
0.26 0.15 1.5708 0.2 0.1 0.4 0.4 
0.26 0.15 1.5708 0.2 0.1 0.4 0.4 
0.26 0.149 1.5708 0.2 0.1 0.4 0.4 
0.26 0.148 1.5708 0.2 0.1 0.4 0.4 
0.26 0.147 1.5708 0.2 0.1 0.4 0.4 
0.26 0.146 1.5708 0.2 0.1 0.4 0.4 
0.26 0.145 1.5708 0.2 0.1 0.4 0.4 
0.26 0.144 1.5708 0.2 0.1 0.4 0.4 
0.26 0.143 1.5708 0.2 0.1 0.4 0.4 
0.26 0.142 1.5708 0.2 0.1 0.4 0.4 
0.26 0.141 1.5708 0.2 0.1 0.4 0.4 
0.26 0.14 1.5708 0.2 0.1 0.4 0.4 
0.26 0.14 1.5708 0.2 0.1 0.4 0.4 
0.26 0.139 1.5708 0.2 0.1 0.4 0.4 
0.26 0.138 1.5708 0.2 0.1 0.4 0.4 
0.26 0.137 1.5708 0.2 0.1 0.4 0.4 
0.26 0.136 1.5708 0.2 0.1 0.4 0.4 
0.26 0.135 1.5708 0.2 0.1 0.4 0.4 
0.26 0.134 1.5708 0.2 0.1 0.4 0.4 
0.26 0.133 1.5708 0.2 0.1 0.4 0.4 
0.26 0.132 1.5708 0.2 0.1 0.4 0.4 
0.26 0.131 1.5708 0.2 0.1 0.4 0.4 
0.26 0.13 1.5708 0.2 0.1 0.4 0.4 
0.26 0.13 1.5708 0.2 0.1 0.4 0.4 
0.26 0.129 1.5708 0.2 0.1 0.4 0.4 
0.26 0.128 1.5708 0.2 0.1 0.4 0.4 
0.26 0.127 1.5708 0.2 0.1 0.4 0.4 
0.26 0.126 1.5708 0.2 0.1 0.4 0.4 
0.26 0.125 1.5708 0.2 0.1 0.4 0.4 
0.26 0.124 1.5708 0.2 0.1 0.4 0.4 
0.26 0.123 1.5708 0.2 0.1 0.4 0.4 
0.26 0.122 1.5708 0.2 0.1 0.4 0.4 
0.26 0.121 1.5708 0.2 0.1 0.4 0.4 
0.26 0.12 1.5708 0.2 0.1 0.4 0.4 
0.26 0.12 1.5708 0.2 0.1 0.4 0.4 
0.26 0.119 1.5708 0.2 0.1 0.4 0.4 
0.26 0.118 1.5708 0.2 0.1 0.4 0.4 
0.26 0.117 1.5708 0.2 0.1 0.4 0.4 
0.26 0.116 1.5708 0.2 0.1 0.4 0.4 
0.26 0.115 1.5708 0.2 0.1 0.4 0.4 
0.26 0.114 1.5708 0.2 0.1 0.4 0.4 
0.26 0.113 1.5708 0.2 0.1 0.4 0.4 
0.26 0.112 1.5708 0.2 0.1 0.4 0.4 
0.26 0.111 1.5708 0.2 0.1 0.4 0.4 
0.26 0.11 1.5708 0.2 0.1 0.4 0.4 
0.26 0.11 1.5708 0.2 0.1 0.4 0.4 
0.259 0.11 1.5708 0.2 0.1 0.4 0.4 
0.258 0.11 1.5708 0.2 0.1 0.4 0.4 
0.257 0.11 1.5708 0.2 0.1 0.4 0.4 
0.256 0.11 1.5708 0.2 0.1 0.4 0.4 
0.255 0.11 1.5708 0.2 0.1 0.4 0.4 
0.254 0.11 1.5708 0.2 0.1 0.4 0.4 
0.253 0.11 1.5708 0.2 0.1 0.4 0.4 
0.252 0.11 1.5708 0.2 0.1 0.4 0.4 
0.251 0.11 1.5708 0.2 0.1 0.4 0.4 
0.25 0.11 1.5708 0.2 0.1 0.4 0.4 
0.25 0.109 1.5708 0.2 0.1 0.4 0.4 
0.25 0.108 1.5708 0.2 0.1 0.4 0.4 
0.25 0.107 1.5708 0.2 0.1 0.4 0.4 
0.25 0.106 1.5708 0.2 0.1 0.4 0.4 
0.25 0.105 1.5708 0.2 0.1 0.4 0.4 
0.25 0.104 1.5708 0.2 0.1 0.4 0.4 
0.25 0.103 1.5708 0.2 0.1 0.4 0.4 
0.25 0.102 1.5708 0.2 0.1 0.4 0.4 
0.25 0.101 1.5708 0.2 0.1 0.4 0.4 
0.25 0.1 1.5708 0.2 0.1 0.4 0.4 
0.249 0.1 1.5708 0.199 0.1 0.4 0.4 
0.248 0.1 1.5708 0.198 0.1 0.4 0.4 
0.247 0.1 1.5708 0.197 0.1 0.4 0.4 
0.246 0.1 1.5708 0.196 0.1 0.4 0.4 
0.245 0.1 1.5708 0.195 0.1 0.4 0.4 
0.244 0.1 1.5708 0.194 0.1 0.4 0.4 
0.243 0.1 1.5708 0.193 0.1 0.4 0.4 
0.242 0.1 1.5708 0.192 0.1 0.4 0.4 
0.241 0.1 1.5708 0.191 0.1 0.4 0.4 
0.24 0.1 1.5708 0.19 0.1 0.4 0.4 
0.24 0.1 1.5708 0.19 0.1 0.4 0.4 
0.239 0.1 1.5708 0.189 0.1 0.4 0.4 
0.238 0.1 1.5708 0.188 0.1 0.4 0.4 
0.237 0.1 1.5708 0.187 0.1 0.4 0.4 
0.236 0.1 1.5708 0.186 0.1 0.4 0.4 
0.235 0.1 1.5708 0.185 0.1 0.4 0.4 
0.234 0.1 1.5708 0.184 0.1 0.4 0.4 
0.233 0.1 1.5708 0.183 0.1 0.4 0.4 
0.232 0.1 1.5708 0.182 0.1 0.4 0.4 
0.231 0.1 1.5708 0.181 0.1 0.4 0.4 
0.23 0.1 1.5708 0.18 0.1 0.4 0.4 
0.23 0.1 1.5708 0.18 0.1 0.4 0.4 
0.229 0.1 1.5708 0.179 0.1 0.4 0.4 
0.228 0.1 1.5708 0.178 0.1 0.4 0.4 
0.227 0.1 1.5708 0.177 0.1 0.4 0.4 
0.226 0.1 1.5708 0.176 0.1 0.4 0.4 
0.225 0.1 1.5708 0.175 0.1 0.4 0.4 
0.224 0.1 1.5708 0.174 0.1 0.4 0.4 
0.223 0.1 1.5708 0.173 0.1 0.4 0.4 
0.222 0.1 1.5708 0.172 0.1 0.4 0.4 
0.221 0.1 1.5708 0.171 0.1 0.4 0.4 
0.22 0.1 1.5708 0.17 0.1 0.4 0.4 
0.22 0.1 1.5708 0.17 0.1 0.4 0.4 
0.219 0.1 1.5708 0.169 0.1 0.4 0.4 
0.218 0.1 1.5708 0.168 0.1 0.4 0.4 
0.217 0.1 1.5708 0.167 0.1 0.4 0.4 
0.216 0.1 1.5708 0.166 0.1 0.4 0.4 
0.215 0.1 1.5708 0.165 0.1 0.4 0.4 
0.214 0.1 1.5708 0.164 0.1 0.4 0.4 
0.213 0.1 1.5708 0.163 0.1 0.4 0.4 
0.212 0.1 1.5708 0.162 0.1 0.4 0.4 
0.211 0.1 1.5708 0.161 0.1 0.4 0.4 
0.21 0.1 1.5708 0.16 0.1 0.4 0.4 
0.21 0.1 1.5708 0.16 0.1 0.4 0.4 
0.209 0.1 1.5708 0.159 0.1 0.4 0.4 
0.208 0.1 1.5708 0.158 0.1 0.4 0.4 
0.207 0.1 1.5708 0.157 0.1 0.4 0.4 
0.206 0.1 1.5708 0.156 0.1 0.4 0.4 
0.205 0.1 1.5708 0.155 0.1 0.4 0.4 
0.204 0.1 1.5708 0.154 0.1 0.4 0.4 
0.203 0.1 1.5708 0.153 0.1 0.4 0.4 
0.202 0.1 1.5708 0.152 0.1 0.4 0.4 
0.201 0.1 1.5708 0.151 0.1 0.4 0.4 
0.2 0.1 1.5708 0.15 0.1 0.4 0.4 
0.2 0.1 1.5708 0.15 0.1 0.4 0.4 
0.199 0.1 1.5708 0.149 0.1 0.4 0.4 
0.198 0.1 1.5708 0.148 0.1 0.4 0.4 
0.197 0.1 1.5708 0.147 0.1 0.4 0.4 
0.196 0.1 1.5708 0.146 0.1 0.4 0.4 
0.195 0.1 1.5708 0.145 0.1 0.4 0.4 
0.194 0.1 1.5708 0.144 0.1 0.4 0.4 
0.193 0.1 1.5708 0.143 0.1 0.4 0.4 
0.192 0.1 1.5708 0.142 0.1 0.4 0.4 
0.191 0.1 1.5708 0.141 0.1 0.4 0.4 
0.19 0.1 1.5708 0.14 0.1 0.4 0.4 
0.19 0.1 1.5708 0.14 0.1 0.4 0.4 
0.189 0.1 1.5708 0.139 0.1 0.4 0.4 
0.188 0.1 1.5708 0.138 0.1 0.4 0.4 
0.187 0.1 1.5708 0.137 0.1 0.4 0.4 
0.186 0.1 1.5708 0.136 0.1 0.4 0.4 
0.185 0.1 1.5708 0.135 0.1 0.4 0.4 
0.184 0.1 1.5708 0.134 0.1 0.4 0.4 
0.183 0.1 1.5708 0.133 0.1 0.4 0.4 
0.182 0.1 1.5708 0.132 0.1 0.4 0.4 
0.181 0.1 1.5708 0.131 0.1 0.4 0.4 
0.18 0.1 1.5708 0.13 0.1 0.4 0.4 
0.18 0.1 1.5708 0.13 0.1 0.4 0.4 
0.179 0.1 1.5708 0.129 0.1 0.4 0.4 
0.178 0.1 1.5708 0.128 0.1 0.4 0.4 
0.177 0.1 1.5708 0.127 0.1 0.4 0.4 
0.176 0.1 1.5708 0.126 0.1 0.4 0.4 
0.175 0.1 1.5708 0.125 0.1 0.4 0.4 
0.174 0.1 1.5708 0.124 0.1 0.4 0.4 
0.173 0.1 1.5708 0.123 0.1 0.4 0.4 
0.172 0.1 1.5708 0.122 0.1 0.4 0.4 
0.171 0.1 1.5708 0.121 0.1 0.4 0.4 
0.17 0.1 1.5708 0.12 0.1 0.4 0.4 
0.17 0.1 1.5708 0.12 0.1 0.4 0.4 
0.169 0.1 1.5708 0.119 0.1 0.4 0.4 
0.168 0.1 1.5708 0.118 0.1 0.4 0.4 
0.167 0.1 1.5708 0.117 0.1 0.4 0.4 
0.166 0.1 1.5708 0.116 0.1 0.4 0.4 
0.165 0.1 1.5708 0.115 0.1 0.4 0.4 
0.164 0.1 1.5708 0.114 0.1 0.4 0.4 
0.163 0.1 1.5708 0.113 0.1 0.4 0.4 
0.162 0.1 1.5708 0.112 0.1 0.4 0.4 
0.161 0.1 1.5708 0.111 0.1 0.4 0.4 
0.16 0.1 1.5708 0.11 0.1 0.4 0.4 
0.16 0.1 1.5708 0.11 0.1 0.4 0.4 
0.159 0.1 1.5708 0.109 0.1 0.4 0.4 
0.158 0.1 1.5708 0.108 0.1 0.4 0.4 
0.157 0.1 1.5708 0.107 0.1 0.4 0.4 
0.156 0.1 1.5708 0.106 0.1 0.4 0.4 
0.155 0.1 1.5708 0.105 0.1 0.4 0.4 
0.154 0.1 1.5708 0.104 0.1 0.4 0.4 
0.153 0.1 1.5708 0.103 0.1 0.4 0.4 
0.152 0.1 1.5708 0.102 0.1 0.4 0.4 
0.151 0.1 1.5708 0.101 0.1 0.4 0.4 
0.15 0.1 1.5708 0.1 0.1 0.4 0.4 
0.15 0.1 1.5708 0.1 0.1 0.4 0.4 
0.15 0.1 1.5708 0.1 0.1 0.4 0.4 
0.151 0.1 1.5708 0.1 0.1 0.4 0.4 
0.152 0.1 1.5708 0.1 0.1 0.4 0.4 
0.153 0.1 1.5708 0.1 0.1 0.4 0.4 
0.154 0.1 1.5708 0.1 0.1 0.4 0.4 
0.155 0.1 1.5708 0.1 0.1 0.4 0.4 
0.156 0.1 1.5708 0.1 0.1 0.4 0.4 
0.157 0.1 1.5708 0.1 0.1 0.4 0.4 
0.158 0.1 1.5708 0.1 0.1 0.4 0.4 
0.159 0.1 1.5708 0.1 0.1 0.4 0.4 
0.16 0.1 1.5708 0.1 0.1 0.4 0.4 
0.16 0.1 1.5708 0.1 0.1 0.4 0.4 
0.161 0.1 1.5708 0.1 0.1 0.4 0.4 
0.162 0.1 1.5708 0.1 0.1 0.4 0.4 
0.163 0.1 1.5708 0.1 0.1 0.4 0.4 
0.164 0.1 1.5708 0.1 0.1 0.4 0.4 
0.165 0.1 1.5708 0.1 0.1 0.4 0.4 
0.166 0.1 1.5708 0.1 0.1 0.4 0.4 
0.167 0.1 1.5708 0.1 0.1 0.4 0.4 
0.168 0.1 1.5708 0.1 0.1 0.4 0.4 
0.169 0.1 1.5708 0.1 0.1 0.4 0.4 
0.17 0.1 1.5708 0.1 0.1 0.4 0.4 
0.17 0.1 1.5708 0.1 0.1 0.4 0.4 
0.171 0.1 1.5708 0.1 0.1 0.4 0.4 
0.172 0.1 1.5708 0.1 0.1 0.4 0.4 
0.173 0.1 1.5708 0.1 0.1 0.4 0.4 
0.174 0.1 1.5708 0.1 0.1 0.4 0.4 
0.175 0.1 1.5708 0.1 0.1 0.4 0.4 
0.176 0.1 1.5708 0.1 0.1 0.4 0.4 
0.177 0.1 1.5708 0.1 0.1 0.4 0.4 
0.178 0.1 1.5708 0.1 0.1 0.4 0.4 
0.179 0.1 1.5708 0.1 0.1 0.4 0.4 
0.18 0.1 1.5708 0.1 0.1 0.4 0.4 
0.18 0.1 1.5708 0.1 0.1 0.4 0.4 
0.181 0.1 1.5708 0.1 0.1 0.4 0.4 
0.182 0.1 1.5708 0.1 0.1 0.4 0.4 
0.183 0.1 1.5708 0.1 0.1 0.4 0.4 
0.184 0.1 1.5708 0.1 0.1 0.4 0.4 
0.185 0.1 1.5708 0.1 0.1 0.4 0.4 
0.186 0.1 1.5708 0.1 0.1 0.4 0.4 
0.187 0.1 1.5708 0.1 0.1 0.4 0.4 
0.188 0.1 1.5708 0.1 0.1 0.4 0.4 
0.189 0.1 1.5708 0.1 0.1 0.4 0.4 
0.19 0.1 1.5708 0.1 0.1 0.4 0.4 
0.19 0.1 1.5708 0.1 0.1 0.4 0.4 
0.191 0.1 1.5708 0.1 0.1 0.4 0.4 
0.192 0.1 1.5708 0.1 0.1 0.4 0.4 
0.193 0.1 1.5708 0.1 0.1 0.4 0.4 
0.194 0.1 1.5708 0.1 0.1 0.4 0.4 
0.195 0.1 1.5708 0.1 0.1 0.4 0.4 
0.196 0.1 1.5708 0.1 0.1 0.4 0.4 
0.197 0.1 1.5708 0.1 0.1 0.4 0.4 
0.198 0.1 1.5708 0.1 0.1 0.4 0.4 
0.199 0.1 1.5708 0.1 0.1 0.4 0.4 
0.2 0.1 1.5708 0.1 0.1 0.4 0.4 
0.2 0.1 1.5708 0.1 0.1 0.4 0.4 
0.2 0.1 1.5691 0.1 0.1 0.4 0.4 
0.2 0.1 1.5673 0.1 0.1 0.4 0.4 
0.2 0.1 1.5656 0.1 0.1 0.4 0.4 
0.2 0.1 1.5638 0.1 0.1 0.4 0.4 
0.2 0.1 1.5621 0.1 0.1 0.4 0.4 
0.2 0.1 1.5603 0.1 0.1 0.4 0.4 
0.2 0.1 1.5586 0.1 0.1 0.4 0.4 
0.2 0.1 1.5568 0.1 0.1 0.4 0.4 
0.2 0.1 1.5551 0.1 0.1 0.4 0.4 
0.2 0.1 1.5533 0.1 0.1 0.4 0.4 
0.2 0.1 1.5516 0.1 0.1 0.4 0.4 
0.2 0.1 1.5499 0.1 0.1 0.4 0.4 
0.2 0.1 1.5481 0.1 0.1 0.4 0.4 
0.2 0.1 1.5464 0.1 0.1 0.4 0.4 
0.2 0.1 1.5446 0.1 0.1 0.4 0.4 
0.2 0.1 1.5429 0.1 0.1 0.4 0.4 
0.2 0.1 1.5411 0.1 0.1 0.4 0.4 
0.2 0.1 1.5394 0.1 0.1 0.4 0.4 
0.2 0.1 1.5376 0.1 0.1 0.4 0.4 
0.2 0.1 1.5359 0.1 0.1 0.4 0.4 
0.2 0.1 1.5341 0.1 0.1 0.4 0.4 
0.2 0.1 1.5324 0.1 0.1 0.4 0.4 
0.2 0.1 1.5307 0.1 0.1 0.4 0.4 
0.2 0.1 1.5289 0.1 0.1 0.4 0.4 
0.2 0.1 1.5272 0.1 0.1 0.4 0.4 
0.2 0.1 1.5254 0.1 0.1 0.4 0.4 
0.2 0.1 1.5237 0.1 0.1 0.4 0.4 
0.2 0.1 1.5219 0.1 0.1 0.4 0.4 
0.2 0.1 1.5202 0.1 0.1 0.4 0.4 
0.2 0.1 1.5184 0.1 0.1 0.4 0.4 
0.2 0.1 1.5167 0.1 0.1 0.4 0.4 
0.2 0.1 1.5149 0.1 0.1 0.4 0.4 
0.2 0.1 1.5132 0.1 0.1 0.4 0.4 
0.2 0.1 1.5115 0.1 0.1 0.4 0.4 
0.2 0.1 1.5097 0.1 0.1 0.4 0.4 
0.2 0.1 1.5080 0.1 0.1 0.4 0.4 
0.2 0.1 1.5062 0.1 0.1 0.4 0.4 
0.2 0.1 1.5045 0.1 0.1 0.4 0.4 
0.2 0.1 1.5027 0.1 0.1 0.4 0.4 
0.2 0.1 1.5010 0.1 0.1 0.4 0.4 
0.2 0.1 1.4992 0.1 0.1 0.4 0.4 
0.2 0.1 1.4975 0.1 0.1 0.4 0.4 
0.2 0.1 1.4957 0.1 0.1 0.4 0.4 
0.2 0.1 1.4940 0.1 0.1 0.4 0.4 
0.2 0.1 1.4923 0.1 0.1 0.4 0.4 
0.2 0.1 1.4905 0.1 0.1 0.4 0.4 
0.2 0.1 1.4888 0.1 0.1 0.4 0.4 
0.2 0.1 1.4870 0.1 0.1 0.4 0.4 
0.2 0.1 1.4853 0.1 0.1 0.4 0.4 
0.2 0.1 1.4835 0.1 0.1 0.4 0.4 
0.2 0.1 1.4818 0.1 0.1 0.4 0.4 
0.2 0.1 1.4800 0.1 0.1 0.4 0.4 
0.2 0.1 1.4783 0.1 0.1 0.4 0.4 
0.2 0.1 1.4765 0.1 0.1 0.4 0.4 
0.2 0.1 1.4748 0.1 0.1 0.4 0.4 
0.2 0.1 1.4731 0.1 0.1 0.4 0.4 
0.2 0.1 1.4713 0.1 0.1 0.4 0.4 
0.2 0.1 1.4696 0.1 0.1 0.4 0.4 
0.2 0.1 1.4678 0.1 0.1 0.4 0.4 
0.2 0.1 1.4661 0.1 0.1 0.4 0.4 
0.2 0.1 1.4643 0.1 0.1 0.4 0.4 
0.2 0.1 1.4626 0.1 0.1 0.4 0.4 
0.2 0.1 1.4608 0.1 0.1 0.4 0.4 
0.2 0.1 1.4591 0.1 0.1 0.4 0.4 
0.2 0.1 1.4573 0.1 0.1 0.4 0.4 
0.2 0.1 1.4556 0.1 0.1 0.4 0.4 
0.2 0.1 1.4539 0.1 0.1 0.4 0.4 
0.2 0.1 1.4521 0.1 0.1 0.4 0.4 
0.2 0.1 1.4504 0.1 0.1 0.4 0.4 
0.2 0.1 1.4486 0.1 0.1 0.4 0.4 
0.2 0.1 1.4469 0.1 0.1 0.4 0.4 
0.2 0.1 1.4451 0.1 0.1 0.4 0.4 
0.2 0.1 1.4434 0.1 0.1 0.4 0.4 
0.2 0.1 1.4416 0.1 0.1 0.4 0.4 
0.2 0.1 1.4399 0.1 0.1 0.4 0.4 
0.2 0.1 1.4382 0.1 0.1 0.4 0.4 
0.2 0.1 1.4364 0.1 0.1 0.4 0.4 
0.2 0.1 1.4347 0.1 0.1 0.4 0.4 
0.2 0.1 1.4329 0.1 0.1 0.4 0.4 
0.2 0.1 1.4312 0.1 0.1 0.4 0.4 
0.2 0.1 1.4294 0.1 0.1 0.4 0.4 
0.2 0.1 1.4277 0.1 0.1 0.4 0.4 
0.2 0.1 1.4259 0.1 0.1 0.4 0.4 
0.2 0.1 1.4242 0.1 0.1 0.4 0.4 
0.2 0.1 1.4224 0.1 0.1 0.4 0.4 
0.2 0.1 1.4207 0.1 0.1 0.4 0.4 
0.2 0.1 1.4190 0.1 0.1 0.4 0.4 
0.2 0.1 1.4172 0.1 0.1 0.4 0.4 
0.2 0.1 1.4155 0.1 0.1 0.4 0.4 
0.2 0.1 1.4137 0.1 0.1 0.4 0.4 
0.2 0.1 1.4120 0.1 0.1 0.4 0.4 
0.2 0.1 1.4102 0.1 0.1 0.4 0.4 
0.2 0.1 1.4085 0.1 0.1 0.4 0.4 
0.2 0.1 1.4067 0.1 0.1 0.4 0.4 
0.2 0.1 1.4050 0.1 0.1 0.4 0.4 
0.2 0.1 1.4032 0.1 0.1 0.4 0.4 
0.2 0.1 1.4015 0.1 0.1 0.4 0.4 
0.2 0.1 1.3998 0.1 0.1 0.4 0.4 
0.2 0.1 1.3980 0.1 0.1 0.4 0.4 
0.2 0.1 1.3963 0.1 0.1 0.4 0.4 
0.2 0.1 1.3945 0.1 0.1 0.4 0.4 
0.2 0.1 1.3928 0.1 0.1 0.4 0.4 
0.2 0.1 1.3910 0.1 0.1 0.4 0.4 
0.2 0.1 1.3893 0.1 0.1 0.4 0.4 
0.2 0.1 1.3875 0.1 0.1 0.4 0.4 
0.2 0.1 1.3858 0.1 0.1 0.4 0.4 
0.2 0.1 1.3840 0.1 0.1 0.4 0.4 
0.2 0.1 1.3823 0.1 0.1 0.4 0.4 
0.2 0.1 1.3806 0.1 0.1 0.4 0.4 
0.2 0.1 1.3788 0.1 0.1 0.4 0.4 
0.2 0.1 1.3771 0.1 0.1 0.4 0.4 
0.2 0.1 1.3753 0.1 0.1 0.4 0.4 
0.2 0.1 1.3736 0.1 0.1 0.4 0.4 
0.2 0.1 1.3718 0.1 0.1 0.4 0.4 
0.2 0.1 1.3701 0.1 0.1 0.4 0.4 
0.2 0.1 1.3683 0.1 0.1 0.4 0.4 
0.2 0.1 1.3666 0.1 0.1 0.4 0.4 
0.2 0.1 1.3648 0.1 0.1 0.4 0.4 
0.2 0.1 1.3631 0.1 0.1 0.4 0.4 
0.2 0.1 1.3614 0.1 0.1 0.4 0.4 
0.2 0.1 1.3596 0.1 0.1 0.4 0.4 
0.2 0.1 1.3579 0.1 0.1 0.4 0.4 
0.2 0.1 1.3561 0.1 0.1 0.4 0.4 
0.2 0.1 1.3544 0.1 0.1 0.4 0.4 
0.2 0.1 1.3526 0.1 0.1 0.4 0.4 
0.2 0.1 1.3509 0.1 0.1 0.4 0.4 
0.2 0.1 1.3491 0.1 0.1 0.4 0.4 
0.2 0.1 1.3474 0.1 0.1 0.4 0.4 
0.2 0.1 1.3456 0.1 0.1 0.4 0.4 
0.2 0.1 1.3439 0.1 0.1 0.4 0.4 
0.2 0.1 1.3422 0.1 0.1 0.4 0.4 
0.2 0.1 1.3404 0.1 0.1 0.4 0.4 
0.2 0.1 1.3387 0.1 0.1 0.4 0.4 
0.2 0.1 1.3369 0.1 0.1 0.4 0.4 
0.2 0.1 1.3352 0.1 0.1 0.4 0.4 
0.2 0.1 1.3334 0.1 0.1 0.4 0.4 
0.2 0.1 1.3317 0.1 0.1 0.4 0.4 
0.2 0.1 1.3299 0.1 0.1 0.4 0.4 
0.2 0.1 1.3282 0.1 0.1 0.4 0.4 
0.2 0.1 1.3265 0.1 0.1 0.4 0.4 
0.2 0.1 1.3247 0.1 0.1 0.4 0.4 
0.2 0.1 1.3230 0.1 0.1 0.4 0.4 
0.2 0.1 1.3212 0.1 0.1 0.4 0.4 
0.2 0.1 1.3195 0.1 0.1 0.4 0.4 
0.2 0.1 1.3177 0.1 0.1 0.4 0.4 
0.2 0.1 1.3160 0.1 0.1 0.4 0.4 
0.2 0.1 1.3142 0.1 0.1 0.4 0.4 
0.2 0.1 1.3125 0.1 0.1 0.4 0.4 
0.2 0.1 1.3107 0.1 0.1 0.4 0.4 
0.2 0.1 1.3090 0.1 0.1 0.4 0.4 
0.2 0.1 1.3073 0.1 0.1 0.4 0.4 
0.2 0.1 1.3055 0.1 0.1 0.4 0.4 
0.2 0.1 1.3038 0.1 0.1 0.4 0.4 
0.2 0.1 1.3020 0.1 0.1 0.4 0.4 
0.2 0.1 1.3003 0.1 0.1 0.4 0.4 
0.2 0.1 1.2985 0.1 0.1 0.4 0.4 
0.2 0.1 1.2968 0.1 0.1 0.4 0.4 
0.2 0.1 1.2950 0.1 0.1 0.4 0.4 
0.2 0.1 1.2933 0.1 0.1 0.4 0.4 
0.2 0.1 1.2915 0.1 0.1 0.4 0.4 
0.2 0.1 1.2898 0.1 0.1 0.4 0.4 
0.2 0.1 1.2881 0.1 0.1 0.4 0.4 
0.2 0.1 1.2863 0.1 0.1 0.4 0.4 
0.2 0.1 1.2846 0.1 0.1 0.4 0.4 
0.2 0.1 1.2828 0.1 0.1 0.4 0.4 
0.2 0.1 1.2811 0.1 0.1 0.4 0.4 
0.2 0.1 1.2793 0.1 0.1 0.4 0.4 
0.2 0.1 1.2776 0.1 0.1 0.4 0.4 
0.2 0.1 1.2758 0.1 0.1 0.4 0.4 
0.2 0.1 1.2741 0.1 0.1 0.4 0.4 
0.2 0.1 1.2723 0.1 0.1 0.4 0.4 
0.2 0.1 1.2706 0.1 0.1 0.4 0.4 
0.2 0.1 1.2689 0.1 0.1 0.4 0.4 
0.2 0.1 1.2671 0.1 0.1 0.4 0.4 
0.2 0.1 1.2654 0.1 0.1 0.4 0.4 
0.2 0.1 1.2636 0.1 0.1 0.4 0.4 
0.2 0.1 1.2619 0.1 0.1 0.4 0.4 
0.2 0.1 1.2601 0.1 0.1 0.4 0.4 
0.2 0.1 1.2584 0.1 0.1 0.4 0.4 
0.2 0.1 1.2566 0.1 0.1 0.4 0.4 
0.2 0.1 1.2549 0.1 0.1 0.4 0.4 
0.2 0.1 1.2531 0.1 0.1 0.4 0.4 
0.2 0.1 1.2514 0.1 0.1 0.4 0.4 
0.2 0.1 1.2497 0.1 0.1 0.4 0.4 
0.2 0.1 1.2479 0.1 0.1 0.4 0.4 
0.2 0.1 1.2462 0.1 0.1 0.4 0.4 
0.2 0.1 1.2444 0.1 0.1 0.4 0.4 
0.2 0.1 1.2427 0.1 0.1 0.4 0.4 
0.2 0.1 1.2409 0.1 0.1 0.4 0.4 
0.2 0.1 1.2392 0.1 0.1 0.4 0.4 
0.2 0.1 1.2374 0.1 0.1 0.4 0.4 
0.2 0.1 1.2357 0.1 0.1 0.4 0.4 
0.2 0.1 1.2339 0.1 0.1 0.4 0.4 
0.2 0.1 1.2322 0.1 0.1 0.4 0.4 
0.2 0.1 1.2305 0.1 0.1 0.4 0.4 
0.2 0.1 1.2287 0.1 0.1 0.4 0.4 
0.2 0.1 1.2270 0.1 0.1 0.4 0.4 
0.2 0.1 1.2252 0.1 0.1 0.4 0.4 
0.2 0.1 1.2235 0.1 0.1 0.4 0.4 
0.2 0.1 1.2217 0.1 0.1 0.4 0.4 
0.2 0.1 1.2200 0.1 0.1 0.4 0.4 
0.2 0.1 1.2182 0.1 0.1 0.4 0.4 
0.2 0.1 1.2165 0.1 0.1 0.4 0.4 
0.2 0.1 1.2147 0.1 0.1 0.4 0.4 
0.2 0.1 1.2130 0.1 0.1 0.4 0.4 
0.2 0.1 1.2113 0.1 0.1 0.4 0.4 
0.2 0.1 1.2095 0.1 0.1 0.4 0.4 
0.2 0.1 1.2078 0.1 0.1 0.4 0.4 
0.2 0.1 1.2060 0.1 0.1 0.4 0.4 
0.2 0.1 1.2043 0.1 0.1 0.4 0.4 
0.2 0.1 1.2025 0.1 0.1 0.4 0.4 
0.2 0.1 1.2008 0.1 0.1 0.4 0.4 
0.2 0.1 1.1990 0.1 0.1 0.4 0.4 
0.2 0.1 1.1973 0.1 0.1 0.4 0.4 
0.2 0.1 1.1956 0.1 0.1 0.4 0.4 
0.2 0.1 1.1938 0.1 0.1 0.4 0.4 
0.2 0.1 1.1921 0.1 0.1 0.4 0.4 
0.2 0.1 1.1903 0.1 0.1 0.4 0.4 
0.2 0.1 1.1886 0.1 0.1 0.4 0.4 
0.2 0.1 1.1868 0.1 0.1 0.4 0.4 
0.2 0.1 1.1851 0.1 0.1 0.4 0.4 
0.2 0.1 1.1833 0.1 0.1 0.4 0.4 
0.2 0.1 1.1816 0.1 0.1 0.4 0.4 
0.2 0.1 1.1798 0.1 0.1 0.4 0.4 
0.2 0.1 1.1781 0.1 0.1 0.4 0.4 
0.2 0.1 1.1764 0.1 0.1 0.4 0.4 
0.2 0.1 1.1746 0.1 0.1 0.4 0.4 
0.2 0.1 1.1729 0.1 0.1 0.4 0.4 
0.2 0.1 1.1711 0.1 0.1 0.4 0.4 
0.2 0.1 1.1694 0.1 0.1 0.4 0.4 
0.2 0.1 1.1676 0.1 0.1 0.4 0.4 
0.2 0.1 1.1659 0.1 0.1 0.4 0.4 
0.2 0.1 1.1641 0.1 0.1 0.4 0.4 
0.2 0.1 1.1624 0.1 0.1 0.4 0.4 
0.2 0.1 1.1606 0.1 0.1 0.4 0.4 
0.2 0.1 1.1589 0.1 0.1 0.4 0.4 
0.2 0.1 1.1572 0.1 0.1 0.4 0.4 
0.2 0.1 1.1554 0.1 0.1 0.4 0.4 
0.2 0.1 1.1537 0.1 0.1 0.4 0.4 
0.2 0.1 1.1519 0.1 0.1 0.4 0.4 
0.2 0.1 1.1502 0.1 0.1 0.4 0.4 
0.2 0.1 1.1484 0.1 0.1 0.4 0.4 
0.2 0.1 1.1467 0.1 0.1 0.4 0.4 
0.2 0.1 1.1449 0.1 0.1 0.4 0.4 
0.2 0.1 1.1432 0.1 0.1 0.4 0.4 
0.2 0.1 1.1414 0.1 0.1 0.4 0.4 
0.2 0.1 1.1397 0.1 0.1 0.4 0.4 
0.2 0.1 1.1380 0.1 0.1 0.4 0.4 
0.2 0.1 1.1362 0.1 0.1 0.4 0.4 
0.2 0.1 1.1345 0.1 0.1 0.4 0.4 
0.2 0.1 1.1327 0.1 0.1 0.4 0.4 
0.2 0.1 1.1310 0.1 0.1 0.4 0.4 
0.2 0.1 1.1292 0.1 0.1 0.4 0.4 
0.2 0.1 1.1275 0.1 0.1 0.4 0.4 
0.2 0.1 1.1257 0.1 0.1 0.4 0.4 
0.2 0.1 1.1240 0.1 0.1 0.4 0.4 
0.2 0.1 1.1222 0.1 0.1 0.4 0.4 
0.2 0.1 1.1205 0.1 0.1 0.4 0.4 
0.2 0.1 1.1188 0.1 0.1 0.4 0.4 
0.2 0.1 1.1170 0.1 0.1 0.4 0.4 
0.2 0.1 1.1153 0.1 0.1 0.4 0.4 
0.2 0.1 1.1135 0.1 0.1 0.4 0.4 
0.2 0.1 1.1118 0.1 0.1 0.4 0.4 
0.2 0.1 1.1100 0.1 0.1 0.4 0.4 
0.2 0.1 1.1083 0.1 0.1 0.4 0.4 
0.2 0.1 1.1065 0.1 0.1 0.4 0.4 
0.2 0.1 1.1048 0.1 0.1 0.4 0.4 
0.2 0.1 1.1030 0.1 0.1 0.4 0.4 
0.2 0.1 1.1013 0.1 0.1 0.4 0.4 
0.2 0.1 1.0996 0.1 0.1 0.4 0.4 
0.2 0.1 1.0978 0.1 0.1 0.4 0.4 
0.2 0.1 1.0961 0.1 0.1 0.4 0.4 
0.2 0.1 1.0943 0.1 0.1 0.4 0.4 
0.2 0.1 1.0926 0.1 0.1 0.4 0.4 
0.2 0.1 1.0908 0.1 0.1 0.4 0.4 
0.2 0.1 1.0891 0.1 0.1 0.4 0.4 
0.2 0.1 1.0873 0.1 0.1 0.4 0.4 
0.2 0.1 1.0856 0.1 0.1 0.4 0.4 
0.2 0.1 1.0838 0.1 0.1 0.4 0.4 
0.2 0.1 1.0821 0.1 0.1 0.4 0.4 
0.2 0.1 1.0804 0.1 0.1 0.4 0.4 
0.2 0.1 1.0786 0.1 0.1 0.4 0.4 
0.2 0.1 1.0769 0.1 0.1 0.4 0.4 
0.2 0.1 1.0751 0.1 0.1 0.4 0.4 
0.2 0.1 1.0734 0.1 0.1 0.4 0.4 
0.2 0.1 1.0716 0.1 0.1 0.4 0.4 
0.2 0.1 1.0699 0.1 0.1 0.4 0.4 
0.2 0.1 1.0681 0.1 0.1 0.4 0.4 
0.2 0.1 1.0664 0.1 0.1 0.4 0.4 
0.2 0.1 1.0647 0.1 0.1 0.4 0.4 
0.2 0.1 1.0629 0.1 0.1 0.4 0.4 
0.2 0.1 1.0612 0.1 0.1 0.4 0.4 
0.2 0.1 1.0594 0.1 0.1 0.4 0.4 
0.2 0.1 1.0577 0.1 0.1 0.4 0.4 
0.2 0.1 1.0559 0.1 0.1 0.4 0.4 
0.2 0.1 1.0542 0.1 0.1 0.4 0.4 
0.2 0.1 1.0524 0.1 0.1 0.4 0.4 
0.2 0.1 1.0507 0.1 0.1 0.4 0.4 
0.2 0.1 1.0489 0.1 0.1 0.4 0.4 
0.2 0.1 1.0472 0.1 0.1 0.4 0.4 
0.2 0.1 1.0455 0.1 0.1 0.4 0.4 
0.2 0.1 1.0437 0.1 0.1 0.4 0.4 
0.2 0.1 1.0420 0.1 0.1 0.4 0.4 
0.2 0.1 1.0402 0.1 0.1 0.4 0.4 
0.2 0.1 1.0385 0.1 0.1 0.4 0.4 
0.2 0.1 1.0367 0.1 0.1 0.4 0.4 
0.2 0.1 1.0350 0.1 0.1 0.4 0.4 
0.2 0.1 1.0332 0.1 0.1 0.4 0.4 
0.2 0.1 1.0315 0.1 0.1 0.4 0.4 
0.2 0.1 1.0297 0.1 0.1 0.4 0.4 
0.2 0.1 1.0280 0.1 0.1 0.4 0.4 
0.2 0.1 1.0263 0.1 0.1 0.4 0.4 
0.2 0.1 1.0245 0.1 0.1 0.4 0.4 
0.2 0.1 1.0228 0.1 0.1 0.4 0.4 
0.2 0.1 1.0210 0.1 0.1 0.4 0.4 
0.2 0.1 1.0193 0.1 0.1 0.4 0.4 
0.2 0.1 1.0175 0.1 0.1 0.4 0.4 
0.2 0.1 1.0158 0.1 0.1 0.4 0.4 
0.2 0.1 1.0140 0.1 0.1 0.4 0.4 
0.2 0.1 1.0123 0.1 0.1 0.4 0.4 
0.2 0.1 1.0105 0.1 0.1 0.4 0.4 
0.2 0.1 1.0088 0.1 0.1 0.4 0.4 
0.2 0.1 1.0071 0.1 0.1 0.4 0.4 
0.2 0.1 1.0053 0.1 0.1 0.4 0.4 
0.2 0.1 1.0036 0.1 0.1 0.4 0.4 
0.2 0.1 1.0018 0.1 0.1 0.4 0.4 
0.2 0.1 1.0001 0.1 0.1 0.4 0.4 
0.2 0.1 0.9983 0.1 0.1 0.4 0.4 
0.2 0.1 0.9966 0.1 0.1 0.4 0.4 
0.2 0.1 0.9948 0.1 0.1 0.4 0.4 
0.2 0.1 0.9931 0.1 0.1 0.4 0.4 
0.2 0.1 0.9913 0.1 0.1 0.4 0.4 
0.2 0.1 0.9896 0.1 0.1 0.4 0.4 
0.2 0.1 0.9879 0.1 0.1 0.4 0.4 
0.2 0.1 0.9861 0.1 0.1 0.4 0.4 
0.2 0.1 0.9844 0.1 0.1 0.4 0.4 
0.2 0.1 0.9826 0.1 0.1 0.4 0.4 
0.2 0.1 0.9809 0.1 0.1 0.4 0.4 
0.2 0.1 0.9791 0.1 0.1 0.4 0.4 
0.2 0.1 0.9774 0.1 0.1 0.4 0.4 
0.2 0.1 0.9756 0.1 0.1 0.4 0.4 
0.2 0.1 0.9739 0.1 0.1 0.4 0.4 
0.2 0.1 0.9721 0.1 0.1 0.4 0.4 
0.2 0.1 0.9704 0.1 0.1 0.4 0.4 
0.2 0.1 0.9687 0.1 0.1 0.4 0.4 
0.2 0.1 0.9669 0.1 0.1 0.4 0.4 
0.2 0.1 0.9652 0.1 0.1 0.4 0.4 
0.2 0.1 0.9634 0.1 0.1 0.4 0.4 
0.2 0.1 0.9617 0.1 0.1 0.4 0.4 
0.2 0.1 0.9599 0.1 0.1 0.4 0.4 
0.2 0.1 0.9582 0.1 0.1 0.4 0.4 
0.2 0.1 0.9564 0.1 0.1 0.4 0.4 
0.2 0.1 0.9547 0.1 0.1 0.4 0.4 
0.2 0.1 0.9529 0.1 0.1 0.4 0.4 
0.2 0.1 0.9512 0.1 0.1 0.4 0.4 
0.2 0.1 0.9495 0.1 0.1 0.4 0.4 
0.2 0.1 0.9477 0.1 0.1 0.4 0.4 
0.2 0.1 0.9460 0.1 0.1 0.4 0.4 
0.2 0.1 0.9442 0.1 0.1 0.4 0.4 
0.2 0.1 0.9425 0.1 0.1 0.4 0.4 
0.2 0.1 0.9407 0.1 0.1 0.4 0.4 
0.2 0.1 0.9390 0.1 0.1 0.4 0.4 
0.2 0.1 0.9372 0.1 0.1 0.4 0.4 
0.2 0.1 0.9355 0.1 0.1 0.4 0.4 
0.2 0.1 0.9338 0.1 0.1 0.4 0.4 
0.2 0.1 0.9320 0.1 0.1 0.4 0.4 
0.2 0.1 0.9303 0.1 0.1 0.4 0.4 
0.2 0.1 0.9285 0.1 0.1 0.4 0.4 
0.2 0.1 0.9268 0.1 0.1 0.4 0.4 
0.2 0.1 0.9250 0.1 0.1 0.4 0.4 
0.2 0.1 0.9233 0.1 0.1 0.4 0.4 
0.2 0.1 0.9215 0.1 0.1 0.4 0.4 
0.2 0.1 0.9198 0.1 0.1 0.4 0.4 
0.2 0.1 0.9180 0.1 0.1 0.4 0.4 
0.2 0.1 0.9163 0.1 0.1 0.4 0.4 
0.2 0.1 0.9146 0.1 0.1 0.4 0.4 
0.2 0.1 0.9128 0.1 0.1 0.4 0.4 
0.2 0.1 0.9111 0.1 0.1 0.4 0.4 
0.2 0.1 0.9093 0.1 0.1 0.4 0.4 
0.2 0.1 0.9076 0.1 0.1 0.4 0.4 
0.2 0.1 0.9058 0.1 0.1 0.4 0.4 
0.2 0.1 0.9041 0.1 0.1 0.4 0.4 
0.2 0.1 0.9023 0.1 0.1 0.4 0.4 
0.2 0.1 0.9006 0.1 0.1 0.4 0.4 
0.2 0.1 0.8988 0.1 0.1 0.4 0.4 
0.2 0.1 0.8971 0.1 0.1 0.4 0.4 
0.2 0.1 0.8954 0.1 0.1 0.4 0.4 
0.2 0.1 0.8936 0.1 0.1 0.4 0.4 
0.2 0.1 0.8919 0.1 0.1 0.4 0.4 
0.2 0.1 0.8901 0.1 0.1 0.4 0.4 
0.2 0.1 0.8884 0.1 0.1 0.4 0.4 
0.2 0.1 0.8866 0.1 0.1 0.4 0.4 
0.2 0.1 0.8849 0.1 0.1 0.4 0.4 
0.2 0.1 0.8831 0.1 0.1 0.4 0.4 
0.2 0.1 0.8814 0.1 0.1 0.4 0.4 
0.2 0.1 0.8796 0.1 0.1 0.4 0.4 
0.2 0.1 0.8779 0.1 0.1 0.4 0.4 
0.2 0.1 0.8762 0.1 0.1 0.4 0.4 
0.2 0.1 0.8744 0.1 0.1 0.4 0.4 
0.2 0.1 0.8727 0.1 0.1 0.4 0.4 
0.2 0.1 0.8709 0.1 0.1 0.4 0.4 
0.2 0.1 0.8692 0.1 0.1 0.4 0.4 
0.2 0.1 0.8674 0.1 0.1 0.4 0.4 
0.2 0.1 0.8657 0.1 0.1 0.4 0.4 
0.2 0.1 0.8639 0.1 0.1 0.4 0.4 
0.2 0.1 0.8622 0.1 0.1 0.4 0.4 
0.2 0.1 0.8604 0.1 0.1 0.4 0.4 
0.2 0.1 0.8587 0.1 0.1 0.4 0.4 
0.2 0.1 0.8570 0.1 0.1 0.4 0.4 
0.2 0.1 0.8552 0.1 0.1 0.4 0.4 
0.2 0.1 0.8535 0.1 0.1 0.4 0.4 
0.2 0.1 0.8517 0.1 0.1 0.4 0.4 
0.2 0.1 0.8500 0.1 0.1 0.4 0.4 
0.2 0.1 0.8482 0.1 0.1 0.4 0.4 
0.2 0.1 0.8465 0.1 0.1 0.4 0.4 
0.2 0.1 0.8447 0.1 0.1 0.4 0.4 
0.2 0.1 0.8430 0.1 0.1 0.4 0.4 
0.2 0.1 0.8412 0.1 0.1 0.4 0.4 
0.2 0.1 0.8395 0.1 0.1 0.4 0.4 
0.2 0.1 0.8378 0.1 0.1 0.4 0.4 
0.2 0.1 0.8360 0.1 0.1 0.4 0.4 
0.2 0.1 0.8343 0.1 0.1 0.4 0.4 
0.2 0.1 0.8325 0.1 0.1 0.4 0.4 
0.2 0.1 0.8308 0.1 0.1 0.4 0.4 
0.2 0.1 0.8290 0.1 0.1 0.4 0.4 
0.2 0.1 0.8273 0.1 0.1 0.4 0.4 
0.2 0.1 0.8255 0.1 0.1 0.4 0.4 
0.2 0.1 0.8238 0.1 0.1 0.4 0.4 
0.2 0.1 0.8221 0.1 0.1 0.4 0.4 
0.2 0.1 0.8203 0.1 0.1 0.4 0.4 
0.2 0.1 0.8186 0.1 0.1 0.4 0.4 
0.2 0.1 0.8168 0.1 0.1 0.4 0.4 
0.2 0.1 0.8151 0.1 0.1 0.4 0.4 
0.2 0.1 0.8133 0.1 0.1 0.4 0.4 
0.2 0.1 0.8116 0.1 0.1 0.4 0.4 
0.2 0.1 0.8098 0.1 0.1 0.4 0.4 
0.2 0.1 0.8081 0.1 0.1 0.4 0.4 
0.2 0.1 0.8063 0.1 0.1 0.4 0.4 
0.2 0.1 0.8046 0.1 0.1 0.4 0.4 
0.2 0.1 0.8029 0.1 0.1 0.4 0.4 
0.2 0.1 0.8011 0.1 0.1 0.4 0.4 
0.2 0.1 0.7994 0.1 0.1 0.4 0.4 
0.2 0.1 0.7976 0.1 0.1 0.4 0.4 
0.2 0.1 0.7959 0.1 0.1 0.4 0.4 
0.2 0.1 0.7941 0.1 0.1 0.4 0.4 
0.2 0.1 0.7924 0.1 0.1 0.4 0.4 
0.2 0.1 0.7906 0.1 0.1 0.4 0.4 
0.2 0.1 0.7889 0.1 0.1 0.4 0.4 
0.2 0.1 0.7871 0.1 0.1 0.4 0.4 
0.2 0.1 0.7854 0.1 0.1 0.4 0.4 
0.2 0.1 0.7854 0.1 0.1 0.4 0.4 
0.201 0.1 0.7854 0.1 0.1 0.4 0.4 
0.202 0.1 0.7854 0.1 0.1 0.4 0.4 
0.203 0.1 0.7854 0.1 0.1 0.4 0.4 
0.204 0.1 0.7854 0.1 0.1 0.4 0.4 
0.205 0.1 0.7854 0.1 0.1 0.4 0.4 
0.206 0.1 0.7854 0.1 0.1 0.4 0.4 
0.207 0.1 0.7854 0.1 0.1 0.4 0.4 
0.208 0.1 0.7854 0.1 0.1 0.4 0.4 
0.209 0.1 0.7854 0.1 0.1 0.4 0.4 
0.21 0.1 0.7854 0.1 0.1 0.4 0.4 
0.21 0.1 0.7854 0.1 0.1 0.4 0.4 
0.21 0.1 0.7837 0.1 0.1 0.4 0.4 
0.21 0.1 0.7819 0.1 0.1 0.4 0.4 
0.21 0.1 0.7802 0.1 0.1 0.4 0.4 
0.21 0.1 0.7784 0.1 0.1 0.4 0.4 
0.21 0.1 0.7767 0.1 0.1 0.4 0.4 
0.21 0.1 0.7749 0.1 0.1 0.4 0.4 
0.21 0.1 0.7732 0.1 0.1 0.4 0.4 
0.21 0.1 0.7714 0.1 0.1 0.4 0.4 
0.21 0.1 0.7697 0.1 0.1 0.4 0.4 
0.21 0.1 0.7679 0.1 0.1 0.4 0.4 
0.21 0.1 0.7662 0.1 0.1 0.4 0.4 
0.21 0.1 0.7645 0.1 0.1 0.4 0.4 
0.21 0.1 0.7627 0.1 0.1 0.4 0.4 
0.21 0.1 0.7610 0.1 0.1 0.4 0.4 
0.21 0.1 0.7592 0.1 0.1 0.4 0.4 
0.21 0.1 0.7575 0.1 0.1 0.4 0.4 
0.21 0.1 0.7557 0.1 0.1 0.4 0.4 
0.21 0.1 0.7540 0.1 0.1 0.4 0.4 
0.21 0.1 0.7522 0.1 0.1 0.4 0.4 
0.21 0.1 0.7505 0.1 0.1 0.4 0.4 
0.21 0.1 0.7487 0.1 0.1 0.4 0.4 
0.21 0.1 0.7470 0.1 0.1 0.4 0.4 
0.21 0.1 0.7453 0.1 0.1 0.4 0.4 
0.21 0.1 0.7435 0.1 0.1 0.4 0.4 
0.21 0.1 0.7418 0.1 0.1 0.4 0.4 
0.21 0.1 0.7400 0.1 0.1 0.4 0.4 
0.21 0.1 0.7383 0.1 0.1 0.4 0.4 
0.21 0.1 0.7365 0.1 0.1 0.4 0.4 
0.21 0.1 0.7348 0.1 0.1 0.4 0.4 
0.21 0.1 0.7330 0.1 0.1 0.4 0.4 
0.21 0.1 0.7313 0.1 0.1 0.4 0.4 
0.21 0.1 0.7295 0.1 0.1 0.4 0.4 
0.21 0.1 0.7278 0.1 0.1 0.4 0.4 
0.21 0.1 0.7261 0.1 0.1 0.4 0.4 
0.21 0.1 0.7243 0.1 0.1 0.4 0.4 
0.21 0.1 0.7226 0.1 0.1 0.4 0.4 
0.21 0.1 0.7208 0.1 0.1 0.4 0.4 
0.21 0.1 0.7191 0.1 0.1 0.4 0.4 
0.21 0.1 0.7173 0.1 0.1 0.4 0.4 
0.21 0.1 0.7156 0.1 0.1 0.4 0.4 
0.21 0.1 0.7138 0.1 0.1 0.4 0.4 
0.21 0.1 0.7121 0.1 0.1 0.4 0.4 
0.21 0.1 0.7103 0.1 0.1 0.4 0.4 
0.21 0.1 0.7086 0.1 0.1 0.4 0.4 
0.21 0.1 0.7069 0.1 0.1 0.4 0.4 
0.21 0.1 0.7051 0.1 0.1 0.4 0.4 
0.21 0.1 0.7034 0.1 0.1 0.4 0.4 
0.21 0.1 0.7016 0.1 0.1 0.4 0.4 
0.21 0.1 0.6999 0.1 0.1 0.4 0.4 
0.21 0.1 0.6981 0.1 0.1 0.4 0.4 
0.21 0.1 0.6964 0.1 0.1 0.4 0.4 
0.21 0.1 0.6946 0.1 0.1 0.4 0.4 
0.21 0.1 0.6929 0.1 0.1 0.4 0.4 
0.21 0.1 0.6912 0.1 0.1 0.4 0.4 
0.21 0.1 0.6894 0.1 0.1 0.4 0.4 
0.21 0.1 0.6877 0.1 0.1 0.4 0.4 
0.21 0.1 0.6859 0.1 0.1 0.4 0.4 
0.21 0.1 0.6842 0.1 0.1 0.4 0.4 
0.21 0.1 0.6824 0.1 0.1 0.4 0.4 
0.21 0.1 0.6807 0.1 0.1 0.4 0.4 
0.21 0.1 0.6789 0.1 0.1 0.4 0.4 
0.21 0.1 0.6772 0.1 0.1 0.4 0.4 
0.21 0.1 0.6754 0.1 0.1 0.4 0.4 
0.21 0.1 0.6737 0.1 0.1 0.4 0.4 
0.21 0.1 0.6720 0.1 0.1 0.4 0.4 
0.21 0.1 0.6702 0.1 0.1 0.4 0.4 
0.21 0.1 0.6685 0.1 0.1 0.4 0.4 
0.21 0.1 0.6667 0.1 0.1 0.4 0.4 
0.21 0.1 0.6650 0.1 0.1 0.4 0.4 
0.21 0.1 0.6632 0.1 0.1 0.4 0.4 
0.21 0.1 0.6615 0.1 0.1 0.4 0.4 
0.21 0.1 0.6597 0.1 0.1 0.4 0.4 
0.21 0.1 0.6580 0.1 0.1 0.4 0.4 
0.21 0.1 0.6562 0.1 0.1 0.4 0.4 
0.21 0.1 0.6545 0.1 0.1 0.4 0.4 
0.21 0.1 0.6528 0.1 0.1 0.4 0.4 
0.21 0.1 0.6510 0.1 0.1 0.4 0.4 
0.21 0.1 0.6493 0.1 0.1 0.4 0.4 
0.21 0.1 0.6475 0.1 0.1 0.4 0.4 
0.21 0.1 0.6458 0.1 0.1 0.4 0.4 
0.21 0.1 0.6440 0.1 0.1 0.4 0.4 
0.21 0.1 0.6423 0.1 0.1 0.4 0.4 
0.21 0.1 0.6405 0.1 0.1 0.4 0.4 
0.21 0.1 0.6388 0.1 0.1 0.4 0.4 
0.21 0.1 0.6370 0.1 0.1 0.4 0.4 
0.21 0.1 0.6353 0.1 0.1 0.4 0.4 
0.21 0.1 0.6336 0.1 0.1 0.4 0.4 
0.21 0.1 0.6318 0.1 0.1 0.4 0.4 
0.21 0.1 0.6301 0.1 0.1 0.4 0.4 
0.21 0.1 0.6283 0.1 0.1 0.4 0.4 
0.21 0.1 0.6266 0.1 0.1 0.4 0.4 
0.21 0.1 0.6248 0.1 0.1 0.4 0.4 
0.21 0.1 0.6231 0.1 0.1 0.4 0.4 
0.21 0.1 0.6213 0.1 0.1 0.4 0.4 
0.21 0.1 0.6196 0.1 0.1 0.4 0.4 
0.21 0.1 0.6178 0.1 0.1 0.4 0.4 
0.21 0.1 0.6161 0.1 0.1 0.4 0.4 
0.21 0.1 0.6144 0.1 0.1 0.4 0.4 
0.21 0.1 0.6126 0.1 0.1 0.4 0.4 
0.21 0.1 0.6109 0.1 0.1 0.4 0.4 
0.21 0.1 0.6091 0.1 0.1 0.4 0.4 
0.21 0.1 0.6074 0.1 0.1 0.4 0.4 
0.21 0.1 0.6056 0.1 0.1 0.4 0.4 
0.21 0.1 0.6039 0.1 0.1 0.4 0.4 
0.21 0.1 0.6021 0.1 0.1 0.4 0.4 
0.21 0.1 0.6004 0.1 0.1 0.4 0.4 
0.21 0.1 0.5986 0.1 0.1 0.4 0.4 
0.21 0.1 0.5969 0.1 0.1 0.4 0.4 
0.21 0.1 0.5952 0.1 0.1 0.4 0.4 
0.21 0.1 0.5934 0.1 0.1 0.4 0.4 
0.21 0.1 0.5917 0.1 0.1 0.4 0.4 
0.21 0.1 0.5899 0.1 0.1 0.4 0.4 
0.21 0.1 0.5882 0.1 0.1 0.4 0.4 
0.21 0.1 0.5864 0.1 0.1 0.4 0.4 
0.21 0.1 0.5847 0.1 0.1 0.4 0.4 
0.21 0.1 0.5829 0.1 0.1 0.4 0.4 
0.21 0.1 0.5812 0.1 0.1 0.4 0.4 
0.21 0.1 0.5794 0.1 0.1 0.4 0.4 
0.21 0.1 0.5777 0.1 0.1 0.4 0.4 
0.21 0.1 0.5760 0.1 0.1 0.4 0.4 
0.21 0.1 0.5742 0.1 0.1 0.4 0.4 
0.21 0.1 0.5725 0.1 0.1 0.4 0.4 
0.21 0.1 0.5707 0.1 0.1 0.4 0.4 
0.21 0.1 0.5690 0.1 0.1 0.4 0.4 
0.21 0.1 0.5672 0.1 0.1 0.4 0.4 
0.21 0.1 0.5655 0.1 0.1 0.4 0.4 
0.21 0.1 0.5637 0.1 0.1 0.4 0.4 
0.21 0.1 0.5620 0.1 0.1 0.4 0.4 
0.21 0.1 0.5603 0.1 0.1 0.4 0.4 
0.21 0.1 0.5585 0.1 0.1 0.4 0.4 
0.21 0.1 0.5568 0.1 0.1 0.4 0.4 
0.21 0.1 0.5550 0.1 0.1 0.4 0.4 
0.21 0.1 0.5533 0.1 0.1 0.4 0.4 
0.21 0.1 0.5515 0.1 0.1 0.4 0.4 
0.21 0.1 0.5498 0.1 0.1 0.4 0.4 
0.21 0.1 0.5480 0.1 0.1 0.4 0.4 
0.21 0.1 0.5463 0.1 0.1 0.4 0.4 
0.21 0.1 0.5445 0.1 0.1 0.4 0.4 
0.21 0.1 0.5428 0.1 0.1 0.4 0.4 
0.21 0.1 0.5411 0.1 0.1 0.4 0.4 
0.21 0.1 0.5393 0.1 0.1 0.4 0.4 
0.21 0.1 0.5376 0.1 0.1 0.4 0.4 
0.21 0.1 0.5358 0.1 0.1 0.4 0.4 
0.21 0.1 0.5341 0.1 0.1 0.4 0.4 
0.21 0.1 0.5323 0.1 0.1 0.4 0.4 
0.21 0.1 0.5306 0.1 0.1 0.4 0.4 
0.21 0.1 0.5288 0.1 0.1 0.4 0.4 
0.21 0.1 0.5271 0.1 0.1 0.4 0.4 
0.21 0.1 0.5253 0.1 0.1 0.4 0.4 
0.21 0.1 0.5236 0.1 0.1 0.4 0.4 
0.21 0.1 0.5219 0.1 0.1 0.4 0.4 
0.21 0.1 0.5201 0.1 0.1 0.4 0.4 
0.21 0.1 0.5184 0.1 0.1 0.4 0.4 
0.21 0.1 0.5166 0.1 0.1 0.4 0.4 
0.21 0.1 0.5149 0.1 0.1 0.4 0.4 
0.21 0.1 0.5131 0.1 0.1 0.4 0.4 
0.21 0.1 0.5114 0.1 0.1 0.4 0.4 
0.21 0.1 0.5096 0.1 0.1 0.4 0.4 
0.21 0.1 0.5079 0.1 0.1 0.4 0.4 
0.21 0.1 0.5061 0.1 0.1 0.4 0.4 
0.21 0.1 0.5044 0.1 0.1 0.4 0.4 
0.21 0.1 0.5027 0.1 0.1 0.4 0.4 
0.21 0.1 0.5009 0.1 0.1 0.4 0.4 
0.21 0.1 0.4992 0.1 0.1 0.4 0.4 
0.21 0.1 0.4974 0.1 0.1 0.4 0.4 
0.21 0.1 0.4957 0.1 0.1 0.4 0.4 
0.21 0.1 0.4939 0.1 0.1 0.4 0.4 
0.21 0.1 0.4922 0.1 0.1 0.4 0.4 
0.21 0.1 0.4904 0.1 0.1 0.4 0.4 
0.21 0.1 0.4887 0.1 0.1 0.4 0.4 
0.21 0.1 0.4869 0.1 0.1 0.4 0.4 
0.21 0.1 0.4852 0.1 0.1 0.4 0.4 
0.21 0.1 0.4835 0.1 0.1 0.4 0.4 
0.21 0.1 0.4817 0.1 0.1 0.4 0.4 
0.21 0.1 0.4800 0.1 0.1 0.4 0.4 
0.21 0.1 0.4782 0.1 0.1 0.4 0.4 
0.21 0.1 0.4765 0.1 0.1 0.4 0.4 
0.21 0.1 0.4747 0.1 0.1 0.4 0.4 
0.21 0.1 0.4730 0.1 0.1 0.4 0.4 
0.21 0.1 0.4712 0.1 0.1 0.4 0.4 
0.21 0.1 0.4695 0.1 0.1 0.4 0.4 
0.21 0.1 0.4677 0.1 0.1 0.4 0.4 
0.21 0.1 0.4660 0.1 0.1 0.4 0.4 
0.21 0.1 0.4643 0.1 0.1 0.4 0.4 
0.21 0.1 0.4625 0.1 0.1 0.4 0.4 
0.21 0.1 0.4608 0.1 0.1 0.4 0.4 
0.21 0.1 0.4590 0.1 0.1 0.4 0.4 
0.21 0.1 0.4573 0.1 0.1 0.4 0.4 
0.21 0.1 0.4555 0.1 0.1 0.4 0.4 
0.21 0.1 0.4538 0.1 0.1 0.4 0.4 
0.21 0.1 0.4520 0.1 0.1 0.4 0.4 
0.21 0.1 0.4503 0.1 0.1 0.4 0.4 
0.21 0.1 0.4485 0.1 0.1 0.4 0.4 
0.21 0.1 0.4468 0.1 0.1 0.4 0.4 
0.21 0.1 0.4451 0.1 0.1 0.4 0.4 
0.21 0.1 0.4433 0.1 0.1 0.4 0.4 
0.21 0.1 0.4416 0.1 0.1 0.4 0.4 
0.21 0.1 0.4398 0.1 0.1 0.4 0.4 
0.21 0.1 0.4381 0.1 0.1 0.4 0.4 
0.21 0.1 0.4363 0.1 0.1 0.4 0.4 
0.21 0.1 0.4346 0.1 0.1 0.4 0.4 
0.21 0.1 0.4328 0.1 0.1 0.4 0.4 
0.21 0.1 0.4311 0.1 0.1 0.4 0.4 
0.21 0.1 0.4294 0.1 0.1 0.4 0.4 
0.21 0.1 0.4276 0.1 0.1 0.4 0.4 
0.21 0.1 0.4259 0.1 0.1 0.4 0.4 
0.21 0.1 0.4241 0.1 0.1 0.4 0.4 
0.21 0.1 0.4224 0.1 0.1 0.4 0.4 
0.21 0.1 0.4206 0.1 0.1 0.4 0.4 
0.21 0.1 0.4189 0.1 0.1 0.4 0.4 
0.21 0.1 0.4171 0.1 0.1 0.4 0.4 
0.21 0.1 0.4154 0.1 0.1 0.4 0.4 
0.21 0.1 0.4136 0.1 0.1 0.4 0.4 
0.21 0.1 0.4119 0.1 0.1 0.4 0.4 
0.21 0.1 0.4102 0.1 0.1 0.4 0.4 
0.21 0.1 0.4084 0.1 0.1 0.4 0.4 
0.21 0.1 0.4067 0.1 0.1 0.4 0.4 
0.21 0.1 0.4049 0.1 0.1 0.4 0.4 
0.21 0.1 0.4032 0.1 0.1 0.4 0.4 
0.21 0.1 0.4014 0.1 0.1 0.4 0.4 
0.21 0.1 0.3997 0.1 0.1 0.4 0.4 
0.21 0.1 0.3979 0.1 0.1 0.4 0.4 
0.21 0.1 0.3962 0.1 0.1 0.4 0.4 
0.21 0.1 0.3944 0.1 0.1 0.4 0.4 
0.21 0.1 0.3927 0.1 0.1 0.4 0.4 
0.21 0.1 0.3910 0.1 0.1 0.4 0.4 
0.21 0.1 0.3892 0.1 0.1 0.4 0.4 
0.21 0.1 0.3875 0.1 0.1 0.4 0.4 
0.21 0.1 0.3857 0.1 0.1 0.4 0.4 
0.21 0.1 0.3840 0.1 0.1 0.4 0.4 
0.21 0.1 0.3822 0.1 0.1 0.4 0.4 
0.21 0.1 0.3805 0.1 0.1 0.4 0.4 
0.21 0.1 0.3787 0.1 0.1 0.4 0.4 
0.21 0.1 0.3770 0.1 0.1 0.4 0.4 
0.21 0.1 0.3752 0.1 0.1 0.4 0.4 
0.21 0.1 0.3735 0.1 0.1 0.4 0.4 
0.21 0.1 0.3718 0.1 0.1 0.4 0.4 
0.21 0.1 0.3700 0.1 0.1 0.4 0.4 
0.21 0.1 0.3683 0.1 0.1 0.4 0.4 
0.21 0.1 0.3665 0.1 0.1 0.4 0.4 
0.21 0.1 0.3648 0.1 0.1 0.4 0.4 
0.21 0.1 0.3630 0.1 0.1 0.4 0.4 
0.21 0.1 0.3613 0.1 0.1 0.4 0.4 
0.21 0.1 0.3595 0.1 0.1 0.4 0.4 
0.21 0.1 0.3578 0.1 0.1 0.4 0.4 
0.21 0.1 0.3560 0.1 0.1 0.4 0.4 
0.21 0.1 0.3543 0.1 0.1 0.4 0.4 
0.21 0.1 0.3526 0.1 0.1 0.4 0.4 
0.21 0.1 0.3508 0.1 0.1 0.4 0.4 
0.21 0.1 0.3491 0.1 0.1 0.4 0.4 
0.21 0.1 0.3473 0.1 0.1 0.4 0.4 
0.21 0.1 0.3456 0.1 0.1 0.4 0.4 
0.21 0.1 0.3438 0.1 0.1 0.4 0.4 
0.21 0.1 0.3421 0.1 0.1 0.4 0.4 
0.21 0.1 0.3403 0.1 0.1 0.4 0.4 
0.21 0.1 0.3386 0.1 0.1 0.4 0.4 
0.21 0.1 0.3368 0.1 0.1 0.4 0.4 
0.21 0.1 0.3351 0.1 0.1 0.4 0.4 
0.21 0.1 0.3334 0.1 0.1 0.4 0.4 
0.21 0.1 0.3316 0.1 0.1 0.4 0.4 
0.21 0.1 0.3299 0.1 0.1 0.4 0.4 
0.21 0.1 0.3281 0.1 0.1 0.4 0.4 
0.21 0.1 0.3264 0.1 0.1 0.4 0.4 
0.21 0.1 0.3246 0.1 0.1 0.4 0.4 
0.21 0.1 0.3229 0.1 0.1 0.4 0.4 
0.21 0.1 0.3211 0.1 0.1 0.4 0.4 
0.21 0.1 0.3194 0.1 0.1 0.4 0.4 
0.21 0.1 0.3176 0.1 0.1 0.4 0.4 
0.21 0.1 0.3159 0.1 0.1 0.4 0.4 
0.21 0.1 0.3142 0.1 0.1 0.4 0.4 
0.21 0.1 0.3124 0.1 0.1 0.4 0.4 
0.21 0.1 0.3107 0.1 0.1 0.4 0.4 
0.21 0.1 0.3089 0.1 0.1 0.4 0.4 
0.21 0.1 0.3072 0.1 0.1 0.4 0.4 
0.21 0.1 0.3054 0.1 0.1 0.4 0.4 
0.21 0.1 0.3037 0.1 0.1 0.4 0.4 
0.21 0.1 0.3019 0.1 0.1 0.4 0.4 
0.21 0.1 0.3002 0.1 0.1 0.4 0.4 
0.21 0.1 0.2985 0.1 0.1 0.4 0.4 
0.21 0.1 0.2967 0.1 0.1 0.4 0.4 
0.21 0.1 0.2950 0.1 0.1 0.4 0.4 
0.21 0.1 0.2932 0.1 0.1 0.4 0.4 
0.21 0.1 0.2915 0.1 0.1 0.4 0.4 
0.21 0.1 0.2897 0.1 0.1 0.4 0.4 
0.21 0.1 0.2880 0.1 0.1 0.4 0.4 
0.21 0.1 0.2862 0.1 0.1 0.4 0.4 
0.21 0.1 0.2845 0.1 0.1 0.4 0.4 
0.21 0.1 0.2827 0.1 0.1 0.4 0.4 
0.21 0.1 0.2810 0.1 0.1 0.4 0.4 
0.21 0.1 0.2793 0.1 0.1 0.4 0.4 
0.21 0.1 0.2775 0.1 0.1 0.4 0.4 
0.21 0.1 0.2758 0.1 0.1 0.4 0.4 
0.21 0.1 0.2740 0.1 0.1 0.4 0.4 
0.21 0.1 0.2723 0.1 0.1 0.4 0.4 
0.21 0.1 0.2705 0.1 0.1 0.4 0.4 
0.21 0.1 0.2688 0.1 0.1 0.4 0.4 
0.21 0.1 0.2670 0.1 0.1 0.4 0.4 
0.21 0.1 0.2653 0.1 0.1 0.4 0.4 
0.21 0.1 0.2635 0.1 0.1 0.4 0.4 
0.21 0.1 0.2618 0.1 0.1 0.4 0.4 
0.21 0.1 0.2601 0.1 0.1 0.4 0.4 
0.21 0.1 0.2583 0.1 0.1 0.4 0.4 
0.21 0.1 0.2566 0.1 0.1 0.4 0.4 
0.21 0.1 0.2548 0.1 0.1 0.4 0.4 
0.21 0.1 0.2531 0.1 0.1 0.4 0.4 
0.21 0.1 0.2513 0.1 0.1 0.4 0.4 
0.21 0.1 0.2496 0.1 0.1 0.4 0.4 
0.21 0.1 0.2478 0.1 0.1 0.4 0.4 
0.21 0.1 0.2461 0.1 0.1 0.4 0.4 
0.21 0.1 0.2443 0.1 0.1 0.4 0.4 
0.21 0.1 0.2426 0.1 0.1 0.4 0.4 
0.21 0.1 0.2409 0.1 0.1 0.4 0.4 
0.21 0.1 0.2391 0.1 0.1 0.4 0.4 
0.21 0.1 0.2374 0.1 0.1 0.4 0.4 
0.21 0.1 0.2356 0.1 0.1 0.4 0.4 
0.21 0.1 0.2339 0.1 0.1 0.4 0.4 
0.21 0.1 0.2321 0.1 0.1 0.4 0.4 
0.21 0.1 0.2304 0.1 0.1 0.4 0.4 
0.21 0.1 0.2286 0.1 0.1 0.4 0.4 
0.21 0.1 0.2269 0.1 0.1 0.4 0.4 
0.21 0.1 0.2251 0.1 0.1 0.4 0.4 
0.21 0.1 0.2234 0.1 0.1 0.4 0.4 
0.21 0.1 0.2217 0.1 0.1 0.4 0.4 
0.21 0.1 0.2199 0.1 0.1 0.4 0.4 
0.21 0.1 0.2182 0.1 0.1 0.4 0.4 
0.21 0.1 0.2164 0.1 0.1 0.4 0.4 
0.21 0.1 0.2147 0.1 0.1 0.4 0.4 
0.21 0.1 0.2129 0.1 0.1 0.4 0.4 
0.21 0.1 0.2112 0.1 0.1 0.4 0.4 
0.21 0.1 0.2094 0.1 0.1 0.4 0.4 
0.21 0.1 0.2077 0.1 0.1 0.4 0.4 
0.21 0.1 0.2059 0.1 0.1 0.4 0.4 
0.21 0.1 0.2042 0.1 0.1 0.4 0.4 
0.21 0.1 0.2025 0.1 0.1 0.4 0.4 
0.21 0.1 0.2007 0.1 0.1 0.4 0.4 
0.21 0.1 0.1990 0.1 0.1 0.4 0.4 
0.21 0.1 0.1972 0.1 0.1 0.4 0.4 
0.21 0.1 0.1955 0.1 0.1 0.4 0.4 
0.21 0.1 0.1937 0.1 0.1 0.4 0.4 
0.21 0.1 0.1920 0.1 0.1 0.4 0.4 
0.21 0.1 0.1902 0.1 0.1 0.4 0.4 
0.21 0.1 0.1885 0.1 0.1 0.4 0.4 
0.21 0.1 0.1868 0.1 0.1 0.4 0.4 
0.21 0.1 0.1850 0.1 0.1 0.4 0.4 
0.21 0.1 0.1833 0.1 0.1 0.4 0.4 
0.21 0.1 0.1815 0.1 0.1 0.4 0.4 
0.21 0.1 0.1798 0.1 0.1 0.4 0.4 
0.21 0.1 0.1780 0.1 0.1 0.4 0.4 
0.21 0.1 0.1763 0.1 0.1 0.4 0.4 
0.21 0.1 0.1745 0.1 0.1 0.4 0.4 
0.21 0.1 0.1728 0.1 0.1 0.4 0.4 
0.21 0.1 0.1710 0.1 0.1 0.4 0.4 
0.21 0.1 0.1693 0.1 0.1 0.4 0.4 
0.21 0.1 0.1676 0.1 0.1 0.4 0.4 
0.21 0.1 0.1658 0.1 0.1 0.4 0.4 
0.21 0.1 0.1641 0.1 0.1 0.4 0.4 
0.21 0.1 0.1623 0.1 0.1 0.4 0.4 
0.21 0.1 0.1606 0.1 0.1 0.4 0.4 
0.21 0.1 0.1588 0.1 0.1 0.4 0.4 
0.21 0.1 0.1571 0.1 0.1 0.4 0.4 
0.21 0.1 0.1553 0.1 0.1 0.4 0.4 
0.21 0.1 0.1536 0.1 0.1 0.4 0.4 
0.21 0.1 0.1518 0.1 0.1 0.4 0.4 
0.21 0.1 0.1501 0.1 0.1 0.4 0.4 
0.21 0.1 0.1484 0.1 0.1 0.4 0.4 
0.21 0.1 0.1466 0.1 0.1 0.4 0.4 
0.21 0.1 0.1449 0.1 0.1 0.4 0.4 
0.21 0.1 0.1431 0.1 0.1 0.4 0.4 
0.21 0.1 0.1414 0.1 0.1 0.4 0.4 
0.21 0.1 0.1396 0.1 0.1 0.4 0.4 
0.21 0.1 0.1379 0.1 0.1 0.4 0.4 
0.21 0.1 0.1361 0.1 0.1 0.4 0.4 
0.21 0.1 0.1344 0.1 0.1 0.4 0.4 
0.21 0.1 0.1326 0.1 0.1 0.4 0.4 
0.21 0.1 0.1309 0.1 0.1 0.4 0.4 
0.21 0.1 0.1292 0.1 0.1 0.4 0.4 
0.21 0.1 0.1274 0.1 0.1 0.4 0.4 
0.21 0.1 0.1257 0.1 0.1 0.4 0.4 
0.21 0.1 0.1239 0.1 0.1 0.4 0.4 
0.21 0.1 0.1222 0.1 0.1 0.4 0.4 
0.21 0.1 0.1204 0.1 0.1 0.4 0.4 
0.21 0.1 0.1187 0.1 0.1 0.4 0.4 
0.21 0.1 0.1169 0.1 0.1 0.4 0.4 
0.21 0.1 0.1152 0.1 0.1 0.4 0.4 
0.21 0.1 0.1134 0.1 0.1 0.4 0.4 
0.21 0.1 0.1117 0.1 0.1 0.4 0.4 
0.21 0.1 0.1100 0.1 0.1 0.4 0.4 
0.21 0.1 0.1082 0.1 0.1 0.4 0.4 
0.21 0.1 0.1065 0.1 0.1 0.4 0.4 
0.21 0.1 0.1047 0.1 0.1 0.4 0.4 
0.21 0.1 0.1030 0.1 0.1 0.4 0.4 
0.21 0.1 0.1012 0.1 0.1 0.4 0.4 
0.21 0.1 0.0995 0.1 0.1 0.4 0.4 
0.21 0.1 0.0977 0.1 0.1 0.4 0.4 
0.21 0.1 0.0960 0.1 0.1 0.4 0.4 
0.21 0.1 0.0942 0.1 0.1 0.4 0.4 
0.21 0.1 0.0925 0.1 0.1 0.4 0.4 
0.21 0.1 0.0908 0.1 0.1 0.4 0.4 
0.21 0.1 0.0890 0.1 0.1 0.4 0.4 
0.21 0.1 0.0873 0.1 0.1 0.4 0.4 
0.21 0.1 0.0855 0.1 0.1 0.4 0.4 
0.21 0.1 0.0838 0.1 0.1 0.4 0.4 
0.21 0.1 0.0820 0.1 0.1 0.4 0.4 
0.21 0.1 0.0803 0.1 0.1 0.4 0.4 
0.21 0.1 0.0785 0.1 0.1 0.4 0.4 
0.21 0.1 0.0768 0.1 0.1 0.4 0.4 
0.21 0.1 0.0750 0.1 0.1 0.4 0.4 
0.21 0.1 0.0733 0.1 0.1 0.4 0.4 
0.21 0.1 0.0716 0.1 0.1 0.4 0.4 
0.21 0.1 0.0698 0.1 0.1 0.4 0.4 
0.21 0.1 0.0681 0.1 0.1 0.4 0.4 
0.21 0.1 0.0663 0.1 0.1 0.4 0.4 
0.21 0.1 0.0646 0.1 0.1 0.4 0.4 
0.21 0.1 0.0628 0.1 0.1 0.4 0.4 
0.21 0.1 0.0611 0.1 0.1 0.4 0.4 
0.21 0.1 0.0593 0.1 0.1 0.4 0.4 
0.21 0.1 0.0576 0.1 0.1 0.4 0.4 
0.21 0.1 0.0559 0.1 0.1 0.4 0.4 
0.21 0.1 0.0541 0.1 0.1 0.4 0.4 
0.21 0.1 0.0524 0.1 0.1 0.4 0.4 
0.21 0.1 0.0506 0.1 0.1 0.4 0.4 
0.21 0.1 0.0489 0.1 0.1 0.4 0.4 
0.21 0.1 0.0471 0.1 0.1 0.4 0.4 
0.21 0.1 0.0454 0.1 0.1 0.4 0.4 
0.21 0.1 0.0436 0.1 0.1 0.4 0.4 
0.21 0.1 0.0419 0.1 0.1 0.4 0.4 
0.21 0.1 0.0401 0.1 0.1 0.4 0.4 
0.21 0.1 0.0384 0.1 0.1 0.4 0.4 
0.21 0.1 0.0367 0.1 0.1 0.4 0.4 
0.21 0.1 0.0349 0.1 0.1 0.4 0.4 
0.21 0.1 0.0332 0.1 0.1 0.4 0.4 
0.21 0.1 0.0314 0.1 0.1 0.4 0.4 
0.21 0.1 0.0297 0.1 0.1 0.4 0.4 
0.21 0.1 0.0279 0.1 0.1 0.4 0.4 
0.21 0.1 0.0262 0.1 0.1 0.4 0.4 
0.21 0.1 0.0244 0.1 0.1 0.4 0.4 
0.21 0.1 0.0227 0.1 0.1 0.4 0.4 
0.21 0.1 0.0209 0.1 0.1 0.4 0.4 
0.21 0.1 0.0192 0.1 0.1 0.4 0.4 
0.21 0.1 0.0175 0.1 0.1 0.4 0.4 
0.21 0.1 0.0157 0.1 0.1 0.4 0.4 
0.21 0.1 0.0140 0.1 0.1 0.4 0.4 
0.21 0.1 0.0122 0.1 0.1 0.4 0.4 
0.21 0.1 0.0105 0.1 0.1 0.4 0.4 
0.21 0.1 0.0087 0.1 0.1 0.4 0.4 
0.21 0.1 0.0070 0.1 0.1 0.4 0.4 
0.21 0.1 0.0052 0.1 0.1 0.4 0.4 
0.21 0.1 0.0035 0.1 0.1 0.4 0.4 
0.21 0.1 0.0017 0.1 0.1 0.4 0.4 
0.21 0.1 0.0000 0.1 0.1 0.4 0.4 
0.21 0.1 0.0000 0.1 0.1 0.4 0.4 
0.21 0.099 0.0000 0.1 0.1 0.4 0.4 
0.21 0.098 0.0000 0.1 0.1 0.4 0.4 
0.21 0.097 0.0000 0.1 0.1 0.4 0.4 
0.21 0.096 0.0000 0.1 0.1 0.4 0.4 
0.21 0.095 0.0000 0.1 0.1 0.4 0.4 
0.21 0.094 0.0000 0.1 0.1 0.4 0.4 
0.21 0.093 0.0000 0.1 0.1 0.4 0.4 
0.21 0.092 0.0000 0.1 0.1 0.4 0.4 
0.21 0.091 0.0000 0.1 0.1 0.4 0.4 
0.21 0.09 0.0000 0.1 0.1 0.4 0.4 
0.21 0.09 0.0000 0.1 0.1 0.4 0.4 
0.21 0.089 0.0000 0.1 0.1 0.4 0.4 
0.21 0.088 0.0000 0.1 0.1 0.4 0.4 
0.21 0.087 0.0000 0.1 0.1 0.4 0.4 
0.21 0.086 0.0000 0.1 0.1 0.4 0.4 
0.21 0.085 0.0000 0.1 0.1 0.4 0.4 
0.21 0.084 0.0000 0.1 0.1 0.4 0.4 
0.21 0.083 0.0000 0.1 0.1 0.4 0.4 
0.21 0.082 0.0000 0.1 0.1 0.4 0.4 
0.21 0.081 0.0000 0.1 0.1 0.4 0.4 
0.21 0.08 0.0000 0.1 0.1 0.4 0.4 
0.21 0.08 0.0000 0.1 0.1 0.4 0.4 
0.21 0.079 0.0000 0.1 0.1 0.4 0.4 
0.21 0.078 0.0000 0.1 0.1 0.4 0.4 
0.21 0.077 0.0000 0.1 0.1 0.4 0.4 
0.21 0.076 0.0000 0.1 0.1 0.4 0.4 
0.21 0.075 0.0000 0.1 0.1 0.4 0.4 
0.21 0.074 0.0000 0.1 0.1 0.4 0.4 
0.21 0.073 0.0000 0.1 0.1 0.4 0.4 
0.21 0.072 0.0000 0.1 0.1 0.4 0.4 
0.21 0.071 0.0000 0.1 0.1 0.4 0.4 
0.21 0.07 0.0000 0.1 0.1 0.4 0.4 
0.21 0.07 0.0000 0.1 0.1 0.4 0.4 
0.21 0.069 0.0000 0.1 0.1 0.4 0.4 
0.21 0.068 0.0000 0.1 0.1 0.4 0.4 
0.21 0.067 0.0000 0.1 0.1 0.4 0.4 
0.21 0.066 0.0000 0.1 0.1 0.4 0.4 
0.21 0.065 0.0000 0.1 0.1 0.4 0.4 
0.21 0.064 0.0000 0.1 0.1 0.4 0.4 
0.21 0.063 0.0000 0.1 0.1 0.4 0.4 
0.21 0.062 0.0000 0.1 0.1 0.4 0.4 
0.21 0.061 0.0000 0.1 0.1 0.4 0.4 
0.21 0.06 0.0000 0.1 0.1 0.4 0.4 
0.21 0.06 0.0000 0.1 0.1 0.4 0.4 
0.21 0.059 0.0000 0.1 0.1 0.4 0.4 
0.21 0.058 0.0000 0.1 0.1 0.4 0.4 
0.21 0.057 0.0000 0.1 0.1 0.4 0.4 
0.21 0.056 0.0000 0.1 0.1 0.4 0.4 
0.21 0.055 0.0000 0.1 0.1 0.4 0.4 
0.21 0.054 0.0000 0.1 0.1 0.4 0.4 
0.21 0.053 0.0000 0.1 0.1 0.4 0.4 
0.21 0.052 0.0000 0.1 0.1 0.4 0.4 
0.21 0.051 0.0000 0.1 0.1 0.4 0.4 
0.21 0.05 0.0000 0.1 0.1 0.4 0.4 
0.21 0.05 0.0000 0.1 0.1 0.4 0.4 
0.21 0.049 0.0000 0.1 0.1 0.4 0.4 
0.21 0.048 0.0000 0.1 0.1 0.4 0.4 
0.21 0.047 0.0000 0.1 0.1 0.4 0.4 
0.21 0.046 0.0000 0.1 0.1 0.4 0.4 
0.21 0.045 0.0000 0.1 0.1 0.4 0.4 
0.21 0.044 0.0000 0.1 0.1 0.4 0.4 
0.21 0.043 0.0000 0.1 0.1 0.4 0.4 
0.21 0.042 0.0000 0.1 0.1 0.4 0.4 
0.21 0.041 0.0000 0.1 0.1 0.4 0.4 
0.21 0.04 0.0000 0.1 0.1 0.4 0.4 
0.21 0.04 0.0000 0.1 0.1 0.4 0.4 
0.209 0.04 0.0000 0.1 0.1 0.4 0.4 
0.208 0.04 0.0000 0.1 0.1 0.4 0.4 
0.207 0.04 0.0000 0.1 0.1 0.4 0.4 
0.206 0.04 0.0000 0.1 0.1 0.4 0.4 
0.205 0.04 0.0000 0.1 0.1 0.4 0.4 
0.204 0.04 0.0000 0.1 0.1 0.4 0.4 
0.203 0.04 0.0000 0.1 0.1 0.4 0.4 
0.202 0.04 0.0000 0.1 0.1 0.4 0.4 
0.201 0.04 0.0000 0.1 0.1 0.4 0.4 
0.2 0.04 0.0000 0.1 0.1 0.4 0.4 
0.2 0.04 0.0000 0.1 0.1 0.4 0.4 
0.199 0.04 0.0000 0.1 0.1 0.4 0.4 
0.198 0.04 0.0000 0.1 0.1 0.4 0.4 
0.197 0.04 0.0000 0.1 0.1 0.4 0.4 
0.196 0.04 0.0000 0.1 0.1 0.4 0.4 
0.195 0.04 0.0000 0.1 0.1 0.4 0.4 
0.194 0.04 0.0000 0.1 0.1 0.4 0.4 
0.193 0.04 0.0000 0.1 0.1 0.4 0.4 
0.192 0.04 0.0000 0.1 0.1 0.4 0.4 
0.191 0.04 0.0000 0.1 0.1 0.4 0.4 
0.19 0.04 0.0000 0.1 0.1 0.4 0.4 
0.19 0.04 0.0000 0.1 0.1 0.4 0.4 
0.189 0.04 0.0000 0.1 0.1 0.4 0.4 
0.188 0.04 0.0000 0.1 0.1 0.4 0.4 
0.187 0.04 0.0000 0.1 0.1 0.4 0.4 
0.186 0.04 0.0000 0.1 0.1 0.4 0.4 
0.185 0.04 0.0000 0.1 0.1 0.4 0.4 
0.184 0.04 0.0000 0.1 0.1 0.4 0.4 
0.183 0.04 0.0000 0.1 0.1 0.4 0.4 
0.182 0.04 0.0000 0.1 0.1 0.4 0.4 
0.181 0.04 0.0000 0.1 0.1 0.4 0.4 
0.18 0.04 0.0000 0.1 0.1 0.4 0.4 
0.18 0.04 0.0000 0.1 0.1 0.4 0.4 
0.179 0.04 0.0000 0.1 0.1 0.4 0.4 
0.178 0.04 0.0000 0.1 0.1 0.4 0.4 
0.177 0.04 0.0000 0.1 0.1 0.4 0.4 
0.176 0.04 0.0000 0.1 0.1 0.4 0.4 
0.175 0.04 0.0000 0.1 0.1 0.4 0.4 
0.174 0.04 0.0000 0.1 0.1 0.4 0.4 
0.173 0.04 0.0000 0.1 0.1 0.4 0.4 
0.172 0.04 0.0000 0.1 0.1 0.4 0.4 
0.171 0.04 0.0000 0.1 0.1 0.4 0.4 
0.17 0.04 0.0000 0.1 0.1 0.4 0.4 
0.17 0.04 0.0000 0.1 0.1 0.4 0.4 
0.169 0.04 0.0000 0.1 0.1 0.4 0.4 
0.168 0.04 0.0000 0.1 0.1 0.4 0.4 
0.167 0.04 0.0000 0.1 0.1 0.4 0.4 
0.166 0.04 0.0000 0.1 0.1 0.4 0.4 
0.165 0.04 0.0000 0.1 0.1 0.4 0.4 
0.164 0.04 0.0000 0.1 0.1 0.4 0.4 
0.163 0.04 0.0000 0.1 0.1 0.4 0.4 
0.162 0.04 0.0000 0.1 0.1 0.4 0.4 
0.161 0.04 0.0000 0.1 0.1 0.4 0.4 
0.16 0.04 0.0000 0.1 0.1 0.4 0.4 
0.16 0.04 0.0000 0.1 0.1 0.4 0.4 
0.159 0.04 0.0000 0.1 0.1 0.4 0.4 
0.158 0.04 0.0000 0.1 0.1 0.4 0.4 
0.157 0.04 0.0000 0.1 0.1 0.4 0.4 
0.156 0.04 0.0000 0.1 0.1 0.4 0.4 
0.155 0.04 0.0000 0.1 0.1 0.4 0.4 
0.154 0.04 0.0000 0.1 0.1 0.4 0.4 
0.153 0.04 0.0000 0.1 0.1 0.4 0.4 
0.152 0.04 0.0000 0.1 0.1 0.4 0.4 
0.151 0.04 0.0000 0.1 0.1 0.4 0.4 
0.15 0.04 0.0000 0.1 0.1 0.4 0.4 
0.15 0.04 0.0000 0.1 0.1 0.4 0.4 
0.149 0.04 0.0000 0.1 0.1 0.4 0.4 
0.148 0.04 0.0000 0.1 0.1 0.4 0.4 
0.147 0.04 0.0000 0.1 0.1 0.4 0.4 
0.146 0.04 0.0000 0.1 0.1 0.4 0.4 
0.145 0.04 0.0000 0.1 0.1 0.4 0.4 
0.144 0.04 0.0000 0.1 0.1 0.4 0.4 
0.143 0.04 0.0000 0.1 0.1 0.4 0.4 
0.142 0.04 0.0000 0.1 0.1 0.4 0.4 
0.141 0.04 0.0000 0.1 0.1 0.4 0.4 
0.14 0.04 0.0000 0.1 0.1 0.4 0.4 
0.14 0.04 0.0000 0.1 0.1 0.4 0.4 
0.139 0.04 0.0000 0.1 0.1 0.4 0.4 
0.138 0.04 0.0000 0.1 0.1 0.4 0.4 
0.137 0.04 0.0000 0.1 0.1 0.4 0.4 
0.136 0.04 0.0000 0.1 0.1 0.4 0.4 
0.135 0.04 0.0000 0.1 0.1 0.4 0.4 
0.134 0.04 0.0000 0.1 0.1 0.4 0.4 
0.133 0.04 0.0000 0.1 0.1 0.4 0.4 
0.132 0.04 0.0000 0.1 0.1 0.4 0.4 
0.131 0.04 0.0000 0.1 0.1 0.4 0.4 
0.13 0.04 0.0000 0.1 0.1 0.4 0.4 
0.13 0.04 0.0000 0.1 0.1 0.4 0.4 
0.129 0.04 0.0000 0.1 0.1 0.4 0.4 
0.128 0.04 0.0000 0.1 0.1 0.4 0.4 
0.127 0.04 0.0000 0.1 0.1 0.4 0.4 
0.126 0.04 0.0000 0.1 0.1 0.4 0.4 
0.125 0.04 0.0000 0.1 0.1 0.4 0.4 
0.124 0.04 0.0000 0.1 0.1 0.4 0.4 
0.123 0.04 0.0000 0.1 0.1 0.4 0.4 
0.122 0.04 0.0000 0.1 0.1 0.4 0.4 
0.121 0.04 0.0000 0.1 0.1 0.4 0.4 
0.12 0.04 0.0000 0.1 0.1 0.4 0.4 
0.12 0.04 0.0000 0.1 0.1 0.4 0.4 
0.119 0.04 0.0000 0.1 0.1 0.4 0.4 
0.118 0.04 0.0000 0.1 0.1 0.4 0.4 
0.117 0.04 0.0000 0.1 0.1 0.4 0.4 
0.116 0.04 0.0000 0.1 0.1 0.4 0.4 
0.115 0.04 0.0000 0.1 0.1 0.4 0.4 
0.114 0.04 0.0000 0.1 0.1 0.4 0.4 
0.113 0.04 0.0000 0.1 0.1 0.4 0.4 
0.112 0.04 0.0000 0.1 0.1 0.4 0.4 
0.111 0.04 0.0000 0.1 0.1 0.4 0.4 
0.11 0.04 0.0000 0.1 0.1 0.4 0.4 
0.11 0.04 0.0000 0.1 0.1 0.4 0.4 
0.109 0.04 0.0000 0.1 0.1 0.4 0.4 
0.108 0.04 0.0000 0.1 0.1 0.4 0.4 
0.107 0.04 0.0000 0.1 0.1 0.4 0.4 
0.106 0.04 0.0000 0.1 0.1 0.4 0.4 
0.105 0.04 0.0000 0.1 0.1 0.4 0.4 
0.104 0.04 0.0000 0.1 0.1 0.4 0.4 
0.103 0.04 0.0000 0.1 0.1 0.4 0.4 
0.102 0.04 0.0000 0.1 0.1 0.4 0.4 
0.101 0.04 0.0000 0.1 0.1 0.4 0.4 
0.1 0.04 0.0000 0.1 0.1 0.4 0.4 
0.1 0.041 0.0000 0.1 0.1 0.4 0.4 
0.1 0.042 0.0000 0.1 0.1 0.4 0.4 
0.1 0.043 0.0000 0.1 0.1 0.4 0.4 
0.1 0.044 0.0000 0.1 0.1 0.4 0.4 
0.1 0.045 0.0000 0.1 0.1 0.4 0.4 
0.1 0.046 0.0000 0.1 0.1 0.4 0.4 
0.1 0.047 0.0000 0.1 0.1 0.4 0.4 
0.1 0.048 0.0000 0.1 0.1 0.4 0.4 
0.1 0.049 0.0000 0.1 0.1 0.4 0.4 
0.1 0.05 0.0000 0.1 0.1 0.4 0.4 
0.1 0.051 0.0000 0.1 0.101 0.4 0.4 
0.1 0.052 0.0000 0.1 0.102 0.4 0.4 
0.1 0.053 0.0000 0.1 0.103 0.4 0.4 
0.1 0.054 0.0000 0.1 0.104 0.4 0.4 
0.1 0.055 0.0000 0.1 0.105 0.4 0.4 
0.1 0.056 0.0000 0.1 0.106 0.4 0.4 
0.1 0.057 0.0000 0.1 0.107 0.4 0.4 
0.1 0.058 0.0000 0.1 0.108 0.4 0.4 
0.1 0.059 0.0000 0.1 0.109 0.4 0.4 
0.1 0.06 0.0000 0.1 0.11 0.4 0.4 
0.1 0.06 0.0000 0.1 0.11 0.4 0.4 
0.1 0.061 0.0000 0.1 0.111 0.4 0.4 
0.1 0.062 0.0000 0.1 0.112 0.4 0.4 
0.1 0.063 0.0000 0.1 0.113 0.4 0.4 
0.1 0.064 0.0000 0.1 0.114 0.4 0.4 
0.1 0.065 0.0000 0.1 0.115 0.4 0.4 
0.1 0.066 0.0000 0.1 0.116 0.4 0.4 
0.1 0.067 0.0000 0.1 0.117 0.4 0.4 
0.1 0.068 0.0000 0.1 0.118 0.4 0.4 
0.1 0.069 0.0000 0.1 0.119 0.4 0.4 
0.1 0.07 0.0000 0.1 0.12 0.4 0.4 
0.1 0.07 0.0000 0.1 0.12 0.4 0.4 
0.1 0.071 0.0000 0.1 0.121 0.4 0.4 
0.1 0.072 0.0000 0.1 0.122 0.4 0.4 
0.1 0.073 0.0000 0.1 0.123 0.4 0.4 
0.1 0.074 0.0000 0.1 0.124 0.4 0.4 
0.1 0.075 0.0000 0.1 0.125 0.4 0.4 
0.1 0.076 0.0000 0.1 0.126 0.4 0.4 
0.1 0.077 0.0000 0.1 0.127 0.4 0.4 
0.1 0.078 0.0000 0.1 0.128 0.4 0.4 
0.1 0.079 0.0000 0.1 0.129 0.4 0.4 
0.1 0.08 0.0000 0.1 0.13 0.4 0.4 
0.1 0.08 0.0000 0.1 0.13 0.4 0.4 
0.1 0.081 0.0000 0.1 0.131 0.4 0.4 
0.1 0.082 0.0000 0.1 0.132 0.4 0.4 
0.1 0.083 0.0000 0.1 0.133 0.4 0.4 
0.1 0.084 0.0000 0.1 0.134 0.4 0.4 
0.1 0.085 0.0000 0.1 0.135 0.4 0.4 
0.1 0.086 0.0000 0.1 0.136 0.4 0.4 
0.1 0.087 0.0000 0.1 0.137 0.4 0.4 
0.1 0.088 0.0000 0.1 0.138 0.4 0.4 
0.1 0.089 0.0000 0.1 0.139 0.4 0.4 
0.1 0.09 0.0000 0.1 0.14 0.4 0.4 
0.1 0.09 0.0000 0.1 0.14 0.4 0.4 
0.1 0.091 0.0000 0.1 0.141 0.4 0.4 
0.1 0.092 0.0000 0.1 0.142 0.4 0.4 
0.1 0.093 0.0000 0.1 0.143 0.4 0.4 
0.1 0.094 0.0000 0.1 0.144 0.4 0.4 
0.1 0.095 0.0000 0.1 0.145 0.4 0.4 
0.1 0.096 0.0000 0.1 0.146 0.4 0.4 
0.1 0.097 0.0000 0.1 0.147 0.4 0.4 
0.1 0.098 0.0000 0.1 0.148 0.4 0.4 
0.1 0.099 0.0000 0.1 0.149 0.4 0.4 
0.1 0.1 0.0000 0.1 0.15 0.4 0.4 
0.1 0.1 0.0000 0.1 0.15 0.4 0.4 
0.1 0.101 0.0000 0.1 0.151 0.4 0.4 
0.1 0.102 0.0000 0.1 0.152 0.4 0.4 
0.1 0.103 0.0000 0.1 0.153 0.4 0.4 
0.1 0.104 0.0000 0.1 0.154 0.4 0.4 
0.1 0.105 0.0000 0.1 0.155 0.4 0.4 
0.1 0.106 0.0000 0.1 0.156 0.4 0.4 
0.1 0.107 0.0000 0.1 0.157 0.4 0.4 
0.1 0.108 0.0000 0.1 0.158 0.4 0.4 
0.1 0.109 0.0000 0.1 0.159 0.4 0.4 
0.1 0.11 0.0000 0.1 0.16 0.4 0.4 
0.1 0.11 0.0000 0.1 0.16 0.4 0.4 
0.1 0.111 0.0000 0.1 0.161 0.4 0.4 
0.1 0.112 0.0000 0.1 0.162 0.4 0.4 
0.1 0.113 0.0000 0.1 0.163 0.4 0.4 
0.1 0.114 0.0000 0.1 0.164 0.4 0.4 
0.1 0.115 0.0000 0.1 0.165 0.4 0.4 
0.1 0.116 0.0000 0.1 0.166 0.4 0.4 
0.1 0.117 0.0000 0.1 0.167 0.4 0.4 
0.1 0.118 0.0000 0.1 0.168 0.4 0.4 
0.1 0.119 0.0000 0.1 0.169 0.4 0.4 
0.1 0.12 0.0000 0.1 0.17 0.4 0.4 
0.1 0.12 0.0000 0.1 0.17 0.4 0.4 
0.1 0.121 0.0000 0.1 0.171 0.4 0.4 
0.1 0.122 0.0000 0.1 0.172 0.4 0.4 
0.1 0.123 0.0000 0.1 0.173 0.4 0.4 
0.1 0.124 0.0000 0.1 0.174 0.4 0.4 
0.1 0.125 0.0000 0.1 0.175 0.4 0.4 
0.1 0.126 0.0000 0.1 0.176 0.4 0.4 
0.1 0.127 0.0000 0.1 0.177 0.4 0.4 
0.1 0.128 0.0000 0.1 0.178 0.4 0.4 
0.1 0.129 0.0000 0.1 0.179 0.4 0.4 
0.1 0.13 0.0000 0.1 0.18 0.4 0.4 
0.1 0.13 0.0000 0.1 0.18 0.4 0.4 
0.1 0.131 0.0000 0.1 0.181 0.4 0.4 
0.1 0.132 0.0000 0.1 0.182 0.4 0.4 
0.1 0.133 0.0000 0.1 0.183 0.4 0.4 
0.1 0.134 0.0000 0.1 0.184 0.4 0.4 
0.1 0.135 0.0000 0.1 0.185 0.4 0.4 
0.1 0.136 0.0000 0.1 0.186 0.4 0.4 
0.1 0.137 0.0000 0.1 0.187 0.4 0.4 
0.1 0.138 0.0000 0.1 0.188 0.4 0.4 
0.1 0.139 0.0000 0.1 0.189 0.4 0.4 
0.1 0.14 0.0000 0.1 0.19 0.4 0.4 
0.1 0.14 0.0000 0.1 0.19 0.4 0.4 
0.1 0.141 0.0000 0.1 0.191 0.4 0.4 
0.1 0.142 0.0000 0.1 0.192 0.4 0.4 
0.1 0.143 0.0000 0.1 0.193 0.4 0.4 
0.1 0.144 0.0000 0.1 0.194 0.4 0.4 
0.1 0.145 0.0000 0.1 0.195 0.4 0.4 
0.1 0.146 0.0000 0.1 0.196 0.4 0.4 
0.1 0.147 0.0000 0.1 0.197 0.4 0.4 
0.1 0.148 0.0000 0.1 0.198 0.4 0.4 
0.1 0.149 0.0000 0.1 0.199 0.4 0.4 
0.1 0.15 0.0000 0.1 0.2 0.4 0.4 
0.1 0.15 0.0000 0.1 0.2 0.4 0.4 
0.1 0.151 0.0000 0.1 0.201 0.4 0.4 
0.1 0.152 0.0000 0.1 0.202 0.4 0.4 
0.1 0.153 0.0000 0.1 0.203 0.4 0.4 
0.1 0.154 0.0000 0.1 0.204 0.4 0.4 
0.1 0.155 0.0000 0.1 0.205 0.4 0.4 
0.1 0.156 0.0000 0.1 0.206 0.4 0.4 
0.1 0.157 0.0000 0.1 0.207 0.4 0.4 
0.1 0.158 0.0000 0.1 0.208 0.4 0.4 
0.1 0.159 0.0000 0.1 0.209 0.4 0.4 
0.1 0.16 0.0000 0.1 0.21 0.4 0.4 
0.1 0.16 0.0000 0.1 0.21 0.4 0.4 
0.1 0.161 0.0000 0.1 0.211 0.4 0.4 
0.1 0.162 0.0000 0.1 0.212 0.4 0.4 
0.1 0.163 0.0000 0.1 0.213 0.4 0.4 
0.1 0.164 0.0000 0.1 0.214 0.4 0.4 
0.1 0.165 0.0000 0.1 0.215 0.4 0.4 
0.1 0.166 0.0000 0.1 0.216 0.4 0.4 
0.1 0.167 0.0000 0.1 0.217 0.4 0.4 
0.1 0.168 0.0000 0.1 0.218 0.4 0.4 
0.1 0.169 0.0000 0.1 0.219 0.4 0.4 
0.1 0.17 0.0000 0.1 0.22 0.4 0.4 
0.1 0.17 0.0000 0.1 0.22 0.4 0.4 
0.1 0.171 0.0000 0.1 0.221 0.4 0.4 
0.1 0.172 0.0000 0.1 0.222 0.4 0.4 
0.1 0.173 0.0000 0.1 0.223 0.4 0.4 
0.1 0.174 0.0000 0.1 0.224 0.4 0.4 
0.1 0.175 0.0000 0.1 0.225 0.4 0.4 
0.1 0.176 0.0000 0.1 0.226 0.4 0.4 
0.1 0.177 0.0000 0.1 0.227 0.4 0.4 
0.1 0.178 0.0000 0.1 0.228 0.4 0.4 
0.1 0.179 0.0000 0.1 0.229 0.4 0.4 
0.1 0.18 0.0000 0.1 0.23 0.4 0.4 
0.1 0.18 0.0000 0.1 0.23 0.4 0.4 
0.1 0.181 0.0000 0.1 0.231 0.4 0.4 
0.1 0.182 0.0000 0.1 0.232 0.4 0.4 
0.1 0.183 0.0000 0.1 0.233 0.4 0.4 
0.1 0.184 0.0000 0.1 0.234 0.4 0.4 
0.1 0.185 0.0000 0.1 0.235 0.4 0.4 
0.1 0.186 0.0000 0.1 0.236 0.4 0.4 
0.1 0.187 0.0000 0.1 0.237 0.4 0.4 
0.1 0.188 0.0000 0.1 0.238 0.4 0.4 
0.1 0.189 0.0000 0.1 0.239 0.4 0.4 
0.1 0.19 0.0000 0.1 0.24 0.4 0.4 
0.1 0.19 0.0000 0.1 0.24 0.4 0.4 
0.1 0.191 0.0000 0.1 0.241 0.4 0.4 
0.1 0.192 0.0000 0.1 0.242 0.4 0.4 
0.1 0.193 0.0000 0.1 0.243 0.4 0.4 
0.1 0.194 0.0000 0.1 0.244 0.4 0.4 
0.1 0.195 0.0000 0.1 0.245 0.4 0.4 
0.1 0.196 0.0000 0.1 0.246 0.4 0.4 
0.1 0.197 0.0000 0.1 0.247 0.4 0.4 
0.1 0.198 0.0000 0.1 0.248 0.4 0.4 
0.1 0.199 0.0000 0.1 0.249 0.4 0.4 
0.1 0.2 0.0000 0.1 0.25 0.4 0.4 
0.1 0.2 0.0000 0.1 0.25 0.4 0.4 
0.1 0.201 0.0000 0.1 0.251 0.4 0.4 
0.1 0.202 0.0000 0.1 0.252 0.4 0.4 
0.1 0.203 0.0000 0.1 0.253 0.4 0.4 
0.1 0.204 0.0000 0.1 0.254 0.4 0.4 
0.1 0.205 0.0000 0.1 0.255 0.4 0.4 
0.1 0.206 0.0000 0.1 0.256 0.4 0.4 
0.1 0.207 0.0000 0.1 0.257 0.4 0.4 
0.1 0.208 0.0000 0.1 0.258 0.4 0.4 
0.1 0.209 0.0000 0.1 0.259 0.4 0.4 
0.1 0.21 0.0000 0.1 0.26 0.4 0.4 
0.1 0.21 0.0000 0.1 0.26 0.4 0.4 
0.1 0.211 0.0000 0.1 0.261 0.4 0.4 
0.1 0.212 0.0000 0.1 0.262 0.4 0.4 
0.1 0.213 0.0000 0.1 0.263 0.4 0.4 
0.1 0.214 0.0000 0.1 0.264 0.4 0.4 
0.1 0.215 0.0000 0.1 0.265 0.4 0.4 
0.1 0.216 0.0000 0.1 0.266 0.4 0.4 
0.1 0.217 0.0000 0.1 0.267 0.4 0.4 
0.1 0.218 0.0000 0.1 0.268 0.4 0.4 
0.1 0.219 0.0000 0.1 0.269 0.4 0.4 
0.1 0.22 0.0000 0.1 0.27 0.4 0.4 
0.1 0.22 0.0000 0.1 0.27 0.4 0.4 
0.1 0.221 0.0000 0.1 0.271 0.4 0.4 
0.1 0.222 0.0000 0.1 0.272 0.4 0.4 
0.1 0.223 0.0000 0.1 0.273 0.4 0.4 
0.1 0.224 0.0000 0.1 0.274 0.4 0.4 
0.1 0.225 0.0000 0.1 0.275 0.4 0.4 
0.1 0.226 0.0000 0.1 0.276 0.4 0.4 
0.1 0.227 0.0000 0.1 0.277 0.4 0.4 
0.1 0.228 0.0000 0.1 0.278 0.4 0.4 
0.1 0.229 0.0000 0.1 0.279 0.4 0.4 
0.1 0.23 0.0000 0.1 0.28 0.4 0.4 
0.1 0.23 0.0000 0.1 0.28 0.4 0.4 
0.1 0.231 0.0000 0.1 0.281 0.4 0.4 
0.1 0.232 0.0000 0.1 0.282 0.4 0.4 
0.1 0.233 0.0000 0.1 0.283 0.4 0.4 
0.1 0.234 0.0000 0.1 0.284 0.4 0.4 
0.1 0.235 0.0000 0.1 0.285 0.4 0.4 
0.1 0.236 0.0000 0.1 0.286 0.4 0.4 
0.1 0.237 0.0000 0.1 0.287 0.4 0.4 
0.1 0.238 0.0000 0.1 0.288 0.4 0.4 
0.1 0.239 0.0000 0.1 0.289 0.4 0.4 
0.1 0.24 0.0000 0.1 0.29 0.4 0.4 
0.1 0.24 0.0000 0.1 0.29 0.4 0.4 
0.1 0.241 0.0000 0.1 0.291 0.4 0.4 
0.1 0.242 0.0000 0.1 0.292 0.4 0.4 
0.1 0.243 0.0000 0.1 0.293 0.4 0.4 
0.1 0.244 0.0000 0.1 0.294 0.4 0.4 
0.1 0.245 0.0000 0.1 0.295 0.4 0.4 
0.1 0.246 0.0000 0.1 0.296 0.4 0.4 
0.1 0.247 0.0000 0.1 0.297 0.4 0.4 
0.1 0.248 0.0000 0.1 0.298 0.4 0.4 
0.1 0.249 0.0000 0.1 0.299 0.4 0.4 
0.1 0.25 0.0000 0.1 0.3 0.4 0.4 
